<?xml version="1.0" encoding="UTF-8"?>
<coverage generated="1787776957">
  <project timestamp="1787776957" name="Clover Coverage">
    <file name="/home/wwwroot/erikwang2013/xhprof-webman/src/Core/Contract/CacheInterface.php">
      <metrics loc="19" ncloc="19" classes="0" methods="0" coveredmethods="0" conditionals="0" coveredconditionals="0" statements="0" coveredstatements="0" elements="0" coveredelements="0"/>
    </file>
    <file name="/home/wwwroot/erikwang2013/xhprof-webman/src/Core/Contract/ConfigInterface.php">
      <metrics loc="11" ncloc="11" classes="0" methods="0" coveredmethods="0" conditionals="0" coveredconditionals="0" statements="0" coveredstatements="0" elements="0" coveredelements="0"/>
    </file>
    <file name="/home/wwwroot/erikwang2013/xhprof-webman/src/Core/Contract/LoggerInterface.php">
      <metrics loc="11" ncloc="11" classes="0" methods="0" coveredmethods="0" conditionals="0" coveredconditionals="0" statements="0" coveredstatements="0" elements="0" coveredelements="0"/>
    </file>
    <file name="/home/wwwroot/erikwang2013/xhprof-webman/src/Core/Contract/RequestInterface.php">
      <metrics loc="18" ncloc="18" classes="0" methods="0" coveredmethods="0" conditionals="0" coveredconditionals="0" statements="0" coveredstatements="0" elements="0" coveredelements="0"/>
    </file>
    <file name="/home/wwwroot/erikwang2013/xhprof-webman/src/Core/Contract/ResponseInterface.php">
      <metrics loc="15" ncloc="15" classes="0" methods="0" coveredmethods="0" conditionals="0" coveredconditionals="0" statements="0" coveredstatements="0" elements="0" coveredelements="0"/>
    </file>
    <package name="ErikWang2013\Xhprof\Core">
      <file name="/home/wwwroot/erikwang2013/xhprof-webman/src/Core/StaticController.php">
        <class name="ErikWang2013\Xhprof\Core\StaticController" namespace="ErikWang2013\Xhprof\Core">
          <metrics complexity="17" methods="4" coveredmethods="2" conditionals="0" coveredconditionals="0" statements="29" coveredstatements="27" elements="33" coveredelements="29"/>
        </class>
        <line num="15" type="method" name="getPackageRoot" visibility="public" complexity="1" crap="1" count="15"/>
        <line num="17" type="stmt" count="15"/>
        <line num="20" type="method" name="getAssetsPath" visibility="public" complexity="1" crap="1" count="13"/>
        <line num="22" type="stmt" count="13"/>
        <line num="25" type="method" name="serve" visibility="public" complexity="8" crap="8.02" count="25"/>
        <line num="27" type="stmt" count="25"/>
        <line num="28" type="stmt" count="25"/>
        <line num="29" type="stmt" count="14"/>
        <line num="32" type="stmt" count="12"/>
        <line num="33" type="stmt" count="12"/>
        <line num="34" type="stmt" count="0"/>
        <line num="37" type="stmt" count="12"/>
        <line num="38" type="stmt" count="12"/>
        <line num="39" type="stmt" count="12"/>
        <line num="41" type="stmt" count="12"/>
        <line num="42" type="stmt" count="6"/>
        <line num="45" type="stmt" count="6"/>
        <line num="46" type="stmt" count="6"/>
        <line num="47" type="stmt" count="6"/>
        <line num="50" type="method" name="getPathFromRequest" visibility="private" complexity="7" crap="7.02" count="25"/>
        <line num="52" type="stmt" count="25"/>
        <line num="53" type="stmt" count="25"/>
        <line num="54" type="stmt" count="0"/>
        <line num="56" type="stmt" count="25"/>
        <line num="57" type="stmt" count="25"/>
        <line num="58" type="stmt" count="2"/>
        <line num="60" type="stmt" count="23"/>
        <line num="61" type="stmt" count="23"/>
        <line num="62" type="stmt" count="5"/>
        <line num="64" type="stmt" count="19"/>
        <line num="65" type="stmt" count="19"/>
        <line num="66" type="stmt" count="8"/>
        <line num="68" type="stmt" count="12"/>
        <metrics loc="71" ncloc="71" classes="1" methods="4" coveredmethods="2" conditionals="0" coveredconditionals="0" statements="29" coveredstatements="27" elements="33" coveredelements="29"/>
      </file>
      <file name="/home/wwwroot/erikwang2013/xhprof-webman/src/Core/Xhprof.php">
        <class name="ErikWang2013\Xhprof\Core\Xhprof" namespace="ErikWang2013\Xhprof\Core">
          <metrics complexity="48" methods="11" coveredmethods="10" conditionals="0" coveredconditionals="0" statements="109" coveredstatements="93" elements="120" coveredelements="103"/>
        </class>
        <line num="33" type="method" name="getRequest" visibility="public" complexity="3" crap="3" count="87"/>
        <line num="35" type="stmt" count="87"/>
        <line num="36" type="stmt" count="76"/>
        <line num="38" type="stmt" count="11"/>
        <line num="41" type="method" name="getResponse" visibility="public" complexity="3" crap="3" count="30"/>
        <line num="43" type="stmt" count="30"/>
        <line num="44" type="stmt" count="28"/>
        <line num="46" type="stmt" count="2"/>
        <line num="49" type="method" name="getCache" visibility="public" complexity="3" crap="3" count="41"/>
        <line num="51" type="stmt" count="41"/>
        <line num="52" type="stmt" count="26"/>
        <line num="54" type="stmt" count="15"/>
        <line num="57" type="method" name="getLogger" visibility="public" complexity="3" crap="3" count="14"/>
        <line num="59" type="stmt" count="14"/>
        <line num="60" type="stmt" count="12"/>
        <line num="62" type="stmt" count="2"/>
        <line num="65" type="method" name="getConfig" visibility="public" complexity="3" crap="3" count="201"/>
        <line num="67" type="stmt" count="201"/>
        <line num="68" type="stmt" count="169"/>
        <line num="70" type="stmt" count="33"/>
        <line num="73" type="method" name="index" visibility="public" complexity="16" crap="16" count="36"/>
        <line num="75" type="stmt" count="36"/>
        <line num="76" type="stmt" count="36"/>
        <line num="78" type="stmt" count="36"/>
        <line num="79" type="stmt" count="36"/>
        <line num="80" type="stmt" count="4"/>
        <line num="83" type="stmt" count="32"/>
        <line num="84" type="stmt" count="32"/>
        <line num="85" type="stmt" count="32"/>
        <line num="86" type="stmt" count="32"/>
        <line num="87" type="stmt" count="32"/>
        <line num="88" type="stmt" count="32"/>
        <line num="89" type="stmt" count="24"/>
        <line num="90" type="stmt" count="1"/>
        <line num="92" type="stmt" count="23"/>
        <line num="93" type="stmt" count="23"/>
        <line num="94" type="stmt" count="17"/>
        <line num="98" type="stmt" count="14"/>
        <line num="99" type="stmt" count="5"/>
        <line num="101" type="stmt" count="9"/>
        <line num="102" type="stmt" count="9"/>
        <line num="103" type="stmt" count="9"/>
        <line num="104" type="stmt" count="9"/>
        <line num="105" type="stmt" count="9"/>
        <line num="106" type="stmt" count="9"/>
        <line num="107" type="stmt" count="9"/>
        <line num="108" type="stmt" count="9"/>
        <line num="110" type="stmt" count="9"/>
        <line num="111" type="stmt" count="8"/>
        <line num="113" type="stmt" count="9"/>
        <line num="114" type="stmt" count="9"/>
        <line num="115" type="stmt" count="9"/>
        <line num="116" type="stmt" count="9"/>
        <line num="117" type="stmt" count="9"/>
        <line num="118" type="stmt" count="9"/>
        <line num="119" type="stmt" count="9"/>
        <line num="120" type="stmt" count="9"/>
        <line num="121" type="stmt" count="9"/>
        <line num="122" type="stmt" count="9"/>
        <line num="123" type="stmt" count="9"/>
        <line num="124" type="stmt" count="9"/>
        <line num="125" type="stmt" count="9"/>
        <line num="126" type="stmt" count="9"/>
        <line num="127" type="stmt" count="9"/>
        <line num="128" type="stmt" count="9"/>
        <line num="129" type="stmt" count="9"/>
        <line num="132" type="method" name="deny" visibility="private" complexity="2" crap="2" count="27"/>
        <line num="134" type="stmt" count="27"/>
        <line num="135" type="stmt" count="27"/>
        <line num="136" type="stmt" count="25"/>
        <line num="138" type="stmt" count="2"/>
        <line num="139" type="stmt" count="2"/>
        <line num="142" type="method" name="xhprofStart" visibility="public" complexity="1" crap="1" count="13"/>
        <line num="144" type="stmt" count="13"/>
        <line num="145" type="stmt" count="13"/>
        <line num="148" type="method" name="xhprofStop" visibility="public" complexity="1" crap="1" count="13"/>
        <line num="150" type="stmt" count="13"/>
        <line num="153" type="method" name="bootstrap" visibility="public" complexity="8" crap="8" count="201"/>
        <line num="160" type="stmt" count="201"/>
        <line num="161" type="stmt" count="201"/>
        <line num="162" type="stmt" count="201"/>
        <line num="163" type="stmt" count="201"/>
        <line num="164" type="stmt" count="201"/>
        <line num="165" type="stmt" count="201"/>
        <line num="167" type="stmt" count="4"/>
        <line num="170" type="stmt" count="201"/>
        <line num="171" type="stmt" count="169"/>
        <line num="172" type="stmt" count="169"/>
        <line num="173" type="stmt" count="169"/>
        <line num="174" type="stmt" count="169"/>
        <line num="175" type="stmt" count="169"/>
        <line num="177" type="stmt" count="201"/>
        <line num="180" type="method" name="autoDetect" visibility="private" complexity="5" crap="10.20" count="4"/>
        <line num="182" type="stmt" count="4"/>
        <line num="183" type="stmt" count="0"/>
        <line num="184" type="stmt" count="0"/>
        <line num="185" type="stmt" count="0"/>
        <line num="186" type="stmt" count="0"/>
        <line num="187" type="stmt" count="0"/>
        <line num="188" type="stmt" count="4"/>
        <line num="189" type="stmt" count="0"/>
        <line num="190" type="stmt" count="0"/>
        <line num="191" type="stmt" count="0"/>
        <line num="192" type="stmt" count="0"/>
        <line num="193" type="stmt" count="0"/>
        <line num="194" type="stmt" count="4"/>
        <line num="195" type="stmt" count="0"/>
        <line num="196" type="stmt" count="0"/>
        <line num="197" type="stmt" count="0"/>
        <line num="198" type="stmt" count="0"/>
        <line num="199" type="stmt" count="0"/>
        <line num="200" type="stmt" count="4"/>
        <line num="201" type="stmt" count="4"/>
        <line num="202" type="stmt" count="4"/>
        <line num="203" type="stmt" count="4"/>
        <line num="204" type="stmt" count="3"/>
        <line num="205" type="stmt" count="3"/>
        <line num="206" type="stmt" count="3"/>
        <line num="207" type="stmt" count="3"/>
        <line num="209" type="stmt" count="0"/>
        <metrics loc="213" ncloc="210" classes="1" methods="11" coveredmethods="10" conditionals="0" coveredconditionals="0" statements="109" coveredstatements="93" elements="120" coveredelements="103"/>
      </file>
      <file name="/home/wwwroot/erikwang2013/xhprof-webman/src/Core/XhprofProfiler.php">
        <class name="ErikWang2013\Xhprof\Core\XhprofProfiler" namespace="ErikWang2013\Xhprof\Core">
          <metrics complexity="7" methods="5" coveredmethods="5" conditionals="0" coveredconditionals="0" statements="18" coveredstatements="18" elements="23" coveredelements="23"/>
        </class>
        <line num="11" type="method" name="init" visibility="public" complexity="1" crap="1" count="14"/>
        <line num="15" type="stmt" count="14"/>
        <line num="17" type="method" name="start" visibility="public" complexity="1" crap="1" count="15"/>
        <line num="19" type="stmt" count="15"/>
        <line num="22" type="method" name="stop" visibility="public" complexity="1" crap="1" count="15"/>
        <line num="24" type="stmt" count="15"/>
        <line num="25" type="stmt" count="15"/>
        <line num="28" type="method" name="bootstrap" visibility="public" complexity="2" crap="2" count="201"/>
        <line num="30" type="stmt" count="201"/>
        <line num="31" type="stmt" count="201"/>
        <line num="32" type="stmt" count="1"/>
        <line num="34" type="stmt" count="201"/>
        <line num="35" type="stmt" count="201"/>
        <line num="36" type="stmt" count="201"/>
        <line num="37" type="stmt" count="201"/>
        <line num="38" type="stmt" count="201"/>
        <line num="39" type="stmt" count="201"/>
        <line num="42" type="method" name="isEnabled" visibility="public" complexity="2" crap="2" count="21"/>
        <line num="44" type="stmt" count="21"/>
        <line num="45" type="stmt" count="21"/>
        <line num="46" type="stmt" count="1"/>
        <line num="48" type="stmt" count="20"/>
        <line num="49" type="stmt" count="20"/>
        <metrics loc="52" ncloc="50" classes="1" methods="5" coveredmethods="5" conditionals="0" coveredconditionals="0" statements="18" coveredstatements="18" elements="23" coveredelements="23"/>
      </file>
    </package>
    <package name="ErikWang2013\Xhprof\Core\XhprofLib\Display">
      <file name="/home/wwwroot/erikwang2013/xhprof-webman/src/Core/XhprofLib/Display/XhprofDisplay.php">
        <class name="ErikWang2013\Xhprof\Core\XhprofLib\Display\XhprofDisplay" namespace="ErikWang2013\Xhprof\Core\XhprofLib\Display">
          <metrics complexity="146" methods="26" coveredmethods="21" conditionals="0" coveredconditionals="0" statements="728" coveredstatements="618" elements="754" coveredelements="639"/>
        </class>
        <line num="14" type="method" name="base_path" visibility="public" complexity="1" crap="1" count="17"/>
        <line num="16" type="stmt" count="17"/>
        <line num="17" type="stmt" count="17"/>
        <line num="190" type="method" name="xhprof_include_js_css" visibility="public" complexity="2" crap="2" count="11"/>
        <line num="193" type="stmt" count="11"/>
        <line num="196" type="stmt" count="11"/>
        <line num="197" type="stmt" count="11"/>
        <line num="198" type="stmt" count="11"/>
        <line num="199" type="stmt" count="11"/>
        <line num="200" type="stmt" count="11"/>
        <line num="203" type="stmt" count="11"/>
        <line num="205" type="stmt" count="11"/>
        <line num="206" type="stmt" count="11"/>
        <line num="207" type="stmt" count="11"/>
        <line num="208" type="stmt" count="11"/>
        <line num="209" type="stmt" count="11"/>
        <line num="213" type="method" name="xhprof_count_format" visibility="public" complexity="2" crap="2" count="15"/>
        <line num="215" type="stmt" count="15"/>
        <line num="216" type="stmt" count="15"/>
        <line num="217" type="stmt" count="2"/>
        <line num="220" type="method" name="xhprof_percent_format" visibility="public" complexity="1" crap="1" count="12"/>
        <line num="222" type="stmt" count="12"/>
        <line num="229" type="method" name="xhprof_render_actions" visibility="public" complexity="3" crap="3" count="11"/>
        <line num="231" type="stmt" count="11"/>
        <line num="232" type="stmt" count="11"/>
        <line num="233" type="stmt" count="10"/>
        <line num="234" type="stmt" count="10"/>
        <line num="235" type="stmt" count="10"/>
        <line num="237" type="stmt" count="10"/>
        <line num="240" type="stmt" count="11"/>
        <line num="244" type="method" name="xhprof_render_link" visibility="public" complexity="17" crap="17" count="15"/>
        <line num="259" type="stmt" count="15"/>
        <line num="260" type="stmt" count="14"/>
        <line num="261" type="stmt" count="14"/>
        <line num="262" type="stmt" count="14"/>
        <line num="263" type="stmt" count="14"/>
        <line num="264" type="stmt" count="14"/>
        <line num="265" type="stmt" count="14"/>
        <line num="266" type="stmt" count="14"/>
        <line num="267" type="stmt" count="14"/>
        <line num="268" type="stmt" count="14"/>
        <line num="269" type="stmt" count="14"/>
        <line num="270" type="stmt" count="14"/>
        <line num="271" type="stmt" count="14"/>
        <line num="273" type="stmt" count="14"/>
        <line num="274" type="stmt" count="14"/>
        <line num="275" type="stmt" count="14"/>
        <line num="276" type="stmt" count="13"/>
        <line num="278" type="stmt" count="2"/>
        <line num="281" type="stmt" count="14"/>
        <line num="285" type="method" name="sort_cbk" visibility="public" complexity="7" crap="7" count="10"/>
        <line num="287" type="stmt" count="10"/>
        <line num="288" type="stmt" count="10"/>
        <line num="289" type="stmt" count="10"/>
        <line num="290" type="stmt" count="1"/>
        <line num="291" type="stmt" count="1"/>
        <line num="292" type="stmt" count="1"/>
        <line num="293" type="stmt" count="1"/>
        <line num="295" type="stmt" count="9"/>
        <line num="296" type="stmt" count="9"/>
        <line num="297" type="stmt" count="9"/>
        <line num="298" type="stmt" count="2"/>
        <line num="299" type="stmt" count="2"/>
        <line num="301" type="stmt" count="9"/>
        <line num="302" type="stmt" count="9"/>
        <line num="307" type="method" name="stat_description" visibility="public" complexity="2" crap="2" count="11"/>
        <line num="309" type="stmt" count="11"/>
        <line num="310" type="stmt" count="11"/>
        <line num="311" type="stmt" count="11"/>
        <line num="312" type="stmt" count="11"/>
        <line num="313" type="stmt" count="11"/>
        <line num="314" type="stmt" count="11"/>
        <line num="317" type="method" name="profiler_report" visibility="public" complexity="11" crap="11.51" count="9"/>
        <line num="327" type="stmt" count="9"/>
        <line num="328" type="stmt" count="9"/>
        <line num="329" type="stmt" count="9"/>
        <line num="331" type="stmt" count="9"/>
        <line num="332" type="stmt" count="9"/>
        <line num="334" type="stmt" count="9"/>
        <line num="335" type="stmt" count="2"/>
        <line num="336" type="stmt" count="2"/>
        <line num="338" type="stmt" count="9"/>
        <line num="339" type="stmt" count="9"/>
        <line num="340" type="stmt" count="9"/>
        <line num="341" type="stmt" count="1"/>
        <line num="342" type="stmt" count="1"/>
        <line num="343" type="stmt" count="1"/>
        <line num="344" type="stmt" count="1"/>
        <line num="345" type="stmt" count="1"/>
        <line num="346" type="stmt" count="1"/>
        <line num="347" type="stmt" count="1"/>
        <line num="349" type="stmt" count="9"/>
        <line num="350" type="stmt" count="9"/>
        <line num="351" type="stmt" count="9"/>
        <line num="352" type="stmt" count="9"/>
        <line num="353" type="stmt" count="9"/>
        <line num="355" type="stmt" count="9"/>
        <line num="356" type="stmt" count="9"/>
        <line num="357" type="stmt" count="1"/>
        <line num="358" type="stmt" count="1"/>
        <line num="359" type="stmt" count="1"/>
        <line num="360" type="stmt" count="1"/>
        <line num="361" type="stmt" count="1"/>
        <line num="362" type="stmt" count="1"/>
        <line num="363" type="stmt" count="1"/>
        <line num="364" type="stmt" count="1"/>
        <line num="365" type="stmt" count="1"/>
        <line num="366" type="stmt" count="1"/>
        <line num="367" type="stmt" count="1"/>
        <line num="368" type="stmt" count="1"/>
        <line num="369" type="stmt" count="1"/>
        <line num="370" type="stmt" count="1"/>
        <line num="371" type="stmt" count="1"/>
        <line num="372" type="stmt" count="1"/>
        <line num="373" type="stmt" count="1"/>
        <line num="375" type="stmt" count="1"/>
        <line num="376" type="stmt" count="1"/>
        <line num="377" type="stmt" count="1"/>
        <line num="378" type="stmt" count="1"/>
        <line num="379" type="stmt" count="1"/>
        <line num="380" type="stmt" count="1"/>
        <line num="381" type="stmt" count="1"/>
        <line num="382" type="stmt" count="1"/>
        <line num="383" type="stmt" count="1"/>
        <line num="385" type="stmt" count="8"/>
        <line num="389" type="stmt" count="9"/>
        <line num="390" type="stmt" count="9"/>
        <line num="391" type="stmt" count="1"/>
        <line num="392" type="stmt" count="1"/>
        <line num="393" type="stmt" count="1"/>
        <line num="396" type="stmt" count="1"/>
        <line num="397" type="stmt" count="1"/>
        <line num="398" type="stmt" count="1"/>
        <line num="399" type="stmt" count="1"/>
        <line num="400" type="stmt" count="1"/>
        <line num="401" type="stmt" count="1"/>
        <line num="402" type="stmt" count="1"/>
        <line num="406" type="stmt" count="9"/>
        <line num="407" type="stmt" count="9"/>
        <line num="411" type="stmt" count="9"/>
        <line num="412" type="stmt" count="2"/>
        <line num="413" type="stmt" count="0"/>
        <line num="417" type="stmt" count="2"/>
        <line num="418" type="stmt" count="0"/>
        <line num="419" type="stmt" count="0"/>
        <line num="420" type="stmt" count="0"/>
        <line num="421" type="stmt" count="0"/>
        <line num="422" type="stmt" count="0"/>
        <line num="423" type="stmt" count="0"/>
        <line num="424" type="stmt" count="0"/>
        <line num="425" type="stmt" count="0"/>
        <line num="426" type="stmt" count="0"/>
        <line num="427" type="stmt" count="0"/>
        <line num="428" type="stmt" count="0"/>
        <line num="429" type="stmt" count="0"/>
        <line num="430" type="stmt" count="0"/>
        <line num="431" type="stmt" count="0"/>
        <line num="433" type="stmt" count="2"/>
        <line num="434" type="stmt" count="2"/>
        <line num="435" type="stmt" count="2"/>
        <line num="436" type="stmt" count="2"/>
        <line num="437" type="stmt" count="2"/>
        <line num="438" type="stmt" count="2"/>
        <line num="439" type="stmt" count="2"/>
        <line num="443" type="stmt" count="7"/>
        <line num="445" type="stmt" count="9"/>
        <line num="452" type="method" name="pct" visibility="public" complexity="2" crap="2" count="1"/>
        <line num="454" type="stmt" count="1"/>
        <line num="455" type="stmt" count="1"/>
        <line num="456" type="stmt" count="1"/>
        <line num="466" type="method" name="get_print_class" visibility="public" complexity="4" crap="4" count="13"/>
        <line num="468" type="stmt" count="13"/>
        <line num="469" type="stmt" count="13"/>
        <line num="470" type="stmt" count="13"/>
        <line num="471" type="stmt" count="13"/>
        <line num="472" type="stmt" count="13"/>
        <line num="474" type="stmt" count="13"/>
        <line num="475" type="stmt" count="13"/>
        <line num="476" type="stmt" count="2"/>
        <line num="477" type="stmt" count="2"/>
        <line num="479" type="stmt" count="12"/>
        <line num="482" type="stmt" count="13"/>
        <line num="485" type="stmt" count="13"/>
        <line num="491" type="method" name="print_td_num" visibility="public" complexity="5" crap="5" count="11"/>
        <line num="494" type="stmt" count="11"/>
        <line num="495" type="stmt" count="11"/>
        <line num="496" type="stmt" count="11"/>
        <line num="497" type="stmt" count="10"/>
        <line num="499" type="stmt" count="11"/>
        <line num="501" type="stmt" count="11"/>
        <line num="507" type="method" name="print_td_pct" visibility="public" complexity="2" crap="2" count="11"/>
        <line num="509" type="stmt" count="11"/>
        <line num="510" type="stmt" count="11"/>
        <line num="511" type="stmt" count="11"/>
        <line num="512" type="stmt" count="11"/>
        <line num="520" type="method" name="print_function_info" visibility="public" complexity="4" crap="4" count="8"/>
        <line num="522" type="stmt" count="8"/>
        <line num="524" type="stmt" count="8"/>
        <line num="525" type="stmt" count="8"/>
        <line num="526" type="stmt" count="8"/>
        <line num="527" type="stmt" count="8"/>
        <line num="528" type="stmt" count="8"/>
        <line num="529" type="stmt" count="8"/>
        <line num="532" type="stmt" count="8"/>
        <line num="533" type="stmt" count="8"/>
        <line num="534" type="stmt" count="8"/>
        <line num="536" type="stmt" count="8"/>
        <line num="537" type="stmt" count="8"/>
        <line num="538" type="stmt" count="8"/>
        <line num="539" type="stmt" count="8"/>
        <line num="540" type="stmt" count="8"/>
        <line num="541" type="stmt" count="8"/>
        <line num="543" type="stmt" count="8"/>
        <line num="544" type="stmt" count="8"/>
        <line num="545" type="stmt" count="8"/>
        <line num="546" type="stmt" count="8"/>
        <line num="548" type="stmt" count="8"/>
        <line num="550" type="stmt" count="8"/>
        <line num="551" type="stmt" count="8"/>
        <line num="555" type="stmt" count="8"/>
        <line num="557" type="stmt" count="8"/>
        <line num="558" type="stmt" count="8"/>
        <line num="559" type="stmt" count="8"/>
        <line num="560" type="stmt" count="8"/>
        <line num="561" type="stmt" count="8"/>
        <line num="562" type="stmt" count="8"/>
        <line num="563" type="stmt" count="8"/>
        <line num="564" type="stmt" count="8"/>
        <line num="565" type="stmt" count="8"/>
        <line num="566" type="stmt" count="8"/>
        <line num="569" type="stmt" count="8"/>
        <line num="570" type="stmt" count="8"/>
        <line num="571" type="stmt" count="8"/>
        <line num="572" type="stmt" count="8"/>
        <line num="573" type="stmt" count="8"/>
        <line num="574" type="stmt" count="8"/>
        <line num="575" type="stmt" count="8"/>
        <line num="576" type="stmt" count="8"/>
        <line num="577" type="stmt" count="8"/>
        <line num="578" type="stmt" count="8"/>
        <line num="581" type="stmt" count="8"/>
        <line num="582" type="stmt" count="8"/>
        <line num="590" type="method" name="print_flat_data" visibility="public" complexity="9" crap="9" count="8"/>
        <line num="593" type="stmt" count="8"/>
        <line num="594" type="stmt" count="8"/>
        <line num="595" type="stmt" count="8"/>
        <line num="596" type="stmt" count="8"/>
        <line num="597" type="stmt" count="8"/>
        <line num="598" type="stmt" count="8"/>
        <line num="599" type="stmt" count="4"/>
        <line num="600" type="stmt" count="4"/>
        <line num="602" type="stmt" count="6"/>
        <line num="603" type="stmt" count="6"/>
        <line num="604" type="stmt" count="6"/>
        <line num="605" type="stmt" count="6"/>
        <line num="606" type="stmt" count="6"/>
        <line num="607" type="stmt" count="6"/>
        <line num="608" type="stmt" count="6"/>
        <line num="609" type="stmt" count="6"/>
        <line num="610" type="stmt" count="6"/>
        <line num="615" type="stmt" count="8"/>
        <line num="616" type="stmt" count="8"/>
        <line num="617" type="stmt" count="8"/>
        <line num="619" type="stmt" count="8"/>
        <line num="620" type="stmt" count="8"/>
        <line num="621" type="stmt" count="8"/>
        <line num="622" type="stmt" count="8"/>
        <line num="623" type="stmt" count="8"/>
        <line num="624" type="stmt" count="8"/>
        <line num="626" type="stmt" count="7"/>
        <line num="629" type="stmt" count="8"/>
        <line num="630" type="stmt" count="8"/>
        <line num="631" type="stmt" count="8"/>
        <line num="633" type="stmt" count="8"/>
        <line num="635" type="stmt" count="8"/>
        <line num="636" type="stmt" count="8"/>
        <line num="637" type="stmt" count="8"/>
        <line num="638" type="stmt" count="8"/>
        <line num="642" type="stmt" count="1"/>
        <line num="643" type="stmt" count="1"/>
        <line num="644" type="stmt" count="1"/>
        <line num="647" type="stmt" count="8"/>
        <line num="648" type="stmt" count="8"/>
        <line num="649" type="stmt" count="6"/>
        <line num="651" type="stmt" count="8"/>
        <line num="652" type="stmt" count="8"/>
        <line num="660" type="method" name="full_report" visibility="public" complexity="15" crap="15" count="7"/>
        <line num="662" type="stmt" count="7"/>
        <line num="663" type="stmt" count="7"/>
        <line num="664" type="stmt" count="7"/>
        <line num="665" type="stmt" count="7"/>
        <line num="666" type="stmt" count="7"/>
        <line num="667" type="stmt" count="7"/>
        <line num="668" type="stmt" count="7"/>
        <line num="669" type="stmt" count="7"/>
        <line num="670" type="stmt" count="7"/>
        <line num="671" type="stmt" count="7"/>
        <line num="672" type="stmt" count="7"/>
        <line num="673" type="stmt" count="7"/>
        <line num="675" type="stmt" count="7"/>
        <line num="676" type="stmt" count="7"/>
        <line num="677" type="stmt" count="7"/>
        <line num="678" type="stmt" count="7"/>
        <line num="679" type="stmt" count="1"/>
        <line num="680" type="stmt" count="1"/>
        <line num="681" type="stmt" count="1"/>
        <line num="682" type="stmt" count="1"/>
        <line num="683" type="stmt" count="1"/>
        <line num="684" type="stmt" count="1"/>
        <line num="685" type="stmt" count="1"/>
        <line num="686" type="stmt" count="1"/>
        <line num="687" type="stmt" count="1"/>
        <line num="688" type="stmt" count="1"/>
        <line num="689" type="stmt" count="1"/>
        <line num="690" type="stmt" count="1"/>
        <line num="691" type="stmt" count="1"/>
        <line num="692" type="stmt" count="1"/>
        <line num="693" type="stmt" count="1"/>
        <line num="694" type="stmt" count="1"/>
        <line num="695" type="stmt" count="1"/>
        <line num="696" type="stmt" count="1"/>
        <line num="697" type="stmt" count="1"/>
        <line num="699" type="stmt" count="1"/>
        <line num="700" type="stmt" count="1"/>
        <line num="701" type="stmt" count="1"/>
        <line num="702" type="stmt" count="1"/>
        <line num="703" type="stmt" count="1"/>
        <line num="704" type="stmt" count="1"/>
        <line num="705" type="stmt" count="1"/>
        <line num="706" type="stmt" count="1"/>
        <line num="708" type="stmt" count="1"/>
        <line num="709" type="stmt" count="1"/>
        <line num="710" type="stmt" count="1"/>
        <line num="711" type="stmt" count="1"/>
        <line num="712" type="stmt" count="1"/>
        <line num="713" type="stmt" count="1"/>
        <line num="714" type="stmt" count="1"/>
        <line num="715" type="stmt" count="1"/>
        <line num="718" type="stmt" count="1"/>
        <line num="719" type="stmt" count="1"/>
        <line num="720" type="stmt" count="1"/>
        <line num="721" type="stmt" count="1"/>
        <line num="722" type="stmt" count="1"/>
        <line num="723" type="stmt" count="1"/>
        <line num="724" type="stmt" count="1"/>
        <line num="725" type="stmt" count="1"/>
        <line num="726" type="stmt" count="1"/>
        <line num="728" type="stmt" count="1"/>
        <line num="731" type="stmt" count="6"/>
        <line num="732" type="stmt" count="6"/>
        <line num="733" type="stmt" count="6"/>
        <line num="734" type="stmt" count="6"/>
        <line num="735" type="stmt" count="6"/>
        <line num="736" type="stmt" count="1"/>
        <line num="738" type="stmt" count="6"/>
        <line num="740" type="stmt" count="6"/>
        <line num="741" type="stmt" count="6"/>
        <line num="742" type="stmt" count="6"/>
        <line num="743" type="stmt" count="6"/>
        <line num="744" type="stmt" count="6"/>
        <line num="745" type="stmt" count="6"/>
        <line num="746" type="stmt" count="6"/>
        <line num="747" type="stmt" count="6"/>
        <line num="749" type="stmt" count="6"/>
        <line num="750" type="stmt" count="6"/>
        <line num="751" type="stmt" count="6"/>
        <line num="752" type="stmt" count="6"/>
        <line num="754" type="stmt" count="6"/>
        <line num="756" type="stmt" count="7"/>
        <line num="760" type="stmt" count="7"/>
        <line num="761" type="stmt" count="7"/>
        <line num="762" type="stmt" count="7"/>
        <line num="763" type="stmt" count="7"/>
        <line num="764" type="stmt" count="7"/>
        <line num="767" type="stmt" count="7"/>
        <line num="770" type="stmt" count="7"/>
        <line num="771" type="stmt" count="7"/>
        <line num="772" type="stmt" count="7"/>
        <line num="773" type="stmt" count="3"/>
        <line num="774" type="stmt" count="3"/>
        <line num="777" type="stmt" count="7"/>
        <line num="778" type="stmt" count="7"/>
        <line num="779" type="stmt" count="1"/>
        <line num="780" type="stmt" count="1"/>
        <line num="781" type="stmt" count="1"/>
        <line num="782" type="stmt" count="1"/>
        <line num="784" type="stmt" count="6"/>
        <line num="785" type="stmt" count="6"/>
        <line num="787" type="stmt" count="7"/>
        <line num="788" type="stmt" count="7"/>
        <line num="789" type="stmt" count="7"/>
        <line num="796" type="method" name="get_tooltip_attributes" visibility="public" complexity="1" crap="1" count="3"/>
        <line num="798" type="stmt" count="3"/>
        <line num="807" type="method" name="pc_info" visibility="public" complexity="4" crap="4" count="1"/>
        <line num="809" type="stmt" count="1"/>
        <line num="810" type="stmt" count="1"/>
        <line num="811" type="stmt" count="1"/>
        <line num="812" type="stmt" count="1"/>
        <line num="813" type="stmt" count="1"/>
        <line num="814" type="stmt" count="1"/>
        <line num="815" type="stmt" count="1"/>
        <line num="816" type="stmt" count="1"/>
        <line num="818" type="stmt" count="1"/>
        <line num="819" type="stmt" count="1"/>
        <line num="823" type="stmt" count="1"/>
        <line num="824" type="stmt" count="1"/>
        <line num="825" type="stmt" count="1"/>
        <line num="826" type="stmt" count="1"/>
        <line num="827" type="stmt" count="1"/>
        <line num="828" type="stmt" count="1"/>
        <line num="829" type="stmt" count="1"/>
        <line num="830" type="stmt" count="1"/>
        <line num="831" type="stmt" count="1"/>
        <line num="832" type="stmt" count="1"/>
        <line num="833" type="stmt" count="1"/>
        <line num="834" type="stmt" count="1"/>
        <line num="835" type="stmt" count="1"/>
        <line num="839" type="method" name="print_pc_array" visibility="public" complexity="5" crap="5" count="1"/>
        <line num="848" type="stmt" count="1"/>
        <line num="849" type="stmt" count="1"/>
        <line num="850" type="stmt" count="1"/>
        <line num="851" type="stmt" count="1"/>
        <line num="852" type="stmt" count="1"/>
        <line num="853" type="stmt" count="1"/>
        <line num="854" type="stmt" count="1"/>
        <line num="855" type="stmt" count="1"/>
        <line num="857" type="stmt" count="1"/>
        <line num="858" type="stmt" count="1"/>
        <line num="859" type="stmt" count="1"/>
        <line num="860" type="stmt" count="1"/>
        <line num="861" type="stmt" count="1"/>
        <line num="862" type="stmt" count="1"/>
        <line num="863" type="stmt" count="1"/>
        <line num="864" type="stmt" count="1"/>
        <line num="866" type="stmt" count="1"/>
        <line num="867" type="stmt" count="1"/>
        <line num="868" type="stmt" count="1"/>
        <line num="870" type="stmt" count="0"/>
        <line num="873" type="stmt" count="1"/>
        <line num="874" type="stmt" count="1"/>
        <line num="875" type="stmt" count="1"/>
        <line num="876" type="stmt" count="1"/>
        <line num="877" type="stmt" count="1"/>
        <line num="879" type="stmt" count="1"/>
        <line num="882" type="method" name="print_source_link" visibility="public" complexity="4" crap="4" count="11"/>
        <line num="884" type="stmt" count="11"/>
        <line num="885" type="stmt" count="11"/>
        <line num="886" type="stmt" count="11"/>
        <line num="887" type="stmt" count="1"/>
        <line num="888" type="stmt" count="1"/>
        <line num="889" type="stmt" count="1"/>
        <line num="890" type="stmt" count="1"/>
        <line num="891" type="stmt" count="1"/>
        <line num="894" type="stmt" count="11"/>
        <line num="898" type="method" name="print_symbol_summary" visibility="public" complexity="2" crap="6" count="0"/>
        <line num="901" type="stmt" count="0"/>
        <line num="902" type="stmt" count="0"/>
        <line num="904" type="stmt" count="0"/>
        <line num="905" type="stmt" count="0"/>
        <line num="906" type="stmt" count="0"/>
        <line num="907" type="stmt" count="0"/>
        <line num="908" type="stmt" count="0"/>
        <line num="909" type="stmt" count="0"/>
        <line num="911" type="stmt" count="0"/>
        <line num="912" type="stmt" count="0"/>
        <line num="920" type="method" name="symbol_report" visibility="public" complexity="27" crap="55.21" count="2"/>
        <line num="930" type="stmt" count="2"/>
        <line num="931" type="stmt" count="2"/>
        <line num="932" type="stmt" count="2"/>
        <line num="933" type="stmt" count="2"/>
        <line num="934" type="stmt" count="2"/>
        <line num="935" type="stmt" count="2"/>
        <line num="936" type="stmt" count="2"/>
        <line num="937" type="stmt" count="2"/>
        <line num="938" type="stmt" count="2"/>
        <line num="939" type="stmt" count="2"/>
        <line num="940" type="stmt" count="2"/>
        <line num="941" type="stmt" count="2"/>
        <line num="943" type="stmt" count="2"/>
        <line num="944" type="stmt" count="2"/>
        <line num="945" type="stmt" count="2"/>
        <line num="946" type="stmt" count="2"/>
        <line num="947" type="stmt" count="2"/>
        <line num="948" type="stmt" count="0"/>
        <line num="949" type="stmt" count="0"/>
        <line num="952" type="stmt" count="2"/>
        <line num="954" type="stmt" count="0"/>
        <line num="955" type="stmt" count="0"/>
        <line num="956" type="stmt" count="0"/>
        <line num="957" type="stmt" count="0"/>
        <line num="958" type="stmt" count="0"/>
        <line num="959" type="stmt" count="0"/>
        <line num="960" type="stmt" count="0"/>
        <line num="961" type="stmt" count="0"/>
        <line num="962" type="stmt" count="0"/>
        <line num="963" type="stmt" count="0"/>
        <line num="964" type="stmt" count="0"/>
        <line num="966" type="stmt" count="0"/>
        <line num="967" type="stmt" count="0"/>
        <line num="968" type="stmt" count="0"/>
        <line num="969" type="stmt" count="0"/>
        <line num="970" type="stmt" count="0"/>
        <line num="971" type="stmt" count="0"/>
        <line num="972" type="stmt" count="0"/>
        <line num="973" type="stmt" count="0"/>
        <line num="974" type="stmt" count="0"/>
        <line num="975" type="stmt" count="0"/>
        <line num="976" type="stmt" count="0"/>
        <line num="978" type="stmt" count="0"/>
        <line num="979" type="stmt" count="0"/>
        <line num="980" type="stmt" count="0"/>
        <line num="981" type="stmt" count="0"/>
        <line num="982" type="stmt" count="0"/>
        <line num="983" type="stmt" count="0"/>
        <line num="984" type="stmt" count="0"/>
        <line num="985" type="stmt" count="0"/>
        <line num="986" type="stmt" count="0"/>
        <line num="987" type="stmt" count="0"/>
        <line num="988" type="stmt" count="0"/>
        <line num="989" type="stmt" count="0"/>
        <line num="990" type="stmt" count="0"/>
        <line num="991" type="stmt" count="0"/>
        <line num="992" type="stmt" count="0"/>
        <line num="996" type="stmt" count="0"/>
        <line num="997" type="stmt" count="0"/>
        <line num="1000" type="stmt" count="0"/>
        <line num="1001" type="stmt" count="0"/>
        <line num="1002" type="stmt" count="0"/>
        <line num="1003" type="stmt" count="0"/>
        <line num="1004" type="stmt" count="0"/>
        <line num="1005" type="stmt" count="0"/>
        <line num="1006" type="stmt" count="0"/>
        <line num="1009" type="stmt" count="0"/>
        <line num="1010" type="stmt" count="0"/>
        <line num="1011" type="stmt" count="0"/>
        <line num="1012" type="stmt" count="0"/>
        <line num="1013" type="stmt" count="0"/>
        <line num="1014" type="stmt" count="0"/>
        <line num="1015" type="stmt" count="0"/>
        <line num="1016" type="stmt" count="0"/>
        <line num="1017" type="stmt" count="0"/>
        <line num="1018" type="stmt" count="0"/>
        <line num="1019" type="stmt" count="0"/>
        <line num="1022" type="stmt" count="0"/>
        <line num="1023" type="stmt" count="0"/>
        <line num="1024" type="stmt" count="0"/>
        <line num="1025" type="stmt" count="0"/>
        <line num="1026" type="stmt" count="0"/>
        <line num="1027" type="stmt" count="0"/>
        <line num="1028" type="stmt" count="0"/>
        <line num="1029" type="stmt" count="0"/>
        <line num="1031" type="stmt" count="0"/>
        <line num="1034" type="stmt" count="2"/>
        <line num="1035" type="stmt" count="2"/>
        <line num="1037" type="stmt" count="2"/>
        <line num="1040" type="stmt" count="2"/>
        <line num="1041" type="stmt" count="2"/>
        <line num="1043" type="stmt" count="2"/>
        <line num="1044" type="stmt" count="2"/>
        <line num="1045" type="stmt" count="2"/>
        <line num="1046" type="stmt" count="2"/>
        <line num="1047" type="stmt" count="2"/>
        <line num="1048" type="stmt" count="2"/>
        <line num="1049" type="stmt" count="2"/>
        <line num="1050" type="stmt" count="2"/>
        <line num="1051" type="stmt" count="2"/>
        <line num="1052" type="stmt" count="2"/>
        <line num="1054" type="stmt" count="2"/>
        <line num="1057" type="stmt" count="2"/>
        <line num="1058" type="stmt" count="2"/>
        <line num="1059" type="stmt" count="2"/>
        <line num="1061" type="stmt" count="2"/>
        <line num="1063" type="stmt" count="2"/>
        <line num="1064" type="stmt" count="2"/>
        <line num="1065" type="stmt" count="2"/>
        <line num="1067" type="stmt" count="2"/>
        <line num="1069" type="stmt" count="2"/>
        <line num="1070" type="stmt" count="2"/>
        <line num="1071" type="stmt" count="2"/>
        <line num="1073" type="stmt" count="2"/>
        <line num="1075" type="stmt" count="2"/>
        <line num="1076" type="stmt" count="2"/>
        <line num="1080" type="stmt" count="2"/>
        <line num="1081" type="stmt" count="2"/>
        <line num="1082" type="stmt" count="2"/>
        <line num="1084" type="stmt" count="2"/>
        <line num="1085" type="stmt" count="2"/>
        <line num="1086" type="stmt" count="2"/>
        <line num="1087" type="stmt" count="2"/>
        <line num="1089" type="stmt" count="2"/>
        <line num="1091" type="stmt" count="2"/>
        <line num="1092" type="stmt" count="2"/>
        <line num="1096" type="stmt" count="2"/>
        <line num="1097" type="stmt" count="2"/>
        <line num="1098" type="stmt" count="2"/>
        <line num="1099" type="stmt" count="2"/>
        <line num="1100" type="stmt" count="2"/>
        <line num="1101" type="stmt" count="2"/>
        <line num="1102" type="stmt" count="2"/>
        <line num="1103" type="stmt" count="2"/>
        <line num="1104" type="stmt" count="2"/>
        <line num="1105" type="stmt" count="2"/>
        <line num="1106" type="stmt" count="2"/>
        <line num="1107" type="stmt" count="2"/>
        <line num="1108" type="stmt" count="2"/>
        <line num="1110" type="stmt" count="2"/>
        <line num="1113" type="stmt" count="2"/>
        <line num="1114" type="stmt" count="2"/>
        <line num="1115" type="stmt" count="2"/>
        <line num="1116" type="stmt" count="2"/>
        <line num="1117" type="stmt" count="2"/>
        <line num="1119" type="stmt" count="2"/>
        <line num="1120" type="stmt" count="2"/>
        <line num="1121" type="stmt" count="2"/>
        <line num="1122" type="stmt" count="1"/>
        <line num="1123" type="stmt" count="1"/>
        <line num="1124" type="stmt" count="1"/>
        <line num="1127" type="stmt" count="2"/>
        <line num="1129" type="stmt" count="2"/>
        <line num="1130" type="stmt" count="1"/>
        <line num="1131" type="stmt" count="1"/>
        <line num="1132" type="stmt" count="1"/>
        <line num="1133" type="stmt" count="1"/>
        <line num="1134" type="stmt" count="1"/>
        <line num="1135" type="stmt" count="1"/>
        <line num="1136" type="stmt" count="1"/>
        <line num="1137" type="stmt" count="1"/>
        <line num="1138" type="stmt" count="1"/>
        <line num="1142" type="stmt" count="2"/>
        <line num="1143" type="stmt" count="2"/>
        <line num="1144" type="stmt" count="2"/>
        <line num="1145" type="stmt" count="2"/>
        <line num="1146" type="stmt" count="2"/>
        <line num="1147" type="stmt" count="1"/>
        <line num="1148" type="stmt" count="1"/>
        <line num="1149" type="stmt" count="1"/>
        <line num="1150" type="stmt" count="1"/>
        <line num="1153" type="stmt" count="2"/>
        <line num="1155" type="stmt" count="2"/>
        <line num="1156" type="stmt" count="1"/>
        <line num="1157" type="stmt" count="1"/>
        <line num="1158" type="stmt" count="1"/>
        <line num="1159" type="stmt" count="1"/>
        <line num="1160" type="stmt" count="1"/>
        <line num="1161" type="stmt" count="1"/>
        <line num="1162" type="stmt" count="1"/>
        <line num="1163" type="stmt" count="1"/>
        <line num="1164" type="stmt" count="1"/>
        <line num="1167" type="stmt" count="2"/>
        <line num="1168" type="stmt" count="2"/>
        <line num="1172" type="stmt" count="2"/>
        <line num="1173" type="stmt" count="2"/>
        <line num="1174" type="stmt" count="2"/>
        <line num="1175" type="stmt" count="2"/>
        <line num="1176" type="stmt" count="2"/>
        <line num="1177" type="stmt" count="2"/>
        <line num="1178" type="stmt" count="2"/>
        <line num="1179" type="stmt" count="2"/>
        <line num="1180" type="stmt" count="2"/>
        <line num="1181" type="stmt" count="0"/>
        <line num="1183" type="stmt" count="2"/>
        <line num="1185" type="stmt" count="2"/>
        <line num="1186" type="stmt" count="2"/>
        <line num="1187" type="stmt" count="2"/>
        <line num="1188" type="stmt" count="2"/>
        <line num="1189" type="stmt" count="2"/>
        <line num="1192" type="stmt" count="2"/>
        <line num="1194" type="stmt" count="2"/>
        <line num="1195" type="stmt" count="2"/>
        <line num="1196" type="stmt" count="2"/>
        <line num="1204" type="method" name="profiler_single_run_report" visibility="public" complexity="1" crap="1" count="8"/>
        <line num="1213" type="stmt" count="8"/>
        <line num="1215" type="stmt" count="8"/>
        <line num="1216" type="stmt" count="8"/>
        <line num="1217" type="stmt" count="8"/>
        <line num="1218" type="stmt" count="8"/>
        <line num="1219" type="stmt" count="8"/>
        <line num="1220" type="stmt" count="8"/>
        <line num="1221" type="stmt" count="8"/>
        <line num="1231" type="method" name="profiler_diff_report" visibility="public" complexity="1" crap="1" count="1"/>
        <line num="1245" type="stmt" count="1"/>
        <line num="1246" type="stmt" count="1"/>
        <line num="1247" type="stmt" count="1"/>
        <line num="1248" type="stmt" count="1"/>
        <line num="1249" type="stmt" count="1"/>
        <line num="1250" type="stmt" count="1"/>
        <line num="1251" type="stmt" count="1"/>
        <line num="1252" type="stmt" count="1"/>
        <line num="1253" type="stmt" count="1"/>
        <line num="1254" type="stmt" count="1"/>
        <line num="1255" type="stmt" count="1"/>
        <line num="1260" type="method" name="displayXHProfReport" visibility="public" complexity="10" crap="13.25" count="11"/>
        <line num="1271" type="stmt" count="11"/>
        <line num="1272" type="stmt" count="11"/>
        <line num="1273" type="stmt" count="7"/>
        <line num="1274" type="stmt" count="7"/>
        <line num="1275" type="stmt" count="6"/>
        <line num="1276" type="stmt" count="6"/>
        <line num="1277" type="stmt" count="6"/>
        <line num="1278" type="stmt" count="6"/>
        <line num="1279" type="stmt" count="6"/>
        <line num="1281" type="stmt" count="1"/>
        <line num="1282" type="stmt" count="1"/>
        <line num="1283" type="stmt" count="1"/>
        <line num="1284" type="stmt" count="1"/>
        <line num="1285" type="stmt" count="1"/>
        <line num="1286" type="stmt" count="1"/>
        <line num="1287" type="stmt" count="1"/>
        <line num="1288" type="stmt" count="1"/>
        <line num="1289" type="stmt" count="1"/>
        <line num="1290" type="stmt" count="1"/>
        <line num="1293" type="stmt" count="7"/>
        <line num="1295" type="stmt" count="1"/>
        <line num="1298" type="stmt" count="6"/>
        <line num="1299" type="stmt" count="6"/>
        <line num="1300" type="stmt" count="6"/>
        <line num="1301" type="stmt" count="6"/>
        <line num="1302" type="stmt" count="6"/>
        <line num="1303" type="stmt" count="6"/>
        <line num="1304" type="stmt" count="6"/>
        <line num="1305" type="stmt" count="6"/>
        <line num="1306" type="stmt" count="4"/>
        <line num="1308" type="stmt" count="0"/>
        <line num="1309" type="stmt" count="0"/>
        <line num="1310" type="stmt" count="0"/>
        <line num="1311" type="stmt" count="0"/>
        <line num="1313" type="stmt" count="0"/>
        <line num="1314" type="stmt" count="0"/>
        <line num="1315" type="stmt" count="0"/>
        <line num="1316" type="stmt" count="0"/>
        <line num="1317" type="stmt" count="0"/>
        <line num="1318" type="stmt" count="0"/>
        <line num="1319" type="stmt" count="0"/>
        <line num="1320" type="stmt" count="0"/>
        <line num="1321" type="stmt" count="0"/>
        <line num="1322" type="stmt" count="0"/>
        <line num="1323" type="stmt" count="0"/>
        <line num="1325" type="stmt" count="4"/>
        <line num="1327" type="stmt" count="10"/>
        <line num="1330" type="method" name="show_nav" visibility="public" complexity="4" crap="4" count="12"/>
        <line num="1332" type="stmt" count="12"/>
        <line num="1333" type="stmt" count="12"/>
        <line num="1334" type="stmt" count="12"/>
        <line num="1335" type="stmt" count="12"/>
        <line num="1336" type="stmt" count="12"/>
        <line num="1337" type="stmt" count="2"/>
        <line num="1338" type="stmt" count="11"/>
        <line num="1339" type="stmt" count="7"/>
        <line num="1341" type="stmt" count="5"/>
        <line num="1344" type="stmt" count="12"/>
        <line num="1345" type="stmt" count="12"/>
        <line num="1346" type="stmt" count="12"/>
        <line num="1347" type="stmt" count="12"/>
        <line num="1348" type="stmt" count="12"/>
        <metrics loc="1351" ncloc="1239" classes="1" methods="26" coveredmethods="21" conditionals="0" coveredconditionals="0" statements="728" coveredstatements="618" elements="754" coveredelements="639"/>
      </file>
    </package>
    <file name="/home/wwwroot/erikwang2013/xhprof-webman/src/Core/XhprofLib/Utils/XHProfRuns.php">
      <metrics loc="14" ncloc="14" classes="0" methods="0" coveredmethods="0" conditionals="0" coveredconditionals="0" statements="0" coveredstatements="0" elements="0" coveredelements="0"/>
    </file>
    <package name="ErikWang2013\Xhprof\Core\XhprofLib\Utils">
      <file name="/home/wwwroot/erikwang2013/xhprof-webman/src/Core/XhprofLib/Utils/XHProfRunsDefault.php">
        <class name="ErikWang2013\Xhprof\Core\XhprofLib\Utils\XHProfRunsDefault" namespace="ErikWang2013\Xhprof\Core\XhprofLib\Utils">
          <metrics complexity="31" methods="8" coveredmethods="7" conditionals="0" coveredconditionals="0" statements="93" coveredstatements="87" elements="101" coveredelements="94"/>
        </class>
        <line num="12" type="method" name="__construct" visibility="public" complexity="3" crap="4.94" count="2"/>
        <line num="14" type="stmt" count="2"/>
        <line num="15" type="stmt" count="1"/>
        <line num="16" type="stmt" count="1"/>
        <line num="17" type="stmt" count="0"/>
        <line num="18" type="stmt" count="0"/>
        <line num="19" type="stmt" count="0"/>
        <line num="20" type="stmt" count="0"/>
        <line num="21" type="stmt" count="0"/>
        <line num="22" type="stmt" count="0"/>
        <line num="25" type="stmt" count="2"/>
        <line num="28" type="method" name="xhprof_valid_run_id" visibility="public" complexity="2" crap="2" count="42"/>
        <line num="30" type="stmt" count="42"/>
        <line num="33" type="method" name="xhprof_valid_source" visibility="public" complexity="2" crap="2" count="29"/>
        <line num="35" type="stmt" count="29"/>
        <line num="38" type="method" name="get_run" visibility="public" complexity="5" crap="5" count="14"/>
        <line num="41" type="stmt" count="14"/>
        <line num="42" type="stmt" count="3"/>
        <line num="44" type="stmt" count="12"/>
        <line num="45" type="stmt" count="12"/>
        <line num="46" type="stmt" count="12"/>
        <line num="47" type="stmt" count="2"/>
        <line num="49" type="stmt" count="10"/>
        <line num="53" type="method" name="save_run" visibility="public" complexity="4" crap="4" count="20"/>
        <line num="56" type="stmt" count="20"/>
        <line num="58" type="stmt" count="14"/>
        <line num="60" type="stmt" count="13"/>
        <line num="62" type="stmt" count="13"/>
        <line num="63" type="stmt" count="13"/>
        <line num="71" type="method" name="_checkLogNum" visibility="protected" complexity="3" crap="3" count="13"/>
        <line num="74" type="stmt" count="13"/>
        <line num="75" type="stmt" count="13"/>
        <line num="76" type="stmt" count="1"/>
        <line num="77" type="stmt" count="1"/>
        <line num="78" type="stmt" count="1"/>
        <line num="79" type="stmt" count="1"/>
        <line num="80" type="stmt" count="1"/>
        <line num="81" type="stmt" count="1"/>
        <line num="82" type="stmt" count="1"/>
        <line num="85" type="stmt" count="13"/>
        <line num="92" type="method" name="_saveToRedis" visibility="protected" complexity="6" crap="6" count="13"/>
        <line num="95" type="stmt" count="13"/>
        <line num="96" type="stmt" count="13"/>
        <line num="97" type="stmt" count="13"/>
        <line num="98" type="stmt" count="13"/>
        <line num="99" type="stmt" count="13"/>
        <line num="100" type="stmt" count="13"/>
        <line num="101" type="stmt" count="13"/>
        <line num="104" type="stmt" count="13"/>
        <line num="105" type="stmt" count="13"/>
        <line num="106" type="stmt" count="13"/>
        <line num="107" type="stmt" count="13"/>
        <line num="108" type="stmt" count="13"/>
        <line num="109" type="stmt" count="13"/>
        <line num="110" type="stmt" count="13"/>
        <line num="111" type="stmt" count="13"/>
        <line num="112" type="stmt" count="13"/>
        <line num="113" type="stmt" count="13"/>
        <line num="114" type="stmt" count="13"/>
        <line num="115" type="stmt" count="13"/>
        <line num="116" type="stmt" count="13"/>
        <line num="117" type="stmt" count="13"/>
        <line num="118" type="stmt" count="13"/>
        <line num="119" type="stmt" count="13"/>
        <line num="121" type="stmt" count="13"/>
        <line num="122" type="stmt" count="13"/>
        <line num="123" type="stmt" count="13"/>
        <line num="124" type="stmt" count="13"/>
        <line num="125" type="stmt" count="13"/>
        <line num="129" type="method" name="list_runs" visibility="public" complexity="6" crap="6" count="5"/>
        <line num="132" type="stmt" count="5"/>
        <line num="133" type="stmt" count="5"/>
        <line num="134" type="stmt" count="5"/>
        <line num="135" type="stmt" count="2"/>
        <line num="136" type="stmt" count="5"/>
        <line num="138" type="stmt" count="5"/>
        <line num="139" type="stmt" count="5"/>
        <line num="140" type="stmt" count="2"/>
        <line num="141" type="stmt" count="2"/>
        <line num="142" type="stmt" count="2"/>
        <line num="143" type="stmt" count="2"/>
        <line num="144" type="stmt" count="2"/>
        <line num="145" type="stmt" count="2"/>
        <line num="146" type="stmt" count="2"/>
        <line num="147" type="stmt" count="2"/>
        <line num="148" type="stmt" count="2"/>
        <line num="149" type="stmt" count="2"/>
        <line num="150" type="stmt" count="2"/>
        <line num="151" type="stmt" count="2"/>
        <line num="152" type="stmt" count="2"/>
        <line num="153" type="stmt" count="2"/>
        <line num="154" type="stmt" count="2"/>
        <line num="155" type="stmt" count="2"/>
        <line num="156" type="stmt" count="2"/>
        <line num="159" type="stmt" count="5"/>
        <line num="160" type="stmt" count="5"/>
        <line num="161" type="stmt" count="5"/>
        <line num="162" type="stmt" count="5"/>
        <line num="163" type="stmt" count="5"/>
        <line num="164" type="stmt" count="5"/>
        <line num="165" type="stmt" count="5"/>
        <metrics loc="168" ncloc="144" classes="1" methods="8" coveredmethods="7" conditionals="0" coveredconditionals="0" statements="93" coveredstatements="87" elements="101" coveredelements="94"/>
      </file>
      <file name="/home/wwwroot/erikwang2013/xhprof-webman/src/Core/XhprofLib/Utils/XhprofLib.php">
        <class name="ErikWang2013\Xhprof\Core\XhprofLib\Utils\XhprofLib" namespace="ErikWang2013\Xhprof\Core\XhprofLib\Utils">
          <metrics complexity="137" methods="25" coveredmethods="22" conditionals="0" coveredconditionals="0" statements="311" coveredstatements="299" elements="336" coveredelements="321"/>
        </class>
        <line num="15" type="method" name="xhprof_error" visibility="public" complexity="1" crap="1" count="10"/>
        <line num="17" type="stmt" count="10"/>
        <line num="18" type="stmt" count="10"/>
        <line num="27" type="method" name="xhprof_get_possible_metrics" visibility="public" complexity="1" crap="1" count="21"/>
        <line num="29" type="stmt" count="21"/>
        <line num="30" type="stmt" count="21"/>
        <line num="31" type="stmt" count="21"/>
        <line num="32" type="stmt" count="21"/>
        <line num="33" type="stmt" count="21"/>
        <line num="34" type="stmt" count="21"/>
        <line num="35" type="stmt" count="21"/>
        <line num="36" type="stmt" count="21"/>
        <line num="37" type="stmt" count="21"/>
        <line num="38" type="stmt" count="21"/>
        <line num="47" type="method" name="init_metrics" visibility="public" complexity="9" crap="9" count="15"/>
        <line num="49" type="stmt" count="15"/>
        <line num="50" type="stmt" count="15"/>
        <line num="51" type="stmt" count="15"/>
        <line num="52" type="stmt" count="7"/>
        <line num="53" type="stmt" count="6"/>
        <line num="55" type="stmt" count="1"/>
        <line num="59" type="stmt" count="15"/>
        <line num="60" type="stmt" count="15"/>
        <line num="61" type="stmt" count="1"/>
        <line num="62" type="stmt" count="1"/>
        <line num="65" type="stmt" count="15"/>
        <line num="66" type="stmt" count="15"/>
        <line num="67" type="stmt" count="15"/>
        <line num="68" type="stmt" count="15"/>
        <line num="69" type="stmt" count="15"/>
        <line num="70" type="stmt" count="15"/>
        <line num="71" type="stmt" count="15"/>
        <line num="72" type="stmt" count="15"/>
        <line num="73" type="stmt" count="15"/>
        <line num="74" type="stmt" count="15"/>
        <line num="75" type="stmt" count="15"/>
        <line num="76" type="stmt" count="15"/>
        <line num="77" type="stmt" count="15"/>
        <line num="78" type="stmt" count="15"/>
        <line num="79" type="stmt" count="15"/>
        <line num="81" type="stmt" count="15"/>
        <line num="82" type="stmt" count="15"/>
        <line num="83" type="stmt" count="15"/>
        <line num="84" type="stmt" count="15"/>
        <line num="85" type="stmt" count="15"/>
        <line num="86" type="stmt" count="15"/>
        <line num="87" type="stmt" count="15"/>
        <line num="88" type="stmt" count="15"/>
        <line num="89" type="stmt" count="15"/>
        <line num="90" type="stmt" count="15"/>
        <line num="91" type="stmt" count="15"/>
        <line num="99" type="method" name="xhprof_get_metrics" visibility="public" complexity="3" crap="3" count="15"/>
        <line num="101" type="stmt" count="15"/>
        <line num="102" type="stmt" count="15"/>
        <line num="103" type="stmt" count="15"/>
        <line num="104" type="stmt" count="15"/>
        <line num="105" type="stmt" count="14"/>
        <line num="107" type="stmt" count="15"/>
        <line num="111" type="method" name="xhprof_parse_parent_child" visibility="public" complexity="2" crap="2" count="19"/>
        <line num="113" type="stmt" count="19"/>
        <line num="114" type="stmt" count="19"/>
        <line num="115" type="stmt" count="15"/>
        <line num="119" type="method" name="xhprof_build_parent_child_key" visibility="public" complexity="2" crap="2" count="3"/>
        <line num="121" type="stmt" count="3"/>
        <line num="122" type="stmt" count="1"/>
        <line num="126" type="method" name="xhprof_valid_run" visibility="public" complexity="7" crap="7" count="10"/>
        <line num="129" type="stmt" count="10"/>
        <line num="130" type="stmt" count="10"/>
        <line num="131" type="stmt" count="2"/>
        <line num="132" type="stmt" count="2"/>
        <line num="135" type="stmt" count="9"/>
        <line num="136" type="stmt" count="7"/>
        <line num="137" type="stmt" count="2"/>
        <line num="138" type="stmt" count="1"/>
        <line num="140" type="stmt" count="1"/>
        <line num="141" type="stmt" count="1"/>
        <line num="144" type="stmt" count="8"/>
        <line num="145" type="stmt" count="8"/>
        <line num="146" type="stmt" count="8"/>
        <line num="147" type="stmt" count="1"/>
        <line num="148" type="stmt" count="1"/>
        <line num="149" type="stmt" count="1"/>
        <line num="151" type="stmt" count="7"/>
        <line num="152" type="stmt" count="1"/>
        <line num="153" type="stmt" count="1"/>
        <line num="154" type="stmt" count="1"/>
        <line num="157" type="stmt" count="6"/>
        <line num="161" type="method" name="xhprof_trim_run" visibility="public" complexity="4" crap="4" count="3"/>
        <line num="165" type="stmt" count="3"/>
        <line num="166" type="stmt" count="3"/>
        <line num="167" type="stmt" count="3"/>
        <line num="168" type="stmt" count="3"/>
        <line num="169" type="stmt" count="3"/>
        <line num="170" type="stmt" count="3"/>
        <line num="171" type="stmt" count="3"/>
        <line num="175" type="stmt" count="3"/>
        <line num="178" type="method" name="xhprof_normalize_metrics" visibility="public" complexity="7" crap="7" count="7"/>
        <line num="181" type="stmt" count="7"/>
        <line num="182" type="stmt" count="3"/>
        <line num="183" type="stmt" count="3"/>
        <line num="184" type="stmt" count="3"/>
        <line num="185" type="stmt" count="3"/>
        <line num="186" type="stmt" count="3"/>
        <line num="190" type="stmt" count="3"/>
        <line num="194" type="method" name="xhprof_aggregate_runs" visibility="public" complexity="23" crap="23" count="6"/>
        <line num="201" type="stmt" count="6"/>
        <line num="202" type="stmt" count="6"/>
        <line num="203" type="stmt" count="6"/>
        <line num="205" type="stmt" count="6"/>
        <line num="206" type="stmt" count="6"/>
        <line num="208" type="stmt" count="6"/>
        <line num="209" type="stmt" count="6"/>
        <line num="211" type="stmt" count="2"/>
        <line num="212" type="stmt" count="2"/>
        <line num="213" type="stmt" count="2"/>
        <line num="214" type="stmt" count="2"/>
        <line num="217" type="stmt" count="4"/>
        <line num="218" type="stmt" count="4"/>
        <line num="219" type="stmt" count="4"/>
        <line num="220" type="stmt" count="4"/>
        <line num="221" type="stmt" count="4"/>
        <line num="222" type="stmt" count="4"/>
        <line num="226" type="stmt" count="4"/>
        <line num="227" type="stmt" count="1"/>
        <line num="228" type="stmt" count="1"/>
        <line num="231" type="stmt" count="4"/>
        <line num="232" type="stmt" count="1"/>
        <line num="233" type="stmt" count="1"/>
        <line num="234" type="stmt" count="1"/>
        <line num="235" type="stmt" count="1"/>
        <line num="236" type="stmt" count="1"/>
        <line num="238" type="stmt" count="1"/>
        <line num="239" type="stmt" count="1"/>
        <line num="240" type="stmt" count="1"/>
        <line num="241" type="stmt" count="1"/>
        <line num="242" type="stmt" count="1"/>
        <line num="243" type="stmt" count="1"/>
        <line num="245" type="stmt" count="0"/>
        <line num="248" type="stmt" count="4"/>
        <line num="249" type="stmt" count="4"/>
        <line num="250" type="stmt" count="4"/>
        <line num="251" type="stmt" count="1"/>
        <line num="252" type="stmt" count="1"/>
        <line num="253" type="stmt" count="1"/>
        <line num="254" type="stmt" count="1"/>
        <line num="255" type="stmt" count="1"/>
        <line num="256" type="stmt" count="1"/>
        <line num="257" type="stmt" count="1"/>
        <line num="262" type="stmt" count="4"/>
        <line num="263" type="stmt" count="4"/>
        <line num="264" type="stmt" count="4"/>
        <line num="267" type="stmt" count="2"/>
        <line num="268" type="stmt" count="2"/>
        <line num="274" type="stmt" count="4"/>
        <line num="275" type="stmt" count="4"/>
        <line num="276" type="stmt" count="4"/>
        <line num="277" type="stmt" count="4"/>
        <line num="278" type="stmt" count="3"/>
        <line num="279" type="stmt" count="3"/>
        <line num="282" type="stmt" count="4"/>
        <line num="283" type="stmt" count="4"/>
        <line num="284" type="stmt" count="4"/>
        <line num="285" type="stmt" count="4"/>
        <line num="286" type="stmt" count="4"/>
        <line num="287" type="stmt" count="4"/>
        <line num="288" type="stmt" count="4"/>
        <line num="289" type="stmt" count="4"/>
        <line num="291" type="stmt" count="4"/>
        <line num="295" type="method" name="xhprof_compute_flat_info" visibility="public" complexity="10" crap="10" count="10"/>
        <line num="298" type="stmt" count="10"/>
        <line num="299" type="stmt" count="10"/>
        <line num="300" type="stmt" count="10"/>
        <line num="301" type="stmt" count="10"/>
        <line num="302" type="stmt" count="10"/>
        <line num="303" type="stmt" count="10"/>
        <line num="304" type="stmt" count="10"/>
        <line num="305" type="stmt" count="10"/>
        <line num="306" type="stmt" count="10"/>
        <line num="307" type="stmt" count="10"/>
        <line num="308" type="stmt" count="10"/>
        <line num="309" type="stmt" count="10"/>
        <line num="311" type="stmt" count="10"/>
        <line num="312" type="stmt" count="10"/>
        <line num="313" type="stmt" count="10"/>
        <line num="316" type="stmt" count="10"/>
        <line num="317" type="stmt" count="10"/>
        <line num="318" type="stmt" count="10"/>
        <line num="320" type="stmt" count="10"/>
        <line num="322" type="stmt" count="10"/>
        <line num="323" type="stmt" count="10"/>
        <line num="324" type="stmt" count="10"/>
        <line num="325" type="stmt" count="10"/>
        <line num="326" type="stmt" count="5"/>
        <line num="327" type="stmt" count="5"/>
        <line num="332" type="stmt" count="10"/>
        <line num="341" type="method" name="xhprof_compute_diff" visibility="public" complexity="7" crap="8.43" count="2"/>
        <line num="343" type="stmt" count="2"/>
        <line num="346" type="stmt" count="2"/>
        <line num="347" type="stmt" count="2"/>
        <line num="348" type="stmt" count="2"/>
        <line num="350" type="stmt" count="2"/>
        <line num="351" type="stmt" count="0"/>
        <line num="352" type="stmt" count="0"/>
        <line num="353" type="stmt" count="0"/>
        <line num="354" type="stmt" count="0"/>
        <line num="358" type="stmt" count="2"/>
        <line num="359" type="stmt" count="2"/>
        <line num="360" type="stmt" count="2"/>
        <line num="364" type="stmt" count="2"/>
        <line num="368" type="method" name="xhprof_compute_inclusive_times" visibility="public" complexity="9" crap="9" count="13"/>
        <line num="370" type="stmt" count="13"/>
        <line num="371" type="stmt" count="13"/>
        <line num="372" type="stmt" count="13"/>
        <line num="373" type="stmt" count="13"/>
        <line num="374" type="stmt" count="13"/>
        <line num="375" type="stmt" count="13"/>
        <line num="376" type="stmt" count="13"/>
        <line num="377" type="stmt" count="1"/>
        <line num="378" type="stmt" count="1"/>
        <line num="381" type="stmt" count="12"/>
        <line num="382" type="stmt" count="12"/>
        <line num="383" type="stmt" count="12"/>
        <line num="384" type="stmt" count="12"/>
        <line num="385" type="stmt" count="12"/>
        <line num="388" type="stmt" count="2"/>
        <line num="389" type="stmt" count="2"/>
        <line num="390" type="stmt" count="2"/>
        <line num="395" type="stmt" count="12"/>
        <line num="399" type="method" name="xhprof_prune_run" visibility="public" complexity="13" crap="14.95" count="2"/>
        <line num="402" type="stmt" count="2"/>
        <line num="403" type="stmt" count="2"/>
        <line num="404" type="stmt" count="1"/>
        <line num="405" type="stmt" count="1"/>
        <line num="409" type="stmt" count="1"/>
        <line num="410" type="stmt" count="1"/>
        <line num="411" type="stmt" count="0"/>
        <line num="412" type="stmt" count="0"/>
        <line num="414" type="stmt" count="0"/>
        <line num="415" type="stmt" count="0"/>
        <line num="416" type="stmt" count="0"/>
        <line num="420" type="stmt" count="1"/>
        <line num="421" type="stmt" count="1"/>
        <line num="422" type="stmt" count="1"/>
        <line num="425" type="stmt" count="1"/>
        <line num="426" type="stmt" count="1"/>
        <line num="427" type="stmt" count="1"/>
        <line num="429" type="stmt" count="1"/>
        <line num="431" type="stmt" count="1"/>
        <line num="432" type="stmt" count="1"/>
        <line num="433" type="stmt" count="1"/>
        <line num="435" type="stmt" count="1"/>
        <line num="436" type="stmt" count="1"/>
        <line num="437" type="stmt" count="1"/>
        <line num="439" type="stmt" count="1"/>
        <line num="440" type="stmt" count="1"/>
        <line num="441" type="stmt" count="0"/>
        <line num="442" type="stmt" count="0"/>
        <line num="445" type="stmt" count="1"/>
        <line num="448" type="stmt" count="1"/>
        <line num="452" type="stmt" count="1"/>
        <line num="461" type="method" name="xhprof_array_set" visibility="public" complexity="1" crap="1" count="11"/>
        <line num="463" type="stmt" count="11"/>
        <line num="464" type="stmt" count="11"/>
        <line num="472" type="method" name="xhprof_array_unset" visibility="public" complexity="1" crap="1" count="16"/>
        <line num="474" type="stmt" count="16"/>
        <line num="475" type="stmt" count="16"/>
        <line num="479" type="method" name="xhprof_get_param_helper" visibility="public" complexity="2" crap="2" count="19"/>
        <line num="481" type="stmt" count="19"/>
        <line num="482" type="stmt" count="19"/>
        <line num="486" type="method" name="xhprof_get_string_param" visibility="public" complexity="2" crap="2" count="2"/>
        <line num="488" type="stmt" count="2"/>
        <line num="489" type="stmt" count="2"/>
        <line num="490" type="stmt" count="1"/>
        <line num="493" type="method" name="xhprof_get_uint_param" visibility="public" complexity="4" crap="4" count="4"/>
        <line num="495" type="stmt" count="4"/>
        <line num="496" type="stmt" count="4"/>
        <line num="497" type="stmt" count="4"/>
        <line num="498" type="stmt" count="3"/>
        <line num="499" type="stmt" count="3"/>
        <line num="500" type="stmt" count="1"/>
        <line num="501" type="stmt" count="1"/>
        <line num="505" type="method" name="xhprof_get_float_param" visibility="public" complexity="3" crap="3" count="2"/>
        <line num="507" type="stmt" count="2"/>
        <line num="508" type="stmt" count="2"/>
        <line num="509" type="stmt" count="2"/>
        <line num="510" type="stmt" count="1"/>
        <line num="511" type="stmt" count="1"/>
        <line num="515" type="method" name="xhprof_get_bool_param" visibility="public" complexity="12" crap="12" count="11"/>
        <line num="517" type="stmt" count="11"/>
        <line num="519" type="stmt" count="11"/>
        <line num="520" type="stmt" count="11"/>
        <line num="521" type="stmt" count="10"/>
        <line num="522" type="stmt" count="10"/>
        <line num="523" type="stmt" count="10"/>
        <line num="524" type="stmt" count="9"/>
        <line num="525" type="stmt" count="2"/>
        <line num="526" type="stmt" count="2"/>
        <line num="527" type="stmt" count="8"/>
        <line num="528" type="stmt" count="6"/>
        <line num="529" type="stmt" count="5"/>
        <line num="530" type="stmt" count="4"/>
        <line num="531" type="stmt" count="4"/>
        <line num="532" type="stmt" count="4"/>
        <line num="533" type="stmt" count="3"/>
        <line num="534" type="stmt" count="2"/>
        <line num="535" type="stmt" count="3"/>
        <line num="536" type="stmt" count="3"/>
        <line num="538" type="stmt" count="1"/>
        <line num="539" type="stmt" count="1"/>
        <line num="542" type="stmt" count="9"/>
        <line num="546" type="method" name="xhprof_get_matching_functions" visibility="public" complexity="5" crap="5" count="2"/>
        <line num="549" type="stmt" count="2"/>
        <line num="550" type="stmt" count="2"/>
        <line num="551" type="stmt" count="2"/>
        <line num="553" type="stmt" count="2"/>
        <line num="554" type="stmt" count="2"/>
        <line num="556" type="stmt" count="2"/>
        <line num="557" type="stmt" count="2"/>
        <line num="558" type="stmt" count="2"/>
        <line num="566" type="method" name="isIgnore" visibility="public" complexity="6" crap="6" count="19"/>
        <line num="568" type="stmt" count="19"/>
        <line num="569" type="stmt" count="19"/>
        <line num="571" type="stmt" count="18"/>
        <line num="572" type="stmt" count="18"/>
        <line num="573" type="stmt" count="17"/>
        <line num="575" type="stmt" count="17"/>
        <line num="576" type="stmt" count="14"/>
        <line num="578" type="stmt" count="14"/>
        <line num="581" type="stmt" count="14"/>
        <line num="588" type="method" name="xhprof_get_ip" visibility="public" complexity="1" crap="1" count="13"/>
        <line num="590" type="stmt" count="13"/>
        <line num="597" type="method" name="getRequestLog" visibility="public" complexity="2" crap="2" count="9"/>
        <line num="599" type="stmt" count="9"/>
        <line num="600" type="stmt" count="9"/>
        <line num="601" type="stmt" count="9"/>
        <line num="602" type="stmt" count="6"/>
        <metrics loc="605" ncloc="549" classes="1" methods="25" coveredmethods="22" conditionals="0" coveredconditionals="0" statements="311" coveredstatements="299" elements="336" coveredelements="321"/>
      </file>
    </package>
    <package name="ErikWang2013\Xhprof\Hyperf\Adapter">
      <file name="/home/wwwroot/erikwang2013/xhprof-webman/src/Hyperf/Adapter/ConfigAdapter.php">
        <class name="ErikWang2013\Xhprof\Hyperf\Adapter\ConfigAdapter" namespace="ErikWang2013\Xhprof\Hyperf\Adapter">
          <metrics complexity="2" methods="2" coveredmethods="2" conditionals="0" coveredconditionals="0" statements="2" coveredstatements="2" elements="4" coveredelements="4"/>
        </class>
        <line num="14" type="method" name="__construct" visibility="public" complexity="1" crap="1" count="8"/>
        <line num="16" type="stmt" count="8"/>
        <line num="19" type="method" name="get" visibility="public" complexity="1" crap="1" count="8"/>
        <line num="21" type="stmt" count="8"/>
        <metrics loc="24" ncloc="24" classes="1" methods="2" coveredmethods="2" conditionals="0" coveredconditionals="0" statements="2" coveredstatements="2" elements="4" coveredelements="4"/>
      </file>
      <file name="/home/wwwroot/erikwang2013/xhprof-webman/src/Hyperf/Adapter/LogAdapter.php">
        <class name="ErikWang2013\Xhprof\Hyperf\Adapter\LogAdapter" namespace="ErikWang2013\Xhprof\Hyperf\Adapter">
          <metrics complexity="2" methods="2" coveredmethods="2" conditionals="0" coveredconditionals="0" statements="2" coveredstatements="2" elements="4" coveredelements="4"/>
        </class>
        <line num="14" type="method" name="__construct" visibility="public" complexity="1" crap="1" count="8"/>
        <line num="16" type="stmt" count="8"/>
        <line num="19" type="method" name="error" visibility="public" complexity="1" crap="1" count="1"/>
        <line num="21" type="stmt" count="1"/>
        <metrics loc="24" ncloc="24" classes="1" methods="2" coveredmethods="2" conditionals="0" coveredconditionals="0" statements="2" coveredstatements="2" elements="4" coveredelements="4"/>
      </file>
      <file name="/home/wwwroot/erikwang2013/xhprof-webman/src/Hyperf/Adapter/RedisAdapter.php">
        <class name="ErikWang2013\Xhprof\Hyperf\Adapter\RedisAdapter" namespace="ErikWang2013\Xhprof\Hyperf\Adapter">
          <metrics complexity="10" methods="10" coveredmethods="10" conditionals="0" coveredconditionals="0" statements="10" coveredstatements="10" elements="20" coveredelements="20"/>
        </class>
        <line num="14" type="method" name="__construct" visibility="public" complexity="1" crap="1" count="8"/>
        <line num="16" type="stmt" count="8"/>
[...]
        <line num="41" type="stmt" count="3"/>
        <line num="44" type="method" name="uri" visibility="public" complexity="1" crap="1" count="3"/>
        <line num="46" type="stmt" count="3"/>
        <line num="49" type="method" name="url" visibility="public" complexity="1" crap="1" count="1"/>
        <line num="51" type="stmt" count="1"/>
        <line num="54" type="method" name="getRealIp" visibility="public" complexity="1" crap="1" count="3"/>
        <line num="56" type="stmt" count="3"/>
        <metrics loc="59" ncloc="59" classes="1" methods="9" coveredmethods="9" conditionals="0" coveredconditionals="0" statements="9" coveredstatements="9" elements="18" coveredelements="18"/>
      </file>
      <file name="/home/wwwroot/erikwang2013/xhprof-webman/src/Thinkphp/Adapter/ResponseAdapter.php">
        <class name="ErikWang2013\Xhprof\Thinkphp\Adapter\ResponseAdapter" namespace="ErikWang2013\Xhprof\Thinkphp\Adapter">
          <metrics complexity="7" methods="6" coveredmethods="6" conditionals="0" coveredconditionals="0" statements="23" coveredstatements="23" elements="29" coveredelements="29"/>
        </class>
        <line num="14" type="method" name="__construct" visibility="public" complexity="1" crap="1" count="14"/>
        <line num="16" type="stmt" count="14"/>
        <line num="19" type="method" name="withBody" visibility="public" complexity="1" crap="1" count="1"/>
        <line num="21" type="stmt" count="1"/>
        <line num="22" type="stmt" count="1"/>
        <line num="25" type="method" name="withHeaders" visibility="public" complexity="1" crap="1" count="1"/>
        <line num="27" type="stmt" count="1"/>
        <line num="28" type="stmt" count="1"/>
        <line num="31" type="method" name="withStatus" visibility="public" complexity="1" crap="1" count="1"/>
        <line num="33" type="stmt" count="1"/>
        <line num="34" type="stmt" count="1"/>
        <line num="37" type="method" name="file" visibility="public" complexity="2" crap="2" count="9"/>
        <line num="39" type="stmt" count="9"/>
        <line num="40" type="stmt" count="8"/>
        <line num="41" type="stmt" count="8"/>
        <line num="42" type="stmt" count="8"/>
        <line num="43" type="stmt" count="8"/>
        <line num="44" type="stmt" count="8"/>
        <line num="45" type="stmt" count="8"/>
        <line num="46" type="stmt" count="8"/>
        <line num="47" type="stmt" count="8"/>
        <line num="48" type="stmt" count="8"/>
        <line num="49" type="stmt" count="8"/>
        <line num="50" type="stmt" count="8"/>
        <line num="51" type="stmt" count="8"/>
        <line num="53" type="stmt" count="1"/>
        <line num="55" type="stmt" count="9"/>
        <line num="58" type="method" name="send" visibility="public" complexity="1" crap="1" count="10"/>
        <line num="60" type="stmt" count="10"/>
        <metrics loc="63" ncloc="63" classes="1" methods="6" coveredmethods="6" conditionals="0" coveredconditionals="0" statements="23" coveredstatements="23" elements="29" coveredelements="29"/>
      </file>
    </package>
    <package name="ErikWang2013\Xhprof\Thinkphp">
      <file name="/home/wwwroot/erikwang2013/xhprof-webman/src/Thinkphp/Middleware.php">
        <class name="ErikWang2013\Xhprof\Thinkphp\Middleware" namespace="ErikWang2013\Xhprof\Thinkphp">
          <metrics complexity="4" methods="1" coveredmethods="1" conditionals="0" coveredconditionals="0" statements="9" coveredstatements="9" elements="10" coveredelements="10"/>
        </class>
        <line num="19" type="method" name="handle" visibility="public" complexity="4" crap="4" count="4"/>
        <line num="21" type="stmt" count="4"/>
        <line num="22" type="stmt" count="4"/>
        <line num="24" type="stmt" count="4"/>
        <line num="26" type="stmt" count="4"/>
        <line num="27" type="stmt" count="4"/>
        <line num="28" type="stmt" count="3"/>
        <line num="32" type="stmt" count="4"/>
        <line num="34" type="stmt" count="4"/>
        <line num="35" type="stmt" count="3"/>
        <metrics loc="40" ncloc="40" classes="1" methods="1" coveredmethods="1" conditionals="0" coveredconditionals="0" statements="9" coveredstatements="9" elements="10" coveredelements="10"/>
      </file>
    </package>
    <file name="/home/wwwroot/erikwang2013/xhprof-webman/src/Thinkphp/config/middleware.php">
      <line num="3" type="stmt" count="0"/>
      <line num="4" type="stmt" count="0"/>
      <line num="5" type="stmt" count="0"/>
      <line num="6" type="stmt" count="0"/>
      <line num="7" type="stmt" count="0"/>
      <line num="8" type="stmt" count="0"/>
      <line num="9" type="stmt" count="0"/>
      <line num="10" type="stmt" count="0"/>
      <line num="11" type="stmt" count="0"/>
      <metrics loc="12" ncloc="12" classes="0" methods="0" coveredmethods="0" conditionals="0" coveredconditionals="0" statements="9" coveredstatements="0" elements="9" coveredelements="0"/>
    </file>
    <file name="/home/wwwroot/erikwang2013/xhprof-webman/src/Thinkphp/config/xhprof.php">
      <line num="3" type="stmt" count="0"/>
      <line num="4" type="stmt" count="0"/>
      <line num="5" type="stmt" count="0"/>
      <line num="6" type="stmt" count="0"/>
      <line num="7" type="stmt" count="0"/>
      <line num="8" type="stmt" count="0"/>
      <line num="9" type="stmt" count="0"/>
      <line num="10" type="stmt" count="0"/>
      <line num="11" type="stmt" count="0"/>
      <line num="12" type="stmt" count="0"/>
      <line num="13" type="stmt" count="0"/>
      <metrics loc="14" ncloc="12" classes="0" methods="0" coveredmethods="0" conditionals="0" coveredconditionals="0" statements="11" coveredstatements="0" elements="11" coveredelements="0"/>
    </file>
    <package name="ErikWang2013\Xhprof\Webman\Adapter">
      <file name="/home/wwwroot/erikwang2013/xhprof-webman/src/Webman/Adapter/ConfigAdapter.php">
        <class name="ErikWang2013\Xhprof\Webman\Adapter\ConfigAdapter" namespace="ErikWang2013\Xhprof\Webman\Adapter">
          <metrics complexity="5" methods="1" coveredmethods="1" conditionals="0" coveredconditionals="0" statements="10" coveredstatements="10" elements="11" coveredelements="11"/>
        </class>
        <line num="11" type="method" name="get" visibility="public" complexity="5" crap="5" count="5"/>
        <line num="13" type="stmt" count="5"/>
        <line num="14" type="stmt" count="5"/>
        <line num="15" type="stmt" count="5"/>
        <line num="16" type="stmt" count="5"/>
        <line num="17" type="stmt" count="1"/>
        <line num="19" type="stmt" count="5"/>
        <line num="20" type="stmt" count="4"/>
        <line num="21" type="stmt" count="3"/>
        <line num="23" type="stmt" count="2"/>
        <line num="25" type="stmt" count="5"/>
        <metrics loc="28" ncloc="28" classes="1" methods="1" coveredmethods="1" conditionals="0" coveredconditionals="0" statements="10" coveredstatements="10" elements="11" coveredelements="11"/>
      </file>
      <file name="/home/wwwroot/erikwang2013/xhprof-webman/src/Webman/Adapter/LogAdapter.php">
        <class name="ErikWang2013\Xhprof\Webman\Adapter\LogAdapter" namespace="ErikWang2013\Xhprof\Webman\Adapter">
          <metrics complexity="1" methods="1" coveredmethods="1" conditionals="0" coveredconditionals="0" statements="1" coveredstatements="1" elements="2" coveredelements="2"/>
        </class>
        <line num="12" type="method" name="error" visibility="public" complexity="1" crap="1" count="1"/>
        <line num="14" type="stmt" count="1"/>
        <metrics loc="17" ncloc="17" classes="1" methods="1" coveredmethods="1" conditionals="0" coveredconditionals="0" statements="1" coveredstatements="1" elements="2" coveredelements="2"/>
      </file>
      <file name="/home/wwwroot/erikwang2013/xhprof-webman/src/Webman/Adapter/RedisAdapter.php">
        <class name="ErikWang2013\Xhprof\Webman\Adapter\RedisAdapter" namespace="ErikWang2013\Xhprof\Webman\Adapter">
          <metrics complexity="9" methods="9" coveredmethods="9" conditionals="0" coveredconditionals="0" statements="9" coveredstatements="9" elements="18" coveredelements="18"/>
        </class>
        <line num="12" type="method" name="get" visibility="public" complexity="1" crap="1" count="1"/>
        <line num="14" type="stmt" count="1"/>
        <line num="17" type="method" name="set" visibility="public" complexity="1" crap="1" count="3"/>
        <line num="19" type="stmt" count="3"/>
        <line num="22" type="method" name="mget" visibility="public" complexity="1" crap="1" count="1"/>
        <line num="24" type="stmt" count="1"/>
        <line num="27" type="method" name="incr" visibility="public" complexity="1" crap="1" count="3"/>
        <line num="29" type="stmt" count="3"/>
        <line num="32" type="method" name="lPush" visibility="public" complexity="1" crap="1" count="3"/>
        <line num="34" type="stmt" count="3"/>
        <line num="37" type="method" name="rPop" visibility="public" complexity="1" crap="1" count="1"/>
        <line num="39" type="stmt" count="1"/>
        <line num="42" type="method" name="lRange" visibility="public" complexity="1" crap="1" count="1"/>
        <line num="44" type="stmt" count="1"/>
        <line num="47" type="method" name="del" visibility="public" complexity="1" crap="1" count="1"/>
        <line num="49" type="stmt" count="1"/>
        <line num="52" type="method" name="decr" visibility="public" complexity="1" crap="1" count="1"/>
        <line num="54" type="stmt" count="1"/>
        <metrics loc="57" ncloc="57" classes="1" methods="9" coveredmethods="9" conditionals="0" coveredconditionals="0" statements="9" coveredstatements="9" elements="18" coveredelements="18"/>
      </file>
      <file name="/home/wwwroot/erikwang2013/xhprof-webman/src/Webman/Adapter/RequestAdapter.php">
        <class name="ErikWang2013\Xhprof\Webman\Adapter\RequestAdapter" namespace="ErikWang2013\Xhprof\Webman\Adapter">
          <metrics complexity="9" methods="9" coveredmethods="9" conditionals="0" coveredconditionals="0" statements="9" coveredstatements="9" elements="18" coveredelements="18"/>
        </class>
        <line num="14" type="method" name="__construct" visibility="public" complexity="1" crap="1" count="7"/>
        <line num="16" type="stmt" count="7"/>
        <line num="19" type="method" name="get" visibility="public" complexity="1" crap="1" count="1"/>
        <line num="21" type="stmt" count="1"/>
        <line num="24" type="method" name="all" visibility="public" complexity="1" crap="1" count="1"/>
        <line num="26" type="stmt" count="1"/>
        <line num="29" type="method" name="method" visibility="public" complexity="1" crap="1" count="3"/>
        <line num="31" type="stmt" count="3"/>
        <line num="34" type="method" name="header" visibility="public" complexity="1" crap="1" count="3"/>
        <line num="36" type="stmt" count="3"/>
        <line num="39" type="method" name="host" visibility="public" complexity="1" crap="1" count="3"/>
        <line num="41" type="stmt" count="3"/>
        <line num="44" type="method" name="uri" visibility="public" complexity="1" crap="1" count="5"/>
        <line num="46" type="stmt" count="5"/>
        <line num="49" type="method" name="url" visibility="public" complexity="1" crap="1" count="1"/>
        <line num="51" type="stmt" count="1"/>
        <line num="54" type="method" name="getRealIp" visibility="public" complexity="1" crap="1" count="3"/>
        <line num="56" type="stmt" count="3"/>
        <metrics loc="59" ncloc="59" classes="1" methods="9" coveredmethods="9" conditionals="0" coveredconditionals="0" statements="9" coveredstatements="9" elements="18" coveredelements="18"/>
      </file>
      <file name="/home/wwwroot/erikwang2013/xhprof-webman/src/Webman/Adapter/ResponseAdapter.php">
        <class name="ErikWang2013\Xhprof\Webman\Adapter\ResponseAdapter" namespace="ErikWang2013\Xhprof\Webman\Adapter">
          <metrics complexity="6" methods="6" coveredmethods="6" conditionals="0" coveredconditionals="0" statements="10" coveredstatements="10" elements="16" coveredelements="16"/>
        </class>
        <line num="14" type="method" name="__construct" visibility="public" complexity="1" crap="1" count="8"/>
        <line num="16" type="stmt" count="8"/>
        <line num="19" type="method" name="withBody" visibility="public" complexity="1" crap="1" count="2"/>
        <line num="21" type="stmt" count="2"/>
        <line num="22" type="stmt" count="2"/>
        <line num="25" type="method" name="withHeaders" visibility="public" complexity="1" crap="1" count="3"/>
        <line num="27" type="stmt" count="3"/>
        <line num="28" type="stmt" count="3"/>
        <line num="31" type="method" name="withStatus" visibility="public" complexity="1" crap="1" count="1"/>
        <line num="33" type="stmt" count="1"/>
        <line num="34" type="stmt" count="1"/>
        <line num="37" type="method" name="file" visibility="public" complexity="1" crap="1" count="2"/>
        <line num="39" type="stmt" count="2"/>
        <line num="40" type="stmt" count="2"/>
        <line num="43" type="method" name="send" visibility="public" complexity="1" crap="1" count="4"/>
        <line num="45" type="stmt" count="4"/>
        <metrics loc="48" ncloc="48" classes="1" methods="6" coveredmethods="6" conditionals="0" coveredconditionals="0" statements="10" coveredstatements="10" elements="16" coveredelements="16"/>
      </file>
    </package>
    <package name="ErikWang2013\Xhprof\Webman">
      <file name="/home/wwwroot/erikwang2013/xhprof-webman/src/Webman/Install.php">
        <class name="ErikWang2013\Xhprof\Webman\Install" namespace="ErikWang2013\Xhprof\Webman">
          <metrics complexity="12" methods="4" coveredmethods="2" conditionals="0" coveredconditionals="0" statements="18" coveredstatements="16" elements="22" coveredelements="18"/>
        </class>
        <line num="23" type="method" name="install" visibility="public" complexity="1" crap="2" count="0"/>
        <line num="25" type="stmt" count="0"/>
        <line num="32" type="method" name="uninstall" visibility="public" complexity="1" crap="2" count="0"/>
        <line num="34" type="stmt" count="0"/>
        <line num="41" type="method" name="installByRelation" visibility="public" complexity="4" crap="4" count="1"/>
        <line num="43" type="stmt" count="1"/>
        <line num="44" type="stmt" count="1"/>
        <line num="45" type="stmt" count="1"/>
        <line num="46" type="stmt" count="1"/>
        <line num="47" type="stmt" count="1"/>
        <line num="50" type="stmt" count="1"/>
        <line num="51" type="stmt" count="1"/>
        <line num="59" type="method" name="uninstallByRelation" visibility="public" complexity="6" crap="6" count="3"/>
        <line num="61" type="stmt" count="3"/>
        <line num="62" type="stmt" count="3"/>
        <line num="63" type="stmt" count="3"/>
        <line num="64" type="stmt" count="1"/>
        <line num="66" type="stmt" count="2"/>
        <line num="67" type="stmt" count="2"/>
        <line num="68" type="stmt" count="1"/>
        <line num="69" type="stmt" count="1"/>
        <line num="71" type="stmt" count="1"/>
        <metrics loc="75" ncloc="55" classes="1" methods="4" coveredmethods="2" conditionals="0" coveredconditionals="0" statements="18" coveredstatements="16" elements="22" coveredelements="18"/>
      </file>
      <file name="/home/wwwroot/erikwang2013/xhprof-webman/src/Webman/StaticController.php">
        <class name="ErikWang2013\Xhprof\Webman\StaticController" namespace="ErikWang2013\Xhprof\Webman">
          <metrics complexity="1" methods="1" coveredmethods="1" conditionals="0" coveredconditionals="0" statements="4" coveredstatements="4" elements="5" coveredelements="5"/>
        </class>
        <line num="15" type="method" name="serve" visibility="public" complexity="1" crap="1" count="2"/>
        <line num="17" type="stmt" count="2"/>
        <line num="18" type="stmt" count="2"/>
        <line num="19" type="stmt" count="2"/>
        <line num="20" type="stmt" count="2"/>
        <metrics loc="23" ncloc="23" classes="1" methods="1" coveredmethods="1" conditionals="0" coveredconditionals="0" statements="4" coveredstatements="4" elements="5" coveredelements="5"/>
      </file>
      <file name="/home/wwwroot/erikwang2013/xhprof-webman/src/Webman/Xhprof.php">
        <class name="ErikWang2013\Xhprof\Webman\Xhprof" namespace="ErikWang2013\Xhprof\Webman">
          <metrics complexity="0" methods="0" coveredmethods="0" conditionals="0" coveredconditionals="0" statements="0" coveredstatements="0" elements="0" coveredelements="0"/>
        </class>
        <metrics loc="10" ncloc="10" classes="0" methods="0" coveredmethods="0" conditionals="0" coveredconditionals="0" statements="0" coveredstatements="0" elements="0" coveredelements="0"/>
      </file>
      <file name="/home/wwwroot/erikwang2013/xhprof-webman/src/Webman/XhprofMiddleware.php">
        <class name="ErikWang2013\Xhprof\Webman\XhprofMiddleware" namespace="ErikWang2013\Xhprof\Webman">
          <metrics complexity="7" methods="1" coveredmethods="0" conditionals="0" coveredconditionals="0" statements="15" coveredstatements="13" elements="16" coveredelements="13"/>
        </class>
        <line num="21" type="method" name="process" visibility="public" complexity="7" crap="7.12" count="4"/>
        <line num="23" type="stmt" count="4"/>
        <line num="24" type="stmt" count="4"/>
        <line num="26" type="stmt" count="4"/>
        <line num="28" type="stmt" count="4"/>
        <line num="29" type="stmt" count="4"/>
        <line num="30" type="stmt" count="4"/>
        <line num="32" type="stmt" count="4"/>
        <line num="33" type="stmt" count="0"/>
        <line num="35" type="stmt" count="4"/>
        <line num="36" type="stmt" count="0"/>
        <line num="39" type="stmt" count="4"/>
        <line num="40" type="stmt" count="3"/>
        <line num="44" type="stmt" count="4"/>
        <line num="46" type="stmt" count="4"/>
        <line num="47" type="stmt" count="3"/>
        <metrics loc="52" ncloc="52" classes="1" methods="1" coveredmethods="0" conditionals="0" coveredconditionals="0" statements="15" coveredstatements="13" elements="16" coveredelements="13"/>
      </file>
    </package>
    <file name="/home/wwwroot/erikwang2013/xhprof-webman/src/Webman/config/plugin/aaron-dev/xhprof/app.php">
      <line num="2" type="stmt" count="0"/>
      <line num="3" type="stmt" count="0"/>
      <line num="4" type="stmt" count="0"/>
      <metrics loc="4" ncloc="4" classes="0" methods="0" coveredmethods="0" conditionals="0" coveredconditionals="0" statements="3" coveredstatements="0" elements="3" coveredelements="0"/>
    </file>
    <file name="/home/wwwroot/erikwang2013/xhprof-webman/src/Webman/config/plugin/aaron-dev/xhprof/xhprof.php">
      <line num="3" type="stmt" count="0"/>
      <line num="4" type="stmt" count="0"/>
      <line num="5" type="stmt" count="0"/>
      <line num="6" type="stmt" count="0"/>
      <line num="7" type="stmt" count="0"/>
      <line num="8" type="stmt" count="0"/>
      <line num="10" type="stmt" count="0"/>
      <line num="11" type="stmt" count="0"/>
      <line num="12" type="stmt" count="0"/>
      <line num="13" type="stmt" count="0"/>
      <line num="14" type="stmt" count="0"/>
      <metrics loc="15" ncloc="8" classes="0" methods="0" coveredmethods="0" conditionals="0" coveredconditionals="0" statements="11" coveredstatements="0" elements="11" coveredelements="0"/>
    </file>
    <metrics files="47" loc="3875" ncloc="3643" classes="34" methods="199" coveredmethods="184" conditionals="0" coveredconditionals="0" statements="1623" coveredstatements="1417" elements="1822" coveredelements="1601"/>
  </project>
</coverage>
