<?xml version="1.0" encoding="UTF-8"?>
<testsuites>
  <testsuite name="/home/wwwroot/erikwang2013/xhprof-webman/phpunit.xml" tests="283" assertions="837" errors="0" failures="0" skipped="0" time="1.232719">
    <testsuite name="unit" tests="283" assertions="837" errors="0" failures="0" skipped="0" time="1.232719">
      <testsuite name="ErikWang2013\Xhprof\Tests\Unit\Adapter\HyperfTest" file="/home/wwwroot/erikwang2013/xhprof-webman/tests/Unit/Adapter/HyperfTest.php" tests="20" assertions="68" errors="0" failures="0" skipped="0" time="0.061376">
        <testcase name="configAdapterDelegatesToHyperfConfig" file="/home/wwwroot/erikwang2013/xhprof-webman/tests/Unit/Adapter/HyperfTest.php" line="107" class="ErikWang2013\Xhprof\Tests\Unit\Adapter\HyperfTest" classname="ErikWang2013.Xhprof.Tests.Unit.Adapter.HyperfTest" assertions="3" time="0.012268"/>
        <testcase name="logAdapterForwardsToPsrLogger" file="/home/wwwroot/erikwang2013/xhprof-webman/tests/Unit/Adapter/HyperfTest.php" line="116" class="ErikWang2013\Xhprof\Tests\Unit\Adapter\HyperfTest" classname="ErikWang2013.Xhprof.Tests.Unit.Adapter.HyperfTest" assertions="2" time="0.002817"/>
        <testcase name="redisAdapterPassthrough" file="/home/wwwroot/erikwang2013/xhprof-webman/tests/Unit/Adapter/HyperfTest.php" line="133" class="ErikWang2013\Xhprof\Tests\Unit\Adapter\HyperfTest" classname="ErikWang2013.Xhprof.Tests.Unit.Adapter.HyperfTest" assertions="12" time="0.003458"/>
        <testcase name="requestAdapterDelegates" file="/home/wwwroot/erikwang2013/xhprof-webman/tests/Unit/Adapter/HyperfTest.php" line="157" class="ErikWang2013\Xhprof\Tests\Unit\Adapter\HyperfTest" classname="ErikWang2013.Xhprof.Tests.Unit.Adapter.HyperfTest" assertions="9" time="0.002102"/>
        <testsuite name="ErikWang2013\Xhprof\Tests\Unit\Adapter\HyperfTest::requestAdapterGetRealIp" tests="4" assertions="4" errors="0" failures="0" skipped="0" time="0.004605">
          <testcase name="requestAdapterGetRealIp with data set &quot;x-forwarded-for 多 IP 取第一个&quot;" file="/home/wwwroot/erikwang2013/xhprof-webman/tests/Unit/Adapter/HyperfTest.php" line="206" class="ErikWang2013\Xhprof\Tests\Unit\Adapter\HyperfTest" classname="ErikWang2013.Xhprof.Tests.Unit.Adapter.HyperfTest" assertions="1" time="0.001431"/>
          <testcase name="requestAdapterGetRealIp with data set &quot;x-real-ip 兜底&quot;" file="/home/wwwroot/erikwang2013/xhprof-webman/tests/Unit/Adapter/HyperfTest.php" line="206" class="ErikWang2013\Xhprof\Tests\Unit\Adapter\HyperfTest" classname="ErikWang2013.Xhprof.Tests.Unit.Adapter.HyperfTest" assertions="1" time="0.001187"/>
          <testcase name="requestAdapterGetRealIp with data set &quot;remote_addr 默认&quot;" file="/home/wwwroot/erikwang2013/xhprof-webman/tests/Unit/Adapter/HyperfTest.php" line="206" class="ErikWang2013\Xhprof\Tests\Unit\Adapter\HyperfTest" classname="ErikWang2013.Xhprof.Tests.Unit.Adapter.HyperfTest" assertions="1" time="0.001039"/>
          <testcase name="requestAdapterGetRealIp with data set &quot;无 server 数据返回 127.0.0.1&quot;" file="/home/wwwroot/erikwang2013/xhprof-webman/tests/Unit/Adapter/HyperfTest.php" line="206" class="ErikWang2013\Xhprof\Tests\Unit\Adapter\HyperfTest" classname="ErikWang2013.Xhprof.Tests.Unit.Adapter.HyperfTest" assertions="1" time="0.000949"/>
        </testsuite>
        <testcase name="responseAdapterBodyHeadersStatus" file="/home/wwwroot/erikwang2013/xhprof-webman/tests/Unit/Adapter/HyperfTest.php" line="213" class="ErikWang2013\Xhprof\Tests\Unit\Adapter\HyperfTest" classname="ErikWang2013.Xhprof.Tests.Unit.Adapter.HyperfTest" assertions="4" time="0.001956"/>
        <testsuite name="ErikWang2013\Xhprof\Tests\Unit\Adapter\HyperfTest::responseAdapterFileMapsMime" tests="8" assertions="24" errors="0" failures="0" skipped="0" time="0.016291">
          <testcase name="responseAdapterFileMapsMime with data set &quot;css&quot;" file="/home/wwwroot/erikwang2013/xhprof-webman/tests/Unit/Adapter/HyperfTest.php" line="246" class="ErikWang2013\Xhprof\Tests\Unit\Adapter\HyperfTest" classname="ErikWang2013.Xhprof.Tests.Unit.Adapter.HyperfTest" assertions="3" time="0.002556"/>
          <testcase name="responseAdapterFileMapsMime with data set &quot;js&quot;" file="/home/wwwroot/erikwang2013/xhprof-webman/tests/Unit/Adapter/HyperfTest.php" line="246" class="ErikWang2013\Xhprof\Tests\Unit\Adapter\HyperfTest" classname="ErikWang2013.Xhprof.Tests.Unit.Adapter.HyperfTest" assertions="3" time="0.001510"/>
          <testcase name="responseAdapterFileMapsMime with data set &quot;png&quot;" file="/home/wwwroot/erikwang2013/xhprof-webman/tests/Unit/Adapter/HyperfTest.php" line="246" class="ErikWang2013\Xhprof\Tests\Unit\Adapter\HyperfTest" classname="ErikWang2013.Xhprof.Tests.Unit.Adapter.HyperfTest" assertions="3" time="0.001574"/>
          <testcase name="responseAdapterFileMapsMime with data set &quot;gif&quot;" file="/home/wwwroot/erikwang2013/xhprof-webman/tests/Unit/Adapter/HyperfTest.php" line="246" class="ErikWang2013\Xhprof\Tests\Unit\Adapter\HyperfTest" classname="ErikWang2013.Xhprof.Tests.Unit.Adapter.HyperfTest" assertions="3" time="0.001741"/>
          <testcase name="responseAdapterFileMapsMime with data set &quot;jpg&quot;" file="/home/wwwroot/erikwang2013/xhprof-webman/tests/Unit/Adapter/HyperfTest.php" line="246" class="ErikWang2013\Xhprof\Tests\Unit\Adapter\HyperfTest" classname="ErikWang2013.Xhprof.Tests.Unit.Adapter.HyperfTest" assertions="3" time="0.001877"/>
          <testcase name="responseAdapterFileMapsMime with data set &quot;jpeg&quot;" file="/home/wwwroot/erikwang2013/xhprof-webman/tests/Unit/Adapter/HyperfTest.php" line="246" class="ErikWang2013\Xhprof\Tests\Unit\Adapter\HyperfTest" classname="ErikWang2013.Xhprof.Tests.Unit.Adapter.HyperfTest" assertions="3" time="0.001710"/>
          <testcase name="responseAdapterFileMapsMime with data set &quot;svg&quot;" file="/home/wwwroot/erikwang2013/xhprof-webman/tests/Unit/Adapter/HyperfTest.php" line="246" class="ErikWang2013\Xhprof\Tests\Unit\Adapter\HyperfTest" classname="ErikWang2013.Xhprof.Tests.Unit.Adapter.HyperfTest" assertions="3" time="0.003558"/>
          <testcase name="responseAdapterFileMapsMime with data set &quot;unknown&quot;" file="/home/wwwroot/erikwang2013/xhprof-webman/tests/Unit/Adapter/HyperfTest.php" line="246" class="ErikWang2013\Xhprof\Tests\Unit\Adapter\HyperfTest" classname="ErikWang2013.Xhprof.Tests.Unit.Adapter.HyperfTest" assertions="3" time="0.001765"/>
        </testsuite>
        <testcase name="responseAdapterFileMissingReturns404" file="/home/wwwroot/erikwang2013/xhprof-webman/tests/Unit/Adapter/HyperfTest.php" line="258" class="ErikWang2013\Xhprof\Tests\Unit\Adapter\HyperfTest" classname="ErikWang2013.Xhprof.Tests.Unit.Adapter.HyperfTest" assertions="1" time="0.008814"/>
        <testcase name="middlewareBootstrapsAndReturnsHandlerResponse" file="/home/wwwroot/erikwang2013/xhprof-webman/tests/Unit/Adapter/HyperfTest.php" line="266" class="ErikWang2013\Xhprof\Tests\Unit\Adapter\HyperfTest" classname="ErikWang2013.Xhprof.Tests.Unit.Adapter.HyperfTest" assertions="4" time="0.006044"/>
        <testcase name="configProviderReturnsMiddlewareAndPublish" file="/home/wwwroot/erikwang2013/xhprof-webman/tests/Unit/Adapter/HyperfTest.php" line="311" class="ErikWang2013\Xhprof\Tests\Unit\Adapter\HyperfTest" classname="ErikWang2013.Xhprof.Tests.Unit.Adapter.HyperfTest" assertions="5" time="0.003022"/>
      </testsuite>
      <testsuite name="ErikWang2013\Xhprof\Tests\Unit\Adapter\LaravelTest" file="/home/wwwroot/erikwang2013/xhprof-webman/tests/Unit/Adapter/LaravelTest.php" tests="8" assertions="47" errors="0" failures="0" skipped="0" time="0.020656">
        <testcase name="configAdapterReadsLaravelConfigTree" file="/home/wwwroot/erikwang2013/xhprof-webman/tests/Unit/Adapter/LaravelTest.php" line="82" class="ErikWang2013\Xhprof\Tests\Unit\Adapter\LaravelTest" classname="ErikWang2013.Xhprof.Tests.Unit.Adapter.LaravelTest" assertions="5" time="0.003711"/>
        <testcase name="logAdapterForwardsToFacade" file="/home/wwwroot/erikwang2013/xhprof-webman/tests/Unit/Adapter/LaravelTest.php" line="96" class="ErikWang2013\Xhprof\Tests\Unit\Adapter\LaravelTest" classname="ErikWang2013.Xhprof.Tests.Unit.Adapter.LaravelTest" assertions="2" time="0.001759"/>
        <testcase name="redisAdapterPassthrough" file="/home/wwwroot/erikwang2013/xhprof-webman/tests/Unit/Adapter/LaravelTest.php" line="104" class="ErikWang2013\Xhprof\Tests\Unit\Adapter\LaravelTest" classname="ErikWang2013.Xhprof.Tests.Unit.Adapter.LaravelTest" assertions="13" time="0.002998"/>
        <testcase name="requestAdapterDelegates" file="/home/wwwroot/erikwang2013/xhprof-webman/tests/Unit/Adapter/LaravelTest.php" line="128" class="ErikWang2013\Xhprof\Tests\Unit\Adapter\LaravelTest" classname="ErikWang2013.Xhprof.Tests.Unit.Adapter.LaravelTest" assertions="10" time="0.002113"/>
        <testcase name="responseAdapterBodyHeadersStatus" file="/home/wwwroot/erikwang2013/xhprof-webman/tests/Unit/Adapter/LaravelTest.php" line="153" class="ErikWang2013\Xhprof\Tests\Unit\Adapter\LaravelTest" classname="ErikWang2013.Xhprof.Tests.Unit.Adapter.LaravelTest" assertions="5" time="0.002016"/>
        <testcase name="responseAdapterFile" file="/home/wwwroot/erikwang2013/xhprof-webman/tests/Unit/Adapter/LaravelTest.php" line="169" class="ErikWang2013\Xhprof\Tests\Unit\Adapter\LaravelTest" classname="ErikWang2013.Xhprof.Tests.Unit.Adapter.LaravelTest" assertions="2" time="0.001896"/>
        <testcase name="middlewareBootstrapsAndReturnsHandlerResponse" file="/home/wwwroot/erikwang2013/xhprof-webman/tests/Unit/Adapter/LaravelTest.php" line="190" class="ErikWang2013\Xhprof\Tests\Unit\Adapter\LaravelTest" classname="ErikWang2013.Xhprof.Tests.Unit.Adapter.LaravelTest" assertions="5" time="0.003495"/>
        <testcase name="serviceProviderRegistersAndPublishes" file="/home/wwwroot/erikwang2013/xhprof-webman/tests/Unit/Adapter/LaravelTest.php" line="214" class="ErikWang2013\Xhprof\Tests\Unit\Adapter\LaravelTest" classname="ErikWang2013.Xhprof.Tests.Unit.Adapter.LaravelTest" assertions="5" time="0.002666"/>
      </testsuite>
      <testsuite name="ErikWang2013\Xhprof\Tests\Unit\Adapter\ThinkphpTest" file="/home/wwwroot/erikwang2013/xhprof-webman/tests/Unit/Adapter/ThinkphpTest.php" tests="16" assertions="77" errors="0" failures="0" skipped="0" time="0.031105">
        <testcase name="configAdapterReadsThinkConfigTree" file="/home/wwwroot/erikwang2013/xhprof-webman/tests/Unit/Adapter/ThinkphpTest.php" line="178" class="ErikWang2013\Xhprof\Tests\Unit\Adapter\ThinkphpTest" classname="ErikWang2013.Xhprof.Tests.Unit.Adapter.ThinkphpTest" assertions="4" time="0.002076"/>
        <testcase name="logAdapterForwardsWithJsonContext" file="/home/wwwroot/erikwang2013/xhprof-webman/tests/Unit/Adapter/ThinkphpTest.php" line="189" class="ErikWang2013\Xhprof\Tests\Unit\Adapter\ThinkphpTest" classname="ErikWang2013.Xhprof.Tests.Unit.Adapter.ThinkphpTest" assertions="2" time="0.001761"/>
        <testcase name="redisAdapterFallbackViaCacheStore" file="/home/wwwroot/erikwang2013/xhprof-webman/tests/Unit/Adapter/ThinkphpTest.php" line="197" class="ErikWang2013\Xhprof\Tests\Unit\Adapter\ThinkphpTest" classname="ErikWang2013.Xhprof.Tests.Unit.Adapter.ThinkphpTest" assertions="12" time="0.003328"/>
        <testcase name="redisAdapterDirectPathWithRedisHandler" file="/home/wwwroot/erikwang2013/xhprof-webman/tests/Unit/Adapter/ThinkphpTest.php" line="223" class="ErikWang2013\Xhprof\Tests\Unit\Adapter\ThinkphpTest" classname="ErikWang2013.Xhprof.Tests.Unit.Adapter.ThinkphpTest" assertions="13" time="0.001558"/>
        <testcase name="requestAdapterDelegates" file="/home/wwwroot/erikwang2013/xhprof-webman/tests/Unit/Adapter/ThinkphpTest.php" line="255" class="ErikWang2013\Xhprof\Tests\Unit\Adapter\ThinkphpTest" classname="ErikWang2013.Xhprof.Tests.Unit.Adapter.ThinkphpTest" assertions="10" time="0.002222"/>
        <testcase name="responseAdapterBodyHeadersStatus" file="/home/wwwroot/erikwang2013/xhprof-webman/tests/Unit/Adapter/ThinkphpTest.php" line="280" class="ErikWang2013\Xhprof\Tests\Unit\Adapter\ThinkphpTest" classname="ErikWang2013.Xhprof.Tests.Unit.Adapter.ThinkphpTest" assertions="5" time="0.002318"/>
        <testsuite name="ErikWang2013\Xhprof\Tests\Unit\Adapter\ThinkphpTest::responseAdapterFileMapsMime" tests="8" assertions="24" errors="0" failures="0" skipped="0" time="0.012866">
          <testcase name="responseAdapterFileMapsMime with data set &quot;css&quot;" file="/home/wwwroot/erikwang2013/xhprof-webman/tests/Unit/Adapter/ThinkphpTest.php" line="314" class="ErikWang2013\Xhprof\Tests\Unit\Adapter\ThinkphpTest" classname="ErikWang2013.Xhprof.Tests.Unit.Adapter.ThinkphpTest" assertions="3" time="0.001498"/>
          <testcase name="responseAdapterFileMapsMime with data set &quot;js&quot;" file="/home/wwwroot/erikwang2013/xhprof-webman/tests/Unit/Adapter/ThinkphpTest.php" line="314" class="ErikWang2013\Xhprof\Tests\Unit\Adapter\ThinkphpTest" classname="ErikWang2013.Xhprof.Tests.Unit.Adapter.ThinkphpTest" assertions="3" time="0.001643"/>
          <testcase name="responseAdapterFileMapsMime with data set &quot;png&quot;" file="/home/wwwroot/erikwang2013/xhprof-webman/tests/Unit/Adapter/ThinkphpTest.php" line="314" class="ErikWang2013\Xhprof\Tests\Unit\Adapter\ThinkphpTest" classname="ErikWang2013.Xhprof.Tests.Unit.Adapter.ThinkphpTest" assertions="3" time="0.001596"/>
          <testcase name="responseAdapterFileMapsMime with data set &quot;gif&quot;" file="/home/wwwroot/erikwang2013/xhprof-webman/tests/Unit/Adapter/ThinkphpTest.php" line="314" class="ErikWang2013\Xhprof\Tests\Unit\Adapter\ThinkphpTest" classname="ErikWang2013.Xhprof.Tests.Unit.Adapter.ThinkphpTest" assertions="3" time="0.001481"/>
          <testcase name="responseAdapterFileMapsMime with data set &quot;jpg&quot;" file="/home/wwwroot/erikwang2013/xhprof-webman/tests/Unit/Adapter/ThinkphpTest.php" line="314" class="ErikWang2013\Xhprof\Tests\Unit\Adapter\ThinkphpTest" classname="ErikWang2013.Xhprof.Tests.Unit.Adapter.ThinkphpTest" assertions="3" time="0.001511"/>
          <testcase name="responseAdapterFileMapsMime with data set &quot;jpeg&quot;" file="/home/wwwroot/erikwang2013/xhprof-webman/tests/Unit/Adapter/ThinkphpTest.php" line="314" class="ErikWang2013\Xhprof\Tests\Unit\Adapter\ThinkphpTest" classname="ErikWang2013.Xhprof.Tests.Unit.Adapter.ThinkphpTest" assertions="3" time="0.001993"/>
          <testcase name="responseAdapterFileMapsMime with data set &quot;svg&quot;" file="/home/wwwroot/erikwang2013/xhprof-webman/tests/Unit/Adapter/ThinkphpTest.php" line="314" class="ErikWang2013\Xhprof\Tests\Unit\Adapter\ThinkphpTest" classname="ErikWang2013.Xhprof.Tests.Unit.Adapter.ThinkphpTest" assertions="3" time="0.001654"/>
          <testcase name="responseAdapterFileMapsMime with data set &quot;unknown&quot;" file="/home/wwwroot/erikwang2013/xhprof-webman/tests/Unit/Adapter/ThinkphpTest.php" line="314" class="ErikWang2013\Xhprof\Tests\Unit\Adapter\ThinkphpTest" classname="ErikWang2013.Xhprof.Tests.Unit.Adapter.ThinkphpTest" assertions="3" time="0.001492"/>
        </testsuite>
        <testcase name="responseAdapterFileMissingReturns404" file="/home/wwwroot/erikwang2013/xhprof-webman/tests/Unit/Adapter/ThinkphpTest.php" line="326" class="ErikWang2013\Xhprof\Tests\Unit\Adapter\ThinkphpTest" classname="ErikWang2013.Xhprof.Tests.Unit.Adapter.ThinkphpTest" assertions="2" time="0.001487"/>
        <testcase name="middlewareBootstrapsAndReturnsHandlerResponse" file="/home/wwwroot/erikwang2013/xhprof-webman/tests/Unit/Adapter/ThinkphpTest.php" line="336" class="ErikWang2013\Xhprof\Tests\Unit\Adapter\ThinkphpTest" classname="ErikWang2013.Xhprof.Tests.Unit.Adapter.ThinkphpTest" assertions="5" time="0.003489"/>
      </testsuite>
      <testsuite name="ErikWang2013\Xhprof\Tests\Unit\Adapter\WebmanTest" file="/home/wwwroot/erikwang2013/xhprof-webman/tests/Unit/Adapter/WebmanTest.php" tests="14" assertions="68" errors="0" failures="0" skipped="0" time="0.033931">
        <testcase name="configGetResolvesPluginPrefixedTree" file="/home/wwwroot/erikwang2013/xhprof-webman/tests/Unit/Adapter/WebmanTest.php" line="115" class="ErikWang2013\Xhprof\Tests\Unit\Adapter\WebmanTest" classname="ErikWang2013.Xhprof.Tests.Unit.Adapter.WebmanTest" assertions="5" time="0.002054"/>
        <testcase name="logAdapterForwardsToSupportLog" file="/home/wwwroot/erikwang2013/xhprof-webman/tests/Unit/Adapter/WebmanTest.php" line="133" class="ErikWang2013\Xhprof\Tests\Unit\Adapter\WebmanTest" classname="ErikWang2013.Xhprof.Tests.Unit.Adapter.WebmanTest" assertions="2" time="0.001919"/>
        <testcase name="redisAdapterPassthrough" file="/home/wwwroot/erikwang2013/xhprof-webman/tests/Unit/Adapter/WebmanTest.php" line="141" class="ErikWang2013\Xhprof\Tests\Unit\Adapter\WebmanTest" classname="ErikWang2013.Xhprof.Tests.Unit.Adapter.WebmanTest" assertions="13" time="0.002560"/>
        <testcase name="requestAdapterDelegates" file="/home/wwwroot/erikwang2013/xhprof-webman/tests/Unit/Adapter/WebmanTest.php" line="165" class="ErikWang2013\Xhprof\Tests\Unit\Adapter\WebmanTest" classname="ErikWang2013.Xhprof.Tests.Unit.Adapter.WebmanTest" assertions="10" time="0.002056"/>
        <testcase name="responseAdapterBodyHeadersStatus" file="/home/wwwroot/erikwang2013/xhprof-webman/tests/Unit/Adapter/WebmanTest.php" line="190" class="ErikWang2013\Xhprof\Tests\Unit\Adapter\WebmanTest" classname="ErikWang2013.Xhprof.Tests.Unit.Adapter.WebmanTest" assertions="7" time="0.001934"/>
        <testcase name="responseAdapterFile" file="/home/wwwroot/erikwang2013/xhprof-webman/tests/Unit/Adapter/WebmanTest.php" line="210" class="ErikWang2013\Xhprof\Tests\Unit\Adapter\WebmanTest" classname="ErikWang2013.Xhprof.Tests.Unit.Adapter.WebmanTest" assertions="4" time="0.001206"/>
        <testcase name="middlewareBootstrapsAndReturnsHandlerResponse" file="/home/wwwroot/erikwang2013/xhprof-webman/tests/Unit/Adapter/WebmanTest.php" line="227" class="ErikWang2013\Xhprof\Tests\Unit\Adapter\WebmanTest" classname="ErikWang2013.Xhprof.Tests.Unit.Adapter.WebmanTest" assertions="6" time="0.003756"/>
        <testcase name="staticControllerServesRealAsset" file="/home/wwwroot/erikwang2013/xhprof-webman/tests/Unit/Adapter/WebmanTest.php" line="254" class="ErikWang2013\Xhprof\Tests\Unit\Adapter\WebmanTest" classname="ErikWang2013.Xhprof.Tests.Unit.Adapter.WebmanTest" assertions="4" time="0.004710"/>
        <testcase name="staticControllerRejectsInvalidPaths" file="/home/wwwroot/erikwang2013/xhprof-webman/tests/Unit/Adapter/WebmanTest.php" line="266" class="ErikWang2013\Xhprof\Tests\Unit\Adapter\WebmanTest" classname="ErikWang2013.Xhprof.Tests.Unit.Adapter.WebmanTest" assertions="6" time="0.001522"/>
        <testcase name="xhprofFacadeExtendsCore" file="/home/wwwroot/erikwang2013/xhprof-webman/tests/Unit/Adapter/WebmanTest.php" line="277" class="ErikWang2013\Xhprof\Tests\Unit\Adapter\WebmanTest" classname="ErikWang2013.Xhprof.Tests.Unit.Adapter.WebmanTest" assertions="4" time="0.001662"/>
        <testcase name="installByRelationCopiesConfig" file="/home/wwwroot/erikwang2013/xhprof-webman/tests/Unit/Adapter/WebmanTest.php" line="286" class="ErikWang2013\Xhprof\Tests\Unit\Adapter\WebmanTest" classname="ErikWang2013.Xhprof.Tests.Unit.Adapter.WebmanTest" assertions="3" time="0.004917">
          <system-out>Create config/plugin/aaron-dev/xhprof</system-out>
        </testcase>
        <testcase name="uninstallByRelationSkipsWhenMissing" file="/home/wwwroot/erikwang2013/xhprof-webman/tests/Unit/Adapter/WebmanTest.php" line="301" class="ErikWang2013\Xhprof\Tests\Unit\Adapter\WebmanTest" classname="ErikWang2013.Xhprof.Tests.Unit.Adapter.WebmanTest" assertions="2" time="0.001458"/>
        <testcase name="uninstallByRelationUnlinksFile" file="/home/wwwroot/erikwang2013/xhprof-webman/tests/Unit/Adapter/WebmanTest.php" line="315" class="ErikWang2013\Xhprof\Tests\Unit\Adapter\WebmanTest" classname="ErikWang2013.Xhprof.Tests.Unit.Adapter.WebmanTest" assertions="1" time="0.002021">
          <system-out>Remove config/plugin/aaron-dev/xhprof</system-out>
        </testcase>
        <testcase name="uninstallByRelationRemovesDir" file="/home/wwwroot/erikwang2013/xhprof-webman/tests/Unit/Adapter/WebmanTest.php" line="329" class="ErikWang2013\Xhprof\Tests\Unit\Adapter\WebmanTest" classname="ErikWang2013.Xhprof.Tests.Unit.Adapter.WebmanTest" assertions="1" time="0.002154">
          <system-out>Remove config/plugin/aaron-dev/xhprof</system-out>
        </testcase>
      </testsuite>
      <testsuite name="ErikWang2013\Xhprof\Tests\Unit\Adapter\WiringTest" file="/home/wwwroot/erikwang2013/xhprof-webman/tests/Unit/Adapter/WiringTest.php" tests="16" assertions="92" errors="0" failures="0" skipped="0" time="0.039890">
        <testcase name="webmanXhprofFacadeExistsAndInherits" file="/home/wwwroot/erikwang2013/xhprof-webman/tests/Unit/Adapter/WiringTest.php" line="109" class="ErikWang2013\Xhprof\Tests\Unit\Adapter\WiringTest" classname="ErikWang2013.Xhprof.Tests.Unit.Adapter.WiringTest" assertions="4" time="0.001098"/>
        <testcase name="laravelEntryClassesExist" file="/home/wwwroot/erikwang2013/xhprof-webman/tests/Unit/Adapter/WiringTest.php" line="118" class="ErikWang2013\Xhprof\Tests\Unit\Adapter\WiringTest" classname="ErikWang2013.Xhprof.Tests.Unit.Adapter.WiringTest" assertions="4" time="0.001285"/>
        <testcase name="thinkphpEntryClassExists" file="/home/wwwroot/erikwang2013/xhprof-webman/tests/Unit/Adapter/WiringTest.php" line="127" class="ErikWang2013\Xhprof\Tests\Unit\Adapter\WiringTest" classname="ErikWang2013.Xhprof.Tests.Unit.Adapter.WiringTest" assertions="2" time="0.000967"/>
        <testcase name="hyperfEntryClassesExist" file="/home/wwwroot/erikwang2013/xhprof-webman/tests/Unit/Adapter/WiringTest.php" line="134" class="ErikWang2013\Xhprof\Tests\Unit\Adapter\WiringTest" classname="ErikWang2013.Xhprof.Tests.Unit.Adapter.WiringTest" assertions="4" time="0.000980"/>
        <testcase name="webmanMiddlewareRecordsWhenEnabled" file="/home/wwwroot/erikwang2013/xhprof-webman/tests/Unit/Adapter/WiringTest.php" line="170" class="ErikWang2013\Xhprof\Tests\Unit\Adapter\WiringTest" classname="ErikWang2013.Xhprof.Tests.Unit.Adapter.WiringTest" assertions="9" time="0.006270"/>
        <testcase name="webmanMiddlewareSkipsWhenDisabled" file="/home/wwwroot/erikwang2013/xhprof-webman/tests/Unit/Adapter/WiringTest.php" line="190" class="ErikWang2013\Xhprof\Tests\Unit\Adapter\WiringTest" classname="ErikWang2013.Xhprof.Tests.Unit.Adapter.WiringTest" assertions="3" time="0.001561"/>
        <testcase name="webmanMiddlewareFinallyRunsWhenHandlerThrows" file="/home/wwwroot/erikwang2013/xhprof-webman/tests/Unit/Adapter/WiringTest.php" line="204" class="ErikWang2013\Xhprof\Tests\Unit\Adapter\WiringTest" classname="ErikWang2013.Xhprof.Tests.Unit.Adapter.WiringTest" assertions="9" time="0.002642"/>
        <testcase name="laravelMiddlewareRecordsWhenEnabled" file="/home/wwwroot/erikwang2013/xhprof-webman/tests/Unit/Adapter/WiringTest.php" line="229" class="ErikWang2013\Xhprof\Tests\Unit\Adapter\WiringTest" classname="ErikWang2013.Xhprof.Tests.Unit.Adapter.WiringTest" assertions="8" time="0.002991"/>
        <testcase name="laravelMiddlewareSkipsWhenDisabled" file="/home/wwwroot/erikwang2013/xhprof-webman/tests/Unit/Adapter/WiringTest.php" line="246" class="ErikWang2013\Xhprof\Tests\Unit\Adapter\WiringTest" classname="ErikWang2013.Xhprof.Tests.Unit.Adapter.WiringTest" assertions="2" time="0.001626"/>
        <testcase name="laravelMiddlewareFinallyRunsWhenHandlerThrows" file="/home/wwwroot/erikwang2013/xhprof-webman/tests/Unit/Adapter/WiringTest.php" line="257" class="ErikWang2013\Xhprof\Tests\Unit\Adapter\WiringTest" classname="ErikWang2013.Xhprof.Tests.Unit.Adapter.WiringTest" assertions="9" time="0.002561"/>
        <testcase name="thinkphpMiddlewareRecordsWhenEnabled" file="/home/wwwroot/erikwang2013/xhprof-webman/tests/Unit/Adapter/WiringTest.php" line="280" class="ErikWang2013\Xhprof\Tests\Unit\Adapter\WiringTest" classname="ErikWang2013.Xhprof.Tests.Unit.Adapter.WiringTest" assertions="8" time="0.004439"/>
        <testcase name="thinkphpMiddlewareSkipsWhenDisabled" file="/home/wwwroot/erikwang2013/xhprof-webman/tests/Unit/Adapter/WiringTest.php" line="298" class="ErikWang2013\Xhprof\Tests\Unit\Adapter\WiringTest" classname="ErikWang2013.Xhprof.Tests.Unit.Adapter.WiringTest" assertions="3" time="0.001829"/>
        <testcase name="thinkphpMiddlewareFinallyRunsWhenHandlerThrows" file="/home/wwwroot/erikwang2013/xhprof-webman/tests/Unit/Adapter/WiringTest.php" line="311" class="ErikWang2013\Xhprof\Tests\Unit\Adapter\WiringTest" classname="ErikWang2013.Xhprof.Tests.Unit.Adapter.WiringTest" assertions="9" time="0.003497"/>
        <testcase name="hyperfMiddlewareRecordsWhenEnabled" file="/home/wwwroot/erikwang2013/xhprof-webman/tests/Unit/Adapter/WiringTest.php" line="357" class="ErikWang2013\Xhprof\Tests\Unit\Adapter\WiringTest" classname="ErikWang2013.Xhprof.Tests.Unit.Adapter.WiringTest" assertions="7" time="0.003510"/>
        <testcase name="hyperfMiddlewareSkipsWhenDisabled" file="/home/wwwroot/erikwang2013/xhprof-webman/tests/Unit/Adapter/WiringTest.php" line="369" class="ErikWang2013\Xhprof\Tests\Unit\Adapter\WiringTest" classname="ErikWang2013.Xhprof.Tests.Unit.Adapter.WiringTest" assertions="2" time="0.001680"/>
        <testcase name="hyperfMiddlewareFinallyRunsWhenHandlerThrows" file="/home/wwwroot/erikwang2013/xhprof-webman/tests/Unit/Adapter/WiringTest.php" line="379" class="ErikWang2013\Xhprof\Tests\Unit\Adapter\WiringTest" classname="ErikWang2013.Xhprof.Tests.Unit.Adapter.WiringTest" assertions="9" time="0.002953"/>
      </testsuite>
      <testsuite name="ErikWang2013\Xhprof\Tests\Unit\Core\StaticControllerTest" file="/home/wwwroot/erikwang2013/xhprof-webman/tests/Unit/Core/StaticControllerTest.php" tests="25" assertions="82" errors="0" failures="0" skipped="0" time="0.037199">
        <testcase name="getPackageRootPointsToPackageRoot" file="/home/wwwroot/erikwang2013/xhprof-webman/tests/Unit/Core/StaticControllerTest.php" line="26" class="ErikWang2013\Xhprof\Tests\Unit\Core\StaticControllerTest" classname="ErikWang2013.Xhprof.Tests.Unit.Core.StaticControllerTest" assertions="5" time="0.001685"/>
        <testcase name="getAssetsPathPointsToExistingHtmlDir" file="/home/wwwroot/erikwang2013/xhprof-webman/tests/Unit/Core/StaticControllerTest.php" line="38" class="ErikWang2013\Xhprof\Tests\Unit\Core\StaticControllerTest" classname="ErikWang2013.Xhprof.Tests.Unit.Core.StaticControllerTest" assertions="5" time="0.001467"/>
        <testcase name="serveReturnsFileForValidAssetPath" file="/home/wwwroot/erikwang2013/xhprof-webman/tests/Unit/Core/StaticControllerTest.php" line="50" class="ErikWang2013\Xhprof\Tests\Unit\Core\StaticControllerTest" classname="ErikWang2013.Xhprof.Tests.Unit.Core.StaticControllerTest" assertions="6" time="0.001717"/>
        <testcase name="serveAcceptsFullUrlWithQueryString" file="/home/wwwroot/erikwang2013/xhprof-webman/tests/Unit/Core/StaticControllerTest.php" line="68" class="ErikWang2013\Xhprof\Tests\Unit\Core\StaticControllerTest" classname="ErikWang2013.Xhprof.Tests.Unit.Core.StaticControllerTest" assertions="3" time="0.001107"/>
        <testcase name="serveServesJqueryFromSubdirectory" file="/home/wwwroot/erikwang2013/xhprof-webman/tests/Unit/Core/StaticControllerTest.php" line="80" class="ErikWang2013\Xhprof\Tests\Unit\Core\StaticControllerTest" classname="ErikWang2013.Xhprof.Tests.Unit.Core.StaticControllerTest" assertions="2" time="0.001471"/>
        <testcase name="serveSetsCacheControlHeaderOnly" file="/home/wwwroot/erikwang2013/xhprof-webman/tests/Unit/Core/StaticControllerTest.php" line="91" class="ErikWang2013\Xhprof\Tests\Unit\Core\StaticControllerTest" classname="ErikWang2013.Xhprof.Tests.Unit.Core.StaticControllerTest" assertions="1" time="0.001188"/>
        <testsuite name="ErikWang2013\Xhprof\Tests\Unit\Core\StaticControllerTest::serveRejectsPathTraversal" tests="7" assertions="21" errors="0" failures="0" skipped="0" time="0.008749">
          <testcase name="serveRejectsPathTraversal with data set &quot;dotdot segment&quot;" file="/home/wwwroot/erikwang2013/xhprof-webman/tests/Unit/Core/StaticControllerTest.php" line="116" class="ErikWang2013\Xhprof\Tests\Unit\Core\StaticControllerTest" classname="ErikWang2013.Xhprof.Tests.Unit.Core.StaticControllerTest" assertions="3" time="0.001383"/>
          <testcase name="serveRejectsPathTraversal with data set &quot;dotdot mid path&quot;" file="/home/wwwroot/erikwang2013/xhprof-webman/tests/Unit/Core/StaticControllerTest.php" line="116" class="ErikWang2013\Xhprof\Tests\Unit\Core\StaticControllerTest" classname="ErikWang2013.Xhprof.Tests.Unit.Core.StaticControllerTest" assertions="3" time="0.001170"/>
          <testcase name="serveRejectsPathTraversal with data set &quot;dotdot deep&quot;" file="/home/wwwroot/erikwang2013/xhprof-webman/tests/Unit/Core/StaticControllerTest.php" line="116" class="ErikWang2013\Xhprof\Tests\Unit\Core\StaticControllerTest" classname="ErikWang2013.Xhprof.Tests.Unit.Core.StaticControllerTest" assertions="3" time="0.001082"/>
          <testcase name="serveRejectsPathTraversal with data set &quot;encoded slash-dotdot&quot;" file="/home/wwwroot/erikwang2013/xhprof-webman/tests/Unit/Core/StaticControllerTest.php" line="116" class="ErikWang2013\Xhprof\Tests\Unit\Core\StaticControllerTest" classname="ErikWang2013.Xhprof.Tests.Unit.Core.StaticControllerTest" assertions="3" time="0.001314"/>
          <testcase name="serveRejectsPathTraversal with data set &quot;double encoded&quot;" file="/home/wwwroot/erikwang2013/xhprof-webman/tests/Unit/Core/StaticControllerTest.php" line="116" class="ErikWang2013\Xhprof\Tests\Unit\Core\StaticControllerTest" classname="ErikWang2013.Xhprof.Tests.Unit.Core.StaticControllerTest" assertions="3" time="0.001249"/>
          <testcase name="serveRejectsPathTraversal with data set &quot;backslash trick&quot;" file="/home/wwwroot/erikwang2013/xhprof-webman/tests/Unit/Core/StaticControllerTest.php" line="116" class="ErikWang2013\Xhprof\Tests\Unit\Core\StaticControllerTest" classname="ErikWang2013.Xhprof.Tests.Unit.Core.StaticControllerTest" assertions="3" time="0.001196"/>
          <testcase name="serveRejectsPathTraversal with data set &quot;dotdot with full url&quot;" file="/home/wwwroot/erikwang2013/xhprof-webman/tests/Unit/Core/StaticControllerTest.php" line="116" class="ErikWang2013\Xhprof\Tests\Unit\Core\StaticControllerTest" classname="ErikWang2013.Xhprof.Tests.Unit.Core.StaticControllerTest" assertions="3" time="0.001356"/>
        </testsuite>
        <testsuite name="ErikWang2013\Xhprof\Tests\Unit\Core\StaticControllerTest::serveReturnsEmptyBodyForInvalidOrNonMatchingUri" tests="7" assertions="28" errors="0" failures="0" skipped="0" time="0.010467">
          <testcase name="serveReturnsEmptyBodyForInvalidOrNonMatchingUri with data set &quot;non-prefix path&quot;" file="/home/wwwroot/erikwang2013/xhprof-webman/tests/Unit/Core/StaticControllerTest.php" line="143" class="ErikWang2013\Xhprof\Tests\Unit\Core\StaticControllerTest" classname="ErikWang2013.Xhprof.Tests.Unit.Core.StaticControllerTest" assertions="4" time="0.001813"/>
          <testcase name="serveReturnsEmptyBodyForInvalidOrNonMatchingUri with data set &quot;missing leading slash&quot;" file="/home/wwwroot/erikwang2013/xhprof-webman/tests/Unit/Core/StaticControllerTest.php" line="143" class="ErikWang2013\Xhprof\Tests\Unit\Core\StaticControllerTest" classname="ErikWang2013.Xhprof.Tests.Unit.Core.StaticControllerTest" assertions="4" time="0.001314"/>
          <testcase name="serveReturnsEmptyBodyForInvalidOrNonMatchingUri with data set &quot;prefix without slash&quot;" file="/home/wwwroot/erikwang2013/xhprof-webman/tests/Unit/Core/StaticControllerTest.php" line="143" class="ErikWang2013\Xhprof\Tests\Unit\Core\StaticControllerTest" classname="ErikWang2013.Xhprof.Tests.Unit.Core.StaticControllerTest" assertions="4" time="0.001373"/>
          <testcase name="serveReturnsEmptyBodyForInvalidOrNonMatchingUri with data set &quot;prefix with trailing slash&quot;" file="/home/wwwroot/erikwang2013/xhprof-webman/tests/Unit/Core/StaticControllerTest.php" line="143" class="ErikWang2013\Xhprof\Tests\Unit\Core\StaticControllerTest" classname="ErikWang2013.Xhprof.Tests.Unit.Core.StaticControllerTest" assertions="4" time="0.001418"/>
          <testcase name="serveReturnsEmptyBodyForInvalidOrNonMatchingUri with data set &quot;empty path&quot;" file="/home/wwwroot/erikwang2013/xhprof-webman/tests/Unit/Core/StaticControllerTest.php" line="143" class="ErikWang2013\Xhprof\Tests\Unit\Core\StaticControllerTest" classname="ErikWang2013.Xhprof.Tests.Unit.Core.StaticControllerTest" assertions="4" time="0.001462"/>
          <testcase name="serveReturnsEmptyBodyForInvalidOrNonMatchingUri with data set &quot;root&quot;" file="/home/wwwroot/erikwang2013/xhprof-webman/tests/Unit/Core/StaticControllerTest.php" line="143" class="ErikWang2013\Xhprof\Tests\Unit\Core\StaticControllerTest" classname="ErikWang2013.Xhprof.Tests.Unit.Core.StaticControllerTest" assertions="4" time="0.001683"/>
          <testcase name="serveReturnsEmptyBodyForInvalidOrNonMatchingUri with data set &quot;scheme only&quot;" file="/home/wwwroot/erikwang2013/xhprof-webman/tests/Unit/Core/StaticControllerTest.php" line="143" class="ErikWang2013\Xhprof\Tests\Unit\Core\StaticControllerTest" classname="ErikWang2013.Xhprof.Tests.Unit.Core.StaticControllerTest" assertions="4" time="0.001403"/>
        </testsuite>
        <testcase name="serveReturnsEmptyBodyForMissingFile" file="/home/wwwroot/erikwang2013/xhprof-webman/tests/Unit/Core/StaticControllerTest.php" line="156" class="ErikWang2013\Xhprof\Tests\Unit\Core\StaticControllerTest" classname="ErikWang2013.Xhprof.Tests.Unit.Core.StaticControllerTest" assertions="2" time="0.001310"/>
        <testcase name="serveReturnsEmptyBodyForEmptyUri" file="/home/wwwroot/erikwang2013/xhprof-webman/tests/Unit/Core/StaticControllerTest.php" line="167" class="ErikWang2013\Xhprof\Tests\Unit\Core\StaticControllerTest" classname="ErikWang2013.Xhprof.Tests.Unit.Core.StaticControllerTest" assertions="2" time="0.002688"/>
        <testcase name="serveDoesNotLeakParentDirectoryContent" file="/home/wwwroot/erikwang2013/xhprof-webman/tests/Unit/Core/StaticControllerTest.php" line="179" class="ErikWang2013\Xhprof\Tests\Unit\Core\StaticControllerTest" classname="ErikWang2013.Xhprof.Tests.Unit.Core.StaticControllerTest" assertions="3" time="0.001683"/>
        <testcase name="serveRejectsSiblingRealpathOutsideAssets" file="/home/wwwroot/erikwang2013/xhprof-webman/tests/Unit/Core/StaticControllerTest.php" line="194" class="ErikWang2013\Xhprof\Tests\Unit\Core\StaticControllerTest" classname="ErikWang2013.Xhprof.Tests.Unit.Core.StaticControllerTest" assertions="2" time="0.002377"/>
        <testcase name="serveIsIdempotentAcrossCalls" file="/home/wwwroot/erikwang2013/xhprof-webman/tests/Unit/Core/StaticControllerTest.php" line="206" class="ErikWang2013\Xhprof\Tests\Unit\Core\StaticControllerTest" classname="ErikWang2013.Xhprof.Tests.Unit.Core.StaticControllerTest" assertions="2" time="0.001291"/>
      </testsuite>
      <testsuite name="ErikWang2013\Xhprof\Tests\Unit\Core\XhprofProfilerTest" file="/home/wwwroot/erikwang2013/xhprof-webman/tests/Unit/Core/XhprofProfilerTest.php" tests="12" assertions="27" errors="0" failures="0" skipped="0" time="0.023532">
        <testcase name="startStopRoundTripSavesRunToCache" file="/home/wwwroot/erikwang2013/xhprof-webman/tests/Unit/Core/XhprofProfilerTest.php" line="101" class="ErikWang2013\Xhprof\Tests\Unit\Core\XhprofProfilerTest" classname="ErikWang2013.Xhprof.Tests.Unit.Core.XhprofProfilerTest" assertions="4" time="0.002753"/>
        <testcase name="startStopWhenTimeLimitExceededSkipsSave" file="/home/wwwroot/erikwang2013/xhprof-webman/tests/Unit/Core/XhprofProfilerTest.php" line="127" class="ErikWang2013\Xhprof\Tests\Unit\Core\XhprofProfilerTest" classname="ErikWang2013.Xhprof.Tests.Unit.Core.XhprofProfilerTest" assertions="1" time="0.001792"/>
        <testcase name="bootstrapMapsConfigToStatics" file="/home/wwwroot/erikwang2013/xhprof-webman/tests/Unit/Core/XhprofProfilerTest.php" line="143" class="ErikWang2013\Xhprof\Tests\Unit\Core\XhprofProfilerTest" classname="ErikWang2013.Xhprof.Tests.Unit.Core.XhprofProfilerTest" assertions="5" time="0.002106"/>
        <testcase name="bootstrapAppliesDefaultsForMissingConfigKeys" file="/home/wwwroot/erikwang2013/xhprof-webman/tests/Unit/Core/XhprofProfilerTest.php" line="164" class="ErikWang2013\Xhprof\Tests\Unit\Core\XhprofProfilerTest" classname="ErikWang2013.Xhprof.Tests.Unit.Core.XhprofProfilerTest" assertions="5" time="0.001605"/>
        <testcase name="bootstrapReadsNumericStringsAsInts" file="/home/wwwroot/erikwang2013/xhprof-webman/tests/Unit/Core/XhprofProfilerTest.php" line="181" class="ErikWang2013\Xhprof\Tests\Unit\Core\XhprofProfilerTest" classname="ErikWang2013.Xhprof.Tests.Unit.Core.XhprofProfilerTest" assertions="4" time="0.002222"/>
        <testcase name="bootstrapWithNullConfigLeavesStaticsUntouched" file="/home/wwwroot/erikwang2013/xhprof-webman/tests/Unit/Core/XhprofProfilerTest.php" line="200" class="ErikWang2013\Xhprof\Tests\Unit\Core\XhprofProfilerTest" classname="ErikWang2013.Xhprof.Tests.Unit.Core.XhprofProfilerTest" assertions="1" time="0.002968"/>
        <testcase name="profilerBootstrapWithNullConfigReturnsEarly" file="/home/wwwroot/erikwang2013/xhprof-webman/tests/Unit/Core/XhprofProfilerTest.php" line="213" class="ErikWang2013\Xhprof\Tests\Unit\Core\XhprofProfilerTest" classname="ErikWang2013.Xhprof.Tests.Unit.Core.XhprofProfilerTest" assertions="2" time="0.001613"/>
        <testcase name="isEnabledReturnsTrueWhenEnableSet" file="/home/wwwroot/erikwang2013/xhprof-webman/tests/Unit/Core/XhprofProfilerTest.php" line="227" class="ErikWang2013\Xhprof\Tests\Unit\Core\XhprofProfilerTest" classname="ErikWang2013.Xhprof.Tests.Unit.Core.XhprofProfilerTest" assertions="1" time="0.001586"/>
        <testcase name="isEnabledReturnsFalseWhenEnableMissing" file="/home/wwwroot/erikwang2013/xhprof-webman/tests/Unit/Core/XhprofProfilerTest.php" line="236" class="ErikWang2013\Xhprof\Tests\Unit\Core\XhprofProfilerTest" classname="ErikWang2013.Xhprof.Tests.Unit.Core.XhprofProfilerTest" assertions="1" time="0.001701"/>
        <testcase name="isEnabledReturnsFalseWhenEnableFalse" file="/home/wwwroot/erikwang2013/xhprof-webman/tests/Unit/Core/XhprofProfilerTest.php" line="242" class="ErikWang2013\Xhprof\Tests\Unit\Core\XhprofProfilerTest" classname="ErikWang2013.Xhprof.Tests.Unit.Core.XhprofProfilerTest" assertions="1" time="0.001571"/>
        <testcase name="isEnabledReturnsFalseWhenEnableIsNonBooleanTruthy" file="/home/wwwroot/erikwang2013/xhprof-webman/tests/Unit/Core/XhprofProfilerTest.php" line="251" class="ErikWang2013\Xhprof\Tests\Unit\Core\XhprofProfilerTest" classname="ErikWang2013.Xhprof.Tests.Unit.Core.XhprofProfilerTest" assertions="1" time="0.001773"/>
        <testcase name="isEnabledReturnsFalseWhenNoConfigBound" file="/home/wwwroot/erikwang2013/xhprof-webman/tests/Unit/Core/XhprofProfilerTest.php" line="261" class="ErikWang2013\Xhprof\Tests\Unit\Core\XhprofProfilerTest" classname="ErikWang2013.Xhprof.Tests.Unit.Core.XhprofProfilerTest" assertions="1" time="0.001842"/>
      </testsuite>
      <testsuite name="ErikWang2013\Xhprof\Tests\Unit\Core\XhprofTest" file="/home/wwwroot/erikwang2013/xhprof-webman/tests/Unit/Core/XhprofTest.php" tests="43" assertions="107" errors="0" failures="0" skipped="0" time="0.105431">
        <testcase name="bootstrapInjectsAdaptersIntoStatics" file="/home/wwwroot/erikwang2013/xhprof-webman/tests/Unit/Core/XhprofTest.php" line="78" class="ErikWang2013\Xhprof\Tests\Unit\Core\XhprofTest" classname="ErikWang2013.Xhprof.Tests.Unit.Core.XhprofTest" assertions="5" time="0.001610"/>
        <testcase name="gettersReturnInjectedAdapters" file="/home/wwwroot/erikwang2013/xhprof-webman/tests/Unit/Core/XhprofTest.php" line="88" class="ErikWang2013\Xhprof\Tests\Unit\Core\XhprofTest" classname="ErikWang2013.Xhprof.Tests.Unit.Core.XhprofTest" assertions="7" time="0.001630"/>
        <testcase name="gettersReturnNullWhenNotBootstrapped" file="/home/wwwroot/erikwang2013/xhprof-webman/tests/Unit/Core/XhprofTest.php" line="100" class="ErikWang2013\Xhprof\Tests\Unit\Core\XhprofTest" classname="ErikWang2013.Xhprof.Tests.Unit.Core.XhprofTest" assertions="5" time="0.001609"/>
        <testcase name="bootstrapWithoutArgumentsAutoDetectsHyperf" file="/home/wwwroot/erikwang2013/xhprof-webman/tests/Unit/Core/XhprofTest.php" line="132" class="ErikWang2013\Xhprof\Tests\Unit\Core\XhprofTest" classname="ErikWang2013.Xhprof.Tests.Unit.Core.XhprofTest" assertions="6" time="0.002225"/>
        <testcase name="bootstrapWithoutArgumentsAndMissingBindingsThrows" file="/home/wwwroot/erikwang2013/xhprof-webman/tests/Unit/Core/XhprofTest.php" line="147" class="ErikWang2013\Xhprof\Tests\Unit\Core\XhprofTest" classname="ErikWang2013.Xhprof.Tests.Unit.Core.XhprofTest" assertions="1" time="0.002435"/>
        <testcase name="hyperfModeStoresAdaptersInCoroutineContext" file="/home/wwwroot/erikwang2013/xhprof-webman/tests/Unit/Core/XhprofTest.php" line="155" class="ErikWang2013\Xhprof\Tests\Unit\Core\XhprofTest" classname="ErikWang2013.Xhprof.Tests.Unit.Core.XhprofTest" assertions="6" time="0.001961"/>
        <testcase name="hyperfModeIndexEnforcesAuthToken" file="/home/wwwroot/erikwang2013/xhprof-webman/tests/Unit/Core/XhprofTest.php" line="173" class="ErikWang2013\Xhprof\Tests\Unit\Core\XhprofTest" classname="ErikWang2013.Xhprof.Tests.Unit.Core.XhprofTest" assertions="2" time="0.002189"/>
        <testcase name="indexReturns403ForbiddenWithoutToken" file="/home/wwwroot/erikwang2013/xhprof-webman/tests/Unit/Core/XhprofTest.php" line="185" class="ErikWang2013\Xhprof\Tests\Unit\Core\XhprofTest" classname="ErikWang2013.Xhprof.Tests.Unit.Core.XhprofTest" assertions="3" time="0.001812"/>
        <testcase name="indexReturns403ForbiddenWithWrongToken" file="/home/wwwroot/erikwang2013/xhprof-webman/tests/Unit/Core/XhprofTest.php" line="198" class="ErikWang2013\Xhprof\Tests\Unit\Core\XhprofTest" classname="ErikWang2013.Xhprof.Tests.Unit.Core.XhprofTest" assertions="2" time="0.001644"/>
        <testcase name="indexAllowsRequestWithCorrectToken" file="/home/wwwroot/erikwang2013/xhprof-webman/tests/Unit/Core/XhprofTest.php" line="211" class="ErikWang2013\Xhprof\Tests\Unit\Core\XhprofTest" classname="ErikWang2013.Xhprof.Tests.Unit.Core.XhprofTest" assertions="4" time="0.007387"/>
        <testcase name="indexReturns400ForInvalidRunId" file="/home/wwwroot/erikwang2013/xhprof-webman/tests/Unit/Core/XhprofTest.php" line="228" class="ErikWang2013\Xhprof\Tests\Unit\Core\XhprofTest" classname="ErikWang2013.Xhprof.Tests.Unit.Core.XhprofTest" assertions="3" time="0.001831"/>
        <testsuite name="ErikWang2013\Xhprof\Tests\Unit\Core\XhprofTest::indexReturns400ForInvalidRunIdVariants" tests="7" assertions="14" errors="0" failures="0" skipped="0" time="0.012946">
          <testcase name="indexReturns400ForInvalidRunIdVariants with data set &quot;path traversal&quot;" file="/home/wwwroot/erikwang2013/xhprof-webman/tests/Unit/Core/XhprofTest.php" line="256" class="ErikWang2013\Xhprof\Tests\Unit\Core\XhprofTest" classname="ErikWang2013.Xhprof.Tests.Unit.Core.XhprofTest" assertions="2" time="0.002186"/>
          <testcase name="indexReturns400ForInvalidRunIdVariants with data set &quot;too short&quot;" file="/home/wwwroot/erikwang2013/xhprof-webman/tests/Unit/Core/XhprofTest.php" line="256" class="ErikWang2013\Xhprof\Tests\Unit\Core\XhprofTest" classname="ErikWang2013.Xhprof.Tests.Unit.Core.XhprofTest" assertions="2" time="0.001636"/>
          <testcase name="indexReturns400ForInvalidRunIdVariants with data set &quot;non-hex char&quot;" file="/home/wwwroot/erikwang2013/xhprof-webman/tests/Unit/Core/XhprofTest.php" line="256" class="ErikWang2013\Xhprof\Tests\Unit\Core\XhprofTest" classname="ErikWang2013.Xhprof.Tests.Unit.Core.XhprofTest" assertions="2" time="0.001980"/>
          <testcase name="indexReturns400ForInvalidRunIdVariants with data set &quot;uppercase non-hex&quot;" file="/home/wwwroot/erikwang2013/xhprof-webman/tests/Unit/Core/XhprofTest.php" line="256" class="ErikWang2013\Xhprof\Tests\Unit\Core\XhprofTest" classname="ErikWang2013.Xhprof.Tests.Unit.Core.XhprofTest" assertions="2" time="0.001418"/>
          <testcase name="indexReturns400ForInvalidRunIdVariants with data set &quot;too long&quot;" file="/home/wwwroot/erikwang2013/xhprof-webman/tests/Unit/Core/XhprofTest.php" line="256" class="ErikWang2013\Xhprof\Tests\Unit\Core\XhprofTest" classname="ErikWang2013.Xhprof.Tests.Unit.Core.XhprofTest" assertions="2" time="0.001672"/>
          <testcase name="indexReturns400ForInvalidRunIdVariants with data set &quot;empty-ish whitespace&quot;" file="/home/wwwroot/erikwang2013/xhprof-webman/tests/Unit/Core/XhprofTest.php" line="256" class="ErikWang2013\Xhprof\Tests\Unit\Core\XhprofTest" classname="ErikWang2013.Xhprof.Tests.Unit.Core.XhprofTest" assertions="2" time="0.001985"/>
          <testcase name="indexReturns400ForInvalidRunIdVariants with data set &quot;slash inside&quot;" file="/home/wwwroot/erikwang2013/xhprof-webman/tests/Unit/Core/XhprofTest.php" line="256" class="ErikWang2013\Xhprof\Tests\Unit\Core\XhprofTest" classname="ErikWang2013.Xhprof.Tests.Unit.Core.XhprofTest" assertions="2" time="0.002070"/>
        </testsuite>
        <testsuite name="ErikWang2013\Xhprof\Tests\Unit\Core\XhprofTest::indexReturns400ForInvalidRun1Variant" tests="7" assertions="7" errors="0" failures="0" skipped="0" time="0.014646">
          <testcase name="indexReturns400ForInvalidRun1Variant with data set &quot;path traversal&quot;" file="/home/wwwroot/erikwang2013/xhprof-webman/tests/Unit/Core/XhprofTest.php" line="269" class="ErikWang2013\Xhprof\Tests\Unit\Core\XhprofTest" classname="ErikWang2013.Xhprof.Tests.Unit.Core.XhprofTest" assertions="1" time="0.002130"/>
          <testcase name="indexReturns400ForInvalidRun1Variant with data set &quot;too short&quot;" file="/home/wwwroot/erikwang2013/xhprof-webman/tests/Unit/Core/XhprofTest.php" line="269" class="ErikWang2013\Xhprof\Tests\Unit\Core\XhprofTest" classname="ErikWang2013.Xhprof.Tests.Unit.Core.XhprofTest" assertions="1" time="0.002396"/>
          <testcase name="indexReturns400ForInvalidRun1Variant with data set &quot;non-hex char&quot;" file="/home/wwwroot/erikwang2013/xhprof-webman/tests/Unit/Core/XhprofTest.php" line="269" class="ErikWang2013\Xhprof\Tests\Unit\Core\XhprofTest" classname="ErikWang2013.Xhprof.Tests.Unit.Core.XhprofTest" assertions="1" time="0.001873"/>
          <testcase name="indexReturns400ForInvalidRun1Variant with data set &quot;uppercase non-hex&quot;" file="/home/wwwroot/erikwang2013/xhprof-webman/tests/Unit/Core/XhprofTest.php" line="269" class="ErikWang2013\Xhprof\Tests\Unit\Core\XhprofTest" classname="ErikWang2013.Xhprof.Tests.Unit.Core.XhprofTest" assertions="1" time="0.002121"/>
          <testcase name="indexReturns400ForInvalidRun1Variant with data set &quot;too long&quot;" file="/home/wwwroot/erikwang2013/xhprof-webman/tests/Unit/Core/XhprofTest.php" line="269" class="ErikWang2013\Xhprof\Tests\Unit\Core\XhprofTest" classname="ErikWang2013.Xhprof.Tests.Unit.Core.XhprofTest" assertions="1" time="0.002089"/>
          <testcase name="indexReturns400ForInvalidRun1Variant with data set &quot;empty-ish whitespace&quot;" file="/home/wwwroot/erikwang2013/xhprof-webman/tests/Unit/Core/XhprofTest.php" line="269" class="ErikWang2013\Xhprof\Tests\Unit\Core\XhprofTest" classname="ErikWang2013.Xhprof.Tests.Unit.Core.XhprofTest" assertions="1" time="0.002095"/>
          <testcase name="indexReturns400ForInvalidRun1Variant with data set &quot;slash inside&quot;" file="/home/wwwroot/erikwang2013/xhprof-webman/tests/Unit/Core/XhprofTest.php" line="269" class="ErikWang2013\Xhprof\Tests\Unit\Core\XhprofTest" classname="ErikWang2013.Xhprof.Tests.Unit.Core.XhprofTest" assertions="1" time="0.001942"/>
        </testsuite>
        <testcase name="indexReturns400WhenAnyIdInCommaSeparatedRunIsInvalid" file="/home/wwwroot/erikwang2013/xhprof-webman/tests/Unit/Core/XhprofTest.php" line="280" class="ErikWang2013\Xhprof\Tests\Unit\Core\XhprofTest" classname="ErikWang2013.Xhprof.Tests.Unit.Core.XhprofTest" assertions="2" time="0.001840"/>
        <testsuite name="ErikWang2013\Xhprof\Tests\Unit\Core\XhprofTest::indexReturns400ForInvalidSource" tests="5" assertions="10" errors="0" failures="0" skipped="0" time="0.009630">
          <testcase name="indexReturns400ForInvalidSource with data set &quot;path traversal&quot;" file="/home/wwwroot/erikwang2013/xhprof-webman/tests/Unit/Core/XhprofTest.php" line="305" class="ErikWang2013\Xhprof\Tests\Unit\Core\XhprofTest" classname="ErikWang2013.Xhprof.Tests.Unit.Core.XhprofTest" assertions="2" time="0.002021"/>
          <testcase name="indexReturns400ForInvalidSource with data set &quot;uppercase&quot;" file="/home/wwwroot/erikwang2013/xhprof-webman/tests/Unit/Core/XhprofTest.php" line="305" class="ErikWang2013\Xhprof\Tests\Unit\Core\XhprofTest" classname="ErikWang2013.Xhprof.Tests.Unit.Core.XhprofTest" assertions="2" time="0.001933"/>
          <testcase name="indexReturns400ForInvalidSource with data set &quot;space&quot;" file="/home/wwwroot/erikwang2013/xhprof-webman/tests/Unit/Core/XhprofTest.php" line="305" class="ErikWang2013\Xhprof\Tests\Unit\Core\XhprofTest" classname="ErikWang2013.Xhprof.Tests.Unit.Core.XhprofTest" assertions="2" time="0.001892"/>
          <testcase name="indexReturns400ForInvalidSource with data set &quot;too long&quot;" file="/home/wwwroot/erikwang2013/xhprof-webman/tests/Unit/Core/XhprofTest.php" line="305" class="ErikWang2013\Xhprof\Tests\Unit\Core\XhprofTest" classname="ErikWang2013.Xhprof.Tests.Unit.Core.XhprofTest" assertions="2" time="0.001857"/>
          <testcase name="indexReturns400ForInvalidSource with data set &quot;empty string&quot;" file="/home/wwwroot/erikwang2013/xhprof-webman/tests/Unit/Core/XhprofTest.php" line="305" class="ErikWang2013\Xhprof\Tests\Unit\Core\XhprofTest" classname="ErikWang2013.Xhprof.Tests.Unit.Core.XhprofTest" assertions="2" time="0.001927"/>
        </testsuite>
        <testcase name="indexReturnsHtmlForValidRunWithSeededData" file="/home/wwwroot/erikwang2013/xhprof-webman/tests/Unit/Core/XhprofTest.php" line="317" class="ErikWang2013\Xhprof\Tests\Unit\Core\XhprofTest" classname="ErikWang2013.Xhprof.Tests.Unit.Core.XhprofTest" assertions="7" time="0.004684"/>
        <testcase name="indexListsRunsWhenNoRunParamGiven" file="/home/wwwroot/erikwang2013/xhprof-webman/tests/Unit/Core/XhprofTest.php" line="336" class="ErikWang2013\Xhprof\Tests\Unit\Core\XhprofTest" classname="ErikWang2013.Xhprof.Tests.Unit.Core.XhprofTest" assertions="3" time="0.003425"/>
        <testcase name="indexUsesConfiguredAssetsUrl" file="/home/wwwroot/erikwang2013/xhprof-webman/tests/Unit/Core/XhprofTest.php" line="346" class="ErikWang2013\Xhprof\Tests\Unit\Core\XhprofTest" classname="ErikWang2013.Xhprof.Tests.Unit.Core.XhprofTest" assertions="2" time="0.003933"/>
        <testcase name="indexFallsBackToUiHtmlStaticWhenNoAssetsUrl" file="/home/wwwroot/erikwang2013/xhprof-webman/tests/Unit/Core/XhprofTest.php" line="358" class="ErikWang2013\Xhprof\Tests\Unit\Core\XhprofTest" classname="ErikWang2013.Xhprof.Tests.Unit.Core.XhprofTest" assertions="2" time="0.003887"/>
        <testcase name="indexUsesCustomKeyPrefixForCacheLookup" file="/home/wwwroot/erikwang2013/xhprof-webman/tests/Unit/Core/XhprofTest.php" line="368" class="ErikWang2013\Xhprof\Tests\Unit\Core\XhprofTest" classname="ErikWang2013.Xhprof.Tests.Unit.Core.XhprofTest" assertions="1" time="0.005070"/>
        <testcase name="indexWithSymbolParamRendersHtml" file="/home/wwwroot/erikwang2013/xhprof-webman/tests/Unit/Core/XhprofTest.php" line="386" class="ErikWang2013\Xhprof\Tests\Unit\Core\XhprofTest" classname="ErikWang2013.Xhprof.Tests.Unit.Core.XhprofTest" assertions="2" time="0.004218"/>
        <testcase name="denyWithoutResponseBoundReturnsBody" file="/home/wwwroot/erikwang2013/xhprof-webman/tests/Unit/Core/XhprofTest.php" line="400" class="ErikWang2013\Xhprof\Tests\Unit\Core\XhprofTest" classname="ErikWang2013.Xhprof.Tests.Unit.Core.XhprofTest" assertions="2" time="0.001557"/>
        <testcase name="denyForBadRequestWithoutResponseBoundReturnsBody" file="/home/wwwroot/erikwang2013/xhprof-webman/tests/Unit/Core/XhprofTest.php" line="413" class="ErikWang2013\Xhprof\Tests\Unit\Core\XhprofTest" classname="ErikWang2013.Xhprof.Tests.Unit.Core.XhprofTest" assertions="2" time="0.001623"/>
        <testcase name="indexWithArrayRunValueDenied" file="/home/wwwroot/erikwang2013/xhprof-webman/tests/Unit/Core/XhprofTest.php" line="425" class="ErikWang2013\Xhprof\Tests\Unit\Core\XhprofTest" classname="ErikWang2013.Xhprof.Tests.Unit.Core.XhprofTest" assertions="2" time="0.001166"/>
        <testcase name="indexWithTwoRunsAndNoWtsRendersHtml" file="/home/wwwroot/erikwang2013/xhprof-webman/tests/Unit/Core/XhprofTest.php" line="437" class="ErikWang2013\Xhprof\Tests\Unit\Core\XhprofTest" classname="ErikWang2013.Xhprof.Tests.Unit.Core.XhprofTest" assertions="2" time="0.004016"/>
        <testcase name="indexWithUnknownRunIdRendersGracefully" file="/home/wwwroot/erikwang2013/xhprof-webman/tests/Unit/Core/XhprofTest.php" line="451" class="ErikWang2013\Xhprof\Tests\Unit\Core\XhprofTest" classname="ErikWang2013.Xhprof.Tests.Unit.Core.XhprofTest" assertions="2" time="0.004237"/>
        <testcase name="xhprofStartStopRunsWithoutError" file="/home/wwwroot/erikwang2013/xhprof-webman/tests/Unit/Core/XhprofTest.php" line="463" class="ErikWang2013\Xhprof\Tests\Unit\Core\XhprofTest" classname="ErikWang2013.Xhprof.Tests.Unit.Core.XhprofTest" assertions="3" time="0.002220"/>
      </testsuite>
      <testsuite name="ErikWang2013\Xhprof\Tests\Unit\Lib\XHProfRunsDefaultTest" file="/home/wwwroot/erikwang2013/xhprof-webman/tests/Unit/Lib/XHProfRunsDefaultTest.php" tests="34" assertions="57" errors="0" failures="0" skipped="0" time="0.056831">
        <testsuite name="ErikWang2013\Xhprof\Tests\Unit\Lib\XHProfRunsDefaultTest::validRunIdAcceptsHexIds" tests="3" assertions="3" errors="0" failures="0" skipped="0" time="0.005094">
          <testcase name="validRunIdAcceptsHexIds with data set &quot;16 hex chars&quot;" file="/home/wwwroot/erikwang2013/xhprof-webman/tests/Unit/Lib/XHProfRunsDefaultTest.php" line="110" class="ErikWang2013\Xhprof\Tests\Unit\Lib\XHProfRunsDefaultTest" classname="ErikWang2013.Xhprof.Tests.Unit.Lib.XHProfRunsDefaultTest" assertions="1" time="0.001599"/>
          <testcase name="validRunIdAcceptsHexIds with data set &quot;13 hex chars&quot;" file="/home/wwwroot/erikwang2013/xhprof-webman/tests/Unit/Lib/XHProfRunsDefaultTest.php" line="110" class="ErikWang2013\Xhprof\Tests\Unit\Lib\XHProfRunsDefaultTest" classname="ErikWang2013.Xhprof.Tests.Unit.Lib.XHProfRunsDefaultTest" assertions="1" time="0.001686"/>
          <testcase name="validRunIdAcceptsHexIds with data set &quot;32 hex chars&quot;" file="/home/wwwroot/erikwang2013/xhprof-webman/tests/Unit/Lib/XHProfRunsDefaultTest.php" line="110" class="ErikWang2013\Xhprof\Tests\Unit\Lib\XHProfRunsDefaultTest" classname="ErikWang2013.Xhprof.Tests.Unit.Lib.XHProfRunsDefaultTest" assertions="1" time="0.001809"/>
        </testsuite>
        <testsuite name="ErikWang2013\Xhprof\Tests\Unit\Lib\XHProfRunsDefaultTest::validRunIdRejectsInvalidIds" tests="8" assertions="8" errors="0" failures="0" skipped="0" time="0.012896">
          <testcase name="validRunIdRejectsInvalidIds with data set &quot;uppercase&quot;" file="/home/wwwroot/erikwang2013/xhprof-webman/tests/Unit/Lib/XHProfRunsDefaultTest.php" line="126" class="ErikWang2013\Xhprof\Tests\Unit\Lib\XHProfRunsDefaultTest" classname="ErikWang2013.Xhprof.Tests.Unit.Lib.XHProfRunsDefaultTest" assertions="1" time="0.001635"/>
          <testcase name="validRunIdRejectsInvalidIds with data set &quot;non hex char&quot;" file="/home/wwwroot/erikwang2013/xhprof-webman/tests/Unit/Lib/XHProfRunsDefaultTest.php" line="126" class="ErikWang2013\Xhprof\Tests\Unit\Lib\XHProfRunsDefaultTest" classname="ErikWang2013.Xhprof.Tests.Unit.Lib.XHProfRunsDefaultTest" assertions="1" time="0.001861"/>
          <testcase name="validRunIdRejectsInvalidIds with data set &quot;too short&quot;" file="/home/wwwroot/erikwang2013/xhprof-webman/tests/Unit/Lib/XHProfRunsDefaultTest.php" line="126" class="ErikWang2013\Xhprof\Tests\Unit\Lib\XHProfRunsDefaultTest" classname="ErikWang2013.Xhprof.Tests.Unit.Lib.XHProfRunsDefaultTest" assertions="1" time="0.001461"/>
          <testcase name="validRunIdRejectsInvalidIds with data set &quot;too long&quot;" file="/home/wwwroot/erikwang2013/xhprof-webman/tests/Unit/Lib/XHProfRunsDefaultTest.php" line="126" class="ErikWang2013\Xhprof\Tests\Unit\Lib\XHProfRunsDefaultTest" classname="ErikWang2013.Xhprof.Tests.Unit.Lib.XHProfRunsDefaultTest" assertions="1" time="0.001631"/>
          <testcase name="validRunIdRejectsInvalidIds with data set &quot;empty string&quot;" file="/home/wwwroot/erikwang2013/xhprof-webman/tests/Unit/Lib/XHProfRunsDefaultTest.php" line="126" class="ErikWang2013\Xhprof\Tests\Unit\Lib\XHProfRunsDefaultTest" classname="ErikWang2013.Xhprof.Tests.Unit.Lib.XHProfRunsDefaultTest" assertions="1" time="0.001533"/>
          <testcase name="validRunIdRejectsInvalidIds with data set &quot;null&quot;" file="/home/wwwroot/erikwang2013/xhprof-webman/tests/Unit/Lib/XHProfRunsDefaultTest.php" line="126" class="ErikWang2013\Xhprof\Tests\Unit\Lib\XHProfRunsDefaultTest" classname="ErikWang2013.Xhprof.Tests.Unit.Lib.XHProfRunsDefaultTest" assertions="1" time="0.001543"/>
          <testcase name="validRunIdRejectsInvalidIds with data set &quot;integer&quot;" file="/home/wwwroot/erikwang2013/xhprof-webman/tests/Unit/Lib/XHProfRunsDefaultTest.php" line="126" class="ErikWang2013\Xhprof\Tests\Unit\Lib\XHProfRunsDefaultTest" classname="ErikWang2013.Xhprof.Tests.Unit.Lib.XHProfRunsDefaultTest" assertions="1" time="0.001600"/>
          <testcase name="validRunIdRejectsInvalidIds with data set &quot;leading space&quot;" file="/home/wwwroot/erikwang2013/xhprof-webman/tests/Unit/Lib/XHProfRunsDefaultTest.php" line="126" class="ErikWang2013\Xhprof\Tests\Unit\Lib\XHProfRunsDefaultTest" classname="ErikWang2013.Xhprof.Tests.Unit.Lib.XHProfRunsDefaultTest" assertions="1" time="0.001632"/>
        </testsuite>
        <testsuite name="ErikWang2013\Xhprof\Tests\Unit\Lib\XHProfRunsDefaultTest::validSourceAcceptsNames" tests="4" assertions="4" errors="0" failures="0" skipped="0" time="0.006276">
          <testcase name="validSourceAcceptsNames with data set &quot;underscore&quot;" file="/home/wwwroot/erikwang2013/xhprof-webman/tests/Unit/Lib/XHProfRunsDefaultTest.php" line="147" class="ErikWang2013\Xhprof\Tests\Unit\Lib\XHProfRunsDefaultTest" classname="ErikWang2013.Xhprof.Tests.Unit.Lib.XHProfRunsDefaultTest" assertions="1" time="0.001619"/>
          <testcase name="validSourceAcceptsNames with data set &quot;single char&quot;" file="/home/wwwroot/erikwang2013/xhprof-webman/tests/Unit/Lib/XHProfRunsDefaultTest.php" line="147" class="ErikWang2013\Xhprof\Tests\Unit\Lib\XHProfRunsDefaultTest" classname="ErikWang2013.Xhprof.Tests.Unit.Lib.XHProfRunsDefaultTest" assertions="1" time="0.001540"/>
          <testcase name="validSourceAcceptsNames with data set &quot;dash and dot&quot;" file="/home/wwwroot/erikwang2013/xhprof-webman/tests/Unit/Lib/XHProfRunsDefaultTest.php" line="147" class="ErikWang2013\Xhprof\Tests\Unit\Lib\XHProfRunsDefaultTest" classname="ErikWang2013.Xhprof.Tests.Unit.Lib.XHProfRunsDefaultTest" assertions="1" time="0.001645"/>
          <testcase name="validSourceAcceptsNames with data set &quot;64 chars&quot;" file="/home/wwwroot/erikwang2013/xhprof-webman/tests/Unit/Lib/XHProfRunsDefaultTest.php" line="147" class="ErikWang2013\Xhprof\Tests\Unit\Lib\XHProfRunsDefaultTest" classname="ErikWang2013.Xhprof.Tests.Unit.Lib.XHProfRunsDefaultTest" assertions="1" time="0.001472"/>
        </testsuite>
        <testsuite name="ErikWang2013\Xhprof\Tests\Unit\Lib\XHProfRunsDefaultTest::validSourceRejectsInvalidNames" tests="7" assertions="7" errors="0" failures="0" skipped="0" time="0.012761">
          <testcase name="validSourceRejectsInvalidNames with data set &quot;uppercase&quot;" file="/home/wwwroot/erikwang2013/xhprof-webman/tests/Unit/Lib/XHProfRunsDefaultTest.php" line="164" class="ErikWang2013\Xhprof\Tests\Unit\Lib\XHProfRunsDefaultTest" classname="ErikWang2013.Xhprof.Tests.Unit.Lib.XHProfRunsDefaultTest" assertions="1" time="0.001628"/>
          <testcase name="validSourceRejectsInvalidNames with data set &quot;empty string&quot;" file="/home/wwwroot/erikwang2013/xhprof-webman/tests/Unit/Lib/XHProfRunsDefaultTest.php" line="164" class="ErikWang2013\Xhprof\Tests\Unit\Lib\XHProfRunsDefaultTest" classname="ErikWang2013.Xhprof.Tests.Unit.Lib.XHProfRunsDefaultTest" assertions="1" time="0.001327"/>
          <testcase name="validSourceRejectsInvalidNames with data set &quot;65 chars&quot;" file="/home/wwwroot/erikwang2013/xhprof-webman/tests/Unit/Lib/XHProfRunsDefaultTest.php" line="164" class="ErikWang2013\Xhprof\Tests\Unit\Lib\XHProfRunsDefaultTest" classname="ErikWang2013.Xhprof.Tests.Unit.Lib.XHProfRunsDefaultTest" assertions="1" time="0.001779"/>
          <testcase name="validSourceRejectsInvalidNames with data set &quot;space&quot;" file="/home/wwwroot/erikwang2013/xhprof-webman/tests/Unit/Lib/XHProfRunsDefaultTest.php" line="164" class="ErikWang2013\Xhprof\Tests\Unit\Lib\XHProfRunsDefaultTest" classname="ErikWang2013.Xhprof.Tests.Unit.Lib.XHProfRunsDefaultTest" assertions="1" time="0.002435"/>
          <testcase name="validSourceRejectsInvalidNames with data set &quot;slash&quot;" file="/home/wwwroot/erikwang2013/xhprof-webman/tests/Unit/Lib/XHProfRunsDefaultTest.php" line="164" class="ErikWang2013\Xhprof\Tests\Unit\Lib\XHProfRunsDefaultTest" classname="ErikWang2013.Xhprof.Tests.Unit.Lib.XHProfRunsDefaultTest" assertions="1" time="0.001310"/>
          <testcase name="validSourceRejectsInvalidNames with data set &quot;null&quot;" file="/home/wwwroot/erikwang2013/xhprof-webman/tests/Unit/Lib/XHProfRunsDefaultTest.php" line="164" class="ErikWang2013\Xhprof\Tests\Unit\Lib\XHProfRunsDefaultTest" classname="ErikWang2013.Xhprof.Tests.Unit.Lib.XHProfRunsDefaultTest" assertions="1" time="0.002046"/>
          <testcase name="validSourceRejectsInvalidNames with data set &quot;integer&quot;" file="/home/wwwroot/erikwang2013/xhprof-webman/tests/Unit/Lib/XHProfRunsDefaultTest.php" line="164" class="ErikWang2013\Xhprof\Tests\Unit\Lib\XHProfRunsDefaultTest" classname="ErikWang2013.Xhprof.Tests.Unit.Lib.XHProfRunsDefaultTest" assertions="1" time="0.002236"/>
        </testsuite>
        <testcase name="getRunReturnsUnserializedData" file="/home/wwwroot/erikwang2013/xhprof-webman/tests/Unit/Lib/XHProfRunsDefaultTest.php" line="183" class="ErikWang2013\Xhprof\Tests\Unit\Lib\XHProfRunsDefaultTest" classname="ErikWang2013.Xhprof.Tests.Unit.Lib.XHProfRunsDefaultTest" assertions="2" time="0.001602"/>
        <testcase name="getRunRejectsInvalidRunIdWithoutTouchingCache" file="/home/wwwroot/erikwang2013/xhprof-webman/tests/Unit/Lib/XHProfRunsDefaultTest.php" line="194" class="ErikWang2013\Xhprof\Tests\Unit\Lib\XHProfRunsDefaultTest" classname="ErikWang2013.Xhprof.Tests.Unit.Lib.XHProfRunsDefaultTest" assertions="2" time="0.001527"/>
        <testcase name="getRunRejectsInvalidSource" file="/home/wwwroot/erikwang2013/xhprof-webman/tests/Unit/Lib/XHProfRunsDefaultTest.php" line="203" class="ErikWang2013\Xhprof\Tests\Unit\Lib\XHProfRunsDefaultTest" classname="ErikWang2013.Xhprof.Tests.Unit.Lib.XHProfRunsDefaultTest" assertions="1" time="0.001296"/>
        <testcase name="getRunWithMissingKeyReturnsFalse" file="/home/wwwroot/erikwang2013/xhprof-webman/tests/Unit/Lib/XHProfRunsDefaultTest.php" line="211" class="ErikWang2013\Xhprof\Tests\Unit\Lib\XHProfRunsDefaultTest" classname="ErikWang2013.Xhprof.Tests.Unit.Lib.XHProfRunsDefaultTest" assertions="1" time="0.001411"/>
        <testcase name="saveRunSkipsWhenUnderTimeLimit" file="/home/wwwroot/erikwang2013/xhprof-webman/tests/Unit/Lib/XHProfRunsDefaultTest.php" line="220" class="ErikWang2013\Xhprof\Tests\Unit\Lib\XHProfRunsDefaultTest" classname="ErikWang2013.Xhprof.Tests.Unit.Lib.XHProfRunsDefaultTest" assertions="2" time="0.001286"/>
        <testcase name="saveRunPersistsWhenAboveTimeLimit" file="/home/wwwroot/erikwang2013/xhprof-webman/tests/Unit/Lib/XHProfRunsDefaultTest.php" line="230" class="ErikWang2013\Xhprof\Tests\Unit\Lib\XHProfRunsDefaultTest" classname="ErikWang2013.Xhprof.Tests.Unit.Lib.XHProfRunsDefaultTest" assertions="1" time="0.002428"/>
        <testcase name="saveRunSkipsIgnoredUrl" file="/home/wwwroot/erikwang2013/xhprof-webman/tests/Unit/Lib/XHProfRunsDefaultTest.php" line="240" class="ErikWang2013\Xhprof\Tests\Unit\Lib\XHProfRunsDefaultTest" classname="ErikWang2013.Xhprof.Tests.Unit.Lib.XHProfRunsDefaultTest" assertions="2" time="0.001777"/>
        <testcase name="saveRunPersistsRunListAndLogs" file="/home/wwwroot/erikwang2013/xhprof-webman/tests/Unit/Lib/XHProfRunsDefaultTest.php" line="250" class="ErikWang2013\Xhprof\Tests\Unit\Lib\XHProfRunsDefaultTest" classname="ErikWang2013.Xhprof.Tests.Unit.Lib.XHProfRunsDefaultTest" assertions="10" time="0.002173"/>
        <testcase name="checkLogNumTrimsOldestRunWhenOverLimit" file="/home/wwwroot/erikwang2013/xhprof-webman/tests/Unit/Lib/XHProfRunsDefaultTest.php" line="284" class="ErikWang2013\Xhprof\Tests\Unit\Lib\XHProfRunsDefaultTest" classname="ErikWang2013.Xhprof.Tests.Unit.Lib.XHProfRunsDefaultTest" assertions="4" time="0.002058"/>
        <testcase name="listRunsRendersRowsWithEscapingAndWarnClass" file="/home/wwwroot/erikwang2013/xhprof-webman/tests/Unit/Lib/XHProfRunsDefaultTest.php" line="301" class="ErikWang2013\Xhprof\Tests\Unit\Lib\XHProfRunsDefaultTest" classname="ErikWang2013.Xhprof.Tests.Unit.Lib.XHProfRunsDefaultTest" assertions="8" time="0.001432"/>
        <testcase name="constructorUsesProvidedDirectory" file="/home/wwwroot/erikwang2013/xhprof-webman/tests/Unit/Lib/XHProfRunsDefaultTest.php" line="340" class="ErikWang2013\Xhprof\Tests\Unit\Lib\XHProfRunsDefaultTest" classname="ErikWang2013.Xhprof.Tests.Unit.Lib.XHProfRunsDefaultTest" assertions="1" time="0.001521"/>
        <testcase name="constructorFallsBackToTmpWhenIniUnset" file="/home/wwwroot/erikwang2013/xhprof-webman/tests/Unit/Lib/XHProfRunsDefaultTest.php" line="347" class="ErikWang2013\Xhprof\Tests\Unit\Lib\XHProfRunsDefaultTest" classname="ErikWang2013.Xhprof.Tests.Unit.Lib.XHProfRunsDefaultTest" assertions="1" time="0.001293"/>
      </testsuite>
      <testsuite name="ErikWang2013\Xhprof\Tests\Unit\Lib\XhprofDisplayTest" file="/home/wwwroot/erikwang2013/xhprof-webman/tests/Unit/Lib/XhprofDisplayTest.php" tests="32" assertions="89" errors="0" failures="0" skipped="0" time="0.090312">
        <testsuite name="ErikWang2013\Xhprof\Tests\Unit\Lib\XhprofDisplayTest::countFormatFormatsNumbers" tests="5" assertions="5" errors="0" failures="0" skipped="0" time="0.012152">
          <testcase name="countFormatFormatsNumbers with data set &quot;zero&quot;" file="/home/wwwroot/erikwang2013/xhprof-webman/tests/Unit/Lib/XhprofDisplayTest.php" line="138" class="ErikWang2013\Xhprof\Tests\Unit\Lib\XhprofDisplayTest" classname="ErikWang2013.Xhprof.Tests.Unit.Lib.XhprofDisplayTest" assertions="1" time="0.002373"/>
          <testcase name="countFormatFormatsNumbers with data set &quot;integer&quot;" file="/home/wwwroot/erikwang2013/xhprof-webman/tests/Unit/Lib/XhprofDisplayTest.php" line="138" class="ErikWang2013\Xhprof\Tests\Unit\Lib\XhprofDisplayTest" classname="ErikWang2013.Xhprof.Tests.Unit.Lib.XhprofDisplayTest" assertions="1" time="0.002414"/>
          <testcase name="countFormatFormatsNumbers with data set &quot;large integer&quot;" file="/home/wwwroot/erikwang2013/xhprof-webman/tests/Unit/Lib/XhprofDisplayTest.php" line="138" class="ErikWang2013\Xhprof\Tests\Unit\Lib\XhprofDisplayTest" classname="ErikWang2013.Xhprof.Tests.Unit.Lib.XhprofDisplayTest" assertions="1" time="0.002729"/>
          <testcase name="countFormatFormatsNumbers with data set &quot;fractional&quot;" file="/home/wwwroot/erikwang2013/xhprof-webman/tests/Unit/Lib/XhprofDisplayTest.php" line="138" class="ErikWang2013\Xhprof\Tests\Unit\Lib\XhprofDisplayTest" classname="ErikWang2013.Xhprof.Tests.Unit.Lib.XhprofDisplayTest" assertions="1" time="0.002433"/>
          <testcase name="countFormatFormatsNumbers with data set &quot;half fractional&quot;" file="/home/wwwroot/erikwang2013/xhprof-webman/tests/Unit/Lib/XhprofDisplayTest.php" line="138" class="ErikWang2013\Xhprof\Tests\Unit\Lib\XhprofDisplayTest" classname="ErikWang2013.Xhprof.Tests.Unit.Lib.XhprofDisplayTest" assertions="1" time="0.002202"/>
        </testsuite>
        <testcase name="percentFormat" file="/home/wwwroot/erikwang2013/xhprof-webman/tests/Unit/Lib/XhprofDisplayTest.php" line="155" class="ErikWang2013\Xhprof\Tests\Unit\Lib\XhprofDisplayTest" classname="ErikWang2013.Xhprof.Tests.Unit.Lib.XhprofDisplayTest" assertions="4" time="0.002083"/>
        <testcase name="pctComputesPercentage" file="/home/wwwroot/erikwang2013/xhprof-webman/tests/Unit/Lib/XhprofDisplayTest.php" line="164" class="ErikWang2013\Xhprof\Tests\Unit\Lib\XhprofDisplayTest" classname="ErikWang2013.Xhprof.Tests.Unit.Lib.XhprofDisplayTest" assertions="4" time="0.002275"/>
        <testcase name="getPrintClassAppliesDiffColors" file="/home/wwwroot/erikwang2013/xhprof-webman/tests/Unit/Lib/XhprofDisplayTest.php" line="174" class="ErikWang2013\Xhprof\Tests\Unit\Lib\XhprofDisplayTest" classname="ErikWang2013.Xhprof.Tests.Unit.Lib.XhprofDisplayTest" assertions="5" time="0.002170"/>
        <testcase name="printTdNumFormatsCell" file="/home/wwwroot/erikwang2013/xhprof-webman/tests/Unit/Lib/XhprofDisplayTest.php" line="185" class="ErikWang2013\Xhprof\Tests\Unit\Lib\XhprofDisplayTest" classname="ErikWang2013.Xhprof.Tests.Unit.Lib.XhprofDisplayTest" assertions="4" time="0.002086"/>
        <testcase name="printTdPctFormatsCell" file="/home/wwwroot/erikwang2013/xhprof-webman/tests/Unit/Lib/XhprofDisplayTest.php" line="194" class="ErikWang2013\Xhprof\Tests\Unit\Lib\XhprofDisplayTest" classname="ErikWang2013.Xhprof.Tests.Unit.Lib.XhprofDisplayTest" assertions="3" time="0.002071"/>
        <testcase name="statDescriptionSwitchesInDiffMode" file="/home/wwwroot/erikwang2013/xhprof-webman/tests/Unit/Lib/XhprofDisplayTest.php" line="202" class="ErikWang2013\Xhprof\Tests\Unit\Lib\XhprofDisplayTest" classname="ErikWang2013.Xhprof.Tests.Unit.Lib.XhprofDisplayTest" assertions="3" time="0.002090"/>
        <testcase name="sortCbkSortsByFnAlphabetically" file="/home/wwwroot/erikwang2013/xhprof-webman/tests/Unit/Lib/XhprofDisplayTest.php" line="211" class="ErikWang2013\Xhprof\Tests\Unit\Lib\XhprofDisplayTest" classname="ErikWang2013.Xhprof.Tests.Unit.Lib.XhprofDisplayTest" assertions="1" time="0.002276"/>
        <testcase name="sortCbkSortsByMetricDescending" file="/home/wwwroot/erikwang2013/xhprof-webman/tests/Unit/Lib/XhprofDisplayTest.php" line="220" class="ErikWang2013\Xhprof\Tests\Unit\Lib\XhprofDisplayTest" classname="ErikWang2013.Xhprof.Tests.Unit.Lib.XhprofDisplayTest" assertions="2" time="0.001945"/>
        <testcase name="sortCbkUsesAbsoluteValuesInDiffMode" file="/home/wwwroot/erikwang2013/xhprof-webman/tests/Unit/Lib/XhprofDisplayTest.php" line="230" class="ErikWang2013\Xhprof\Tests\Unit\Lib\XhprofDisplayTest" classname="ErikWang2013.Xhprof.Tests.Unit.Lib.XhprofDisplayTest" assertions="1" time="0.001917"/>
        <testcase name="includeJsCssRendersAssetLinks" file="/home/wwwroot/erikwang2013/xhprof-webman/tests/Unit/Lib/XhprofDisplayTest.php" line="240" class="ErikWang2013\Xhprof\Tests\Unit\Lib\XhprofDisplayTest" classname="ErikWang2013.Xhprof.Tests.Unit.Lib.XhprofDisplayTest" assertions="4" time="0.002353"/>
        <testcase name="includeJsCssFallsBackToRequestUrlDir" file="/home/wwwroot/erikwang2013/xhprof-webman/tests/Unit/Lib/XhprofDisplayTest.php" line="250" class="ErikWang2013\Xhprof\Tests\Unit\Lib\XhprofDisplayTest" classname="ErikWang2013.Xhprof.Tests.Unit.Lib.XhprofDisplayTest" assertions="1" time="0.001997"/>
        <testcase name="renderActionsRendersEmptyList" file="/home/wwwroot/erikwang2013/xhprof-webman/tests/Unit/Lib/XhprofDisplayTest.php" line="257" class="ErikWang2013\Xhprof\Tests\Unit\Lib\XhprofDisplayTest" classname="ErikWang2013.Xhprof.Tests.Unit.Lib.XhprofDisplayTest" assertions="1" time="0.002667"/>
        <testcase name="renderActionsWrapsItemsInList" file="/home/wwwroot/erikwang2013/xhprof-webman/tests/Unit/Lib/XhprofDisplayTest.php" line="263" class="ErikWang2013\Xhprof\Tests\Unit\Lib\XhprofDisplayTest" classname="ErikWang2013.Xhprof.Tests.Unit.Lib.XhprofDisplayTest" assertions="1" time="0.002379"/>
        <testcase name="renderLinkReturnsEmptyForEmptyContent" file="/home/wwwroot/erikwang2013/xhprof-webman/tests/Unit/Lib/XhprofDisplayTest.php" line="273" class="ErikWang2013\Xhprof\Tests\Unit\Lib\XhprofDisplayTest" classname="ErikWang2013.Xhprof.Tests.Unit.Lib.XhprofDisplayTest" assertions="1" time="0.002671"/>
        <testcase name="renderLinkBuildsAnchor" file="/home/wwwroot/erikwang2013/xhprof-webman/tests/Unit/Lib/XhprofDisplayTest.php" line="279" class="ErikWang2013\Xhprof\Tests\Unit\Lib\XhprofDisplayTest" classname="ErikWang2013.Xhprof.Tests.Unit.Lib.XhprofDisplayTest" assertions="1" time="0.003401"/>
        <testcase name="renderLinkBuildsSpanWithoutHref" file="/home/wwwroot/erikwang2013/xhprof-webman/tests/Unit/Lib/XhprofDisplayTest.php" line="289" class="ErikWang2013\Xhprof\Tests\Unit\Lib\XhprofDisplayTest" classname="ErikWang2013.Xhprof.Tests.Unit.Lib.XhprofDisplayTest" assertions="1" time="0.002396"/>
        <testcase name="renderLinkAddsClickHandlersOnlyWithHref" file="/home/wwwroot/erikwang2013/xhprof-webman/tests/Unit/Lib/XhprofDisplayTest.php" line="295" class="ErikWang2013\Xhprof\Tests\Unit\Lib\XhprofDisplayTest" classname="ErikWang2013.Xhprof.Tests.Unit.Lib.XhprofDisplayTest" assertions="4" time="0.002686"/>
        <testcase name="basePathFromRequestUri" file="/home/wwwroot/erikwang2013/xhprof-webman/tests/Unit/Lib/XhprofDisplayTest.php" line="306" class="ErikWang2013\Xhprof\Tests\Unit\Lib\XhprofDisplayTest" classname="ErikWang2013.Xhprof.Tests.Unit.Lib.XhprofDisplayTest" assertions="1" time="0.002533"/>
        <testcase name="showNavRendersBreadcrumbs" file="/home/wwwroot/erikwang2013/xhprof-webman/tests/Unit/Lib/XhprofDisplayTest.php" line="312" class="ErikWang2013\Xhprof\Tests\Unit\Lib\XhprofDisplayTest" classname="ErikWang2013.Xhprof.Tests.Unit.Lib.XhprofDisplayTest" assertions="4" time="0.002786"/>
        <testcase name="singleRunReportRendersFlatTable" file="/home/wwwroot/erikwang2013/xhprof-webman/tests/Unit/Lib/XhprofDisplayTest.php" line="326" class="ErikWang2013\Xhprof\Tests\Unit\Lib\XhprofDisplayTest" classname="ErikWang2013.Xhprof.Tests.Unit.Lib.XhprofDisplayTest" assertions="11" time="0.004281"/>
        <testcase name="symbolReportRendersParentChildSections" file="/home/wwwroot/erikwang2013/xhprof-webman/tests/Unit/Lib/XhprofDisplayTest.php" line="363" class="ErikWang2013\Xhprof\Tests\Unit\Lib\XhprofDisplayTest" classname="ErikWang2013.Xhprof.Tests.Unit.Lib.XhprofDisplayTest" assertions="6" time="0.004874"/>
        <testcase name="diffReportRendersDiffSummary" file="/home/wwwroot/erikwang2013/xhprof-webman/tests/Unit/Lib/XhprofDisplayTest.php" line="387" class="ErikWang2013\Xhprof\Tests\Unit\Lib\XhprofDisplayTest" classname="ErikWang2013.Xhprof.Tests.Unit.Lib.XhprofDisplayTest" assertions="6" time="0.005334"/>
        <testcase name="printFlatDataHonorsLimit" file="/home/wwwroot/erikwang2013/xhprof-webman/tests/Unit/Lib/XhprofDisplayTest.php" line="432" class="ErikWang2013\Xhprof\Tests\Unit\Lib\XhprofDisplayTest" classname="ErikWang2013.Xhprof.Tests.Unit.Lib.XhprofDisplayTest" assertions="6" time="0.003337"/>
        <testcase name="getTooltipAttributes" file="/home/wwwroot/erikwang2013/xhprof-webman/tests/Unit/Lib/XhprofDisplayTest.php" line="459" class="ErikWang2013\Xhprof\Tests\Unit\Lib\XhprofDisplayTest" classname="ErikWang2013.Xhprof.Tests.Unit.Lib.XhprofDisplayTest" assertions="1" time="0.002246"/>
        <testcase name="printSourceLink" file="/home/wwwroot/erikwang2013/xhprof-webman/tests/Unit/Lib/XhprofDisplayTest.php" line="465" class="ErikWang2013\Xhprof\Tests\Unit\Lib\XhprofDisplayTest" classname="ErikWang2013.Xhprof.Tests.Unit.Lib.XhprofDisplayTest" assertions="3" time="0.002436"/>
        <testcase name="displayXHProfReportShowsRunListWhenNoRunGiven" file="/home/wwwroot/erikwang2013/xhprof-webman/tests/Unit/Lib/XhprofDisplayTest.php" line="474" class="ErikWang2013\Xhprof\Tests\Unit\Lib\XhprofDisplayTest" classname="ErikWang2013.Xhprof.Tests.Unit.Lib.XhprofDisplayTest" assertions="3" time="0.003551"/>
        <testcase name="displayXHProfReportRendersSingleRun" file="/home/wwwroot/erikwang2013/xhprof-webman/tests/Unit/Lib/XhprofDisplayTest.php" line="503" class="ErikWang2013\Xhprof\Tests\Unit\Lib\XhprofDisplayTest" classname="ErikWang2013.Xhprof.Tests.Unit.Lib.XhprofDisplayTest" assertions="2" time="0.007318"/>
      </testsuite>
      <testsuite name="ErikWang2013\Xhprof\Tests\Unit\Lib\XhprofLibTest" file="/home/wwwroot/erikwang2013/xhprof-webman/tests/Unit/Lib/XhprofLibTest.php" tests="63" assertions="123" errors="0" failures="0" skipped="0" time="0.732456">
        <testcase name="possibleMetricsContainsSevenKnownMetrics" file="/home/wwwroot/erikwang2013/xhprof-webman/tests/Unit/Lib/XhprofLibTest.php" line="90" class="ErikWang2013\Xhprof\Tests\Unit\Lib\XhprofLibTest" classname="ErikWang2013.Xhprof.Tests.Unit.Lib.XhprofLibTest" assertions="5" time="0.001819"/>
        <testcase name="getMetricsReturnsOnlyPresentMetrics" file="/home/wwwroot/erikwang2013/xhprof-webman/tests/Unit/Lib/XhprofLibTest.php" line="101" class="ErikWang2013\Xhprof\Tests\Unit\Lib\XhprofLibTest" classname="ErikWang2013.Xhprof.Tests.Unit.Lib.XhprofLibTest" assertions="2" time="0.002084"/>
        <testcase name="initMetricsSetsDisplayState" file="/home/wwwroot/erikwang2013/xhprof-webman/tests/Unit/Lib/XhprofLibTest.php" line="109" class="ErikWang2013\Xhprof\Tests\Unit\Lib\XhprofLibTest" classname="ErikWang2013.Xhprof.Tests.Unit.Lib.XhprofLibTest" assertions="6" time="0.001743"/>
        <testcase name="initMetricsWithValidSortOverridesSortCol" file="/home/wwwroot/erikwang2013/xhprof-webman/tests/Unit/Lib/XhprofLibTest.php" line="126" class="ErikWang2013\Xhprof\Tests\Unit\Lib\XhprofLibTest" classname="ErikWang2013.Xhprof.Tests.Unit.Lib.XhprofLibTest" assertions="1" time="0.004778"/>
        <testcase name="initMetricsWithInvalidSortLogsErrorAndKeepsDefault" file="/home/wwwroot/erikwang2013/xhprof-webman/tests/Unit/Lib/XhprofLibTest.php" line="133" class="ErikWang2013\Xhprof\Tests\Unit\Lib\XhprofLibTest" classname="ErikWang2013.Xhprof.Tests.Unit.Lib.XhprofLibTest" assertions="2" time="0.003591"/>
        <testcase name="initMetricsWithoutWtFallsBackToSamplesAndHidesCalls" file="/home/wwwroot/erikwang2013/xhprof-webman/tests/Unit/Lib/XhprofLibTest.php" line="141" class="ErikWang2013\Xhprof\Tests\Unit\Lib\XhprofLibTest" classname="ErikWang2013.Xhprof.Tests.Unit.Lib.XhprofLibTest" assertions="3" time="0.001919"/>
        <testcase name="initMetricsWithRepSymbolStripsExclPrefixFromSortCol" file="/home/wwwroot/erikwang2013/xhprof-webman/tests/Unit/Lib/XhprofLibTest.php" line="154" class="ErikWang2013\Xhprof\Tests\Unit\Lib\XhprofLibTest" classname="ErikWang2013.Xhprof.Tests.Unit.Lib.XhprofLibTest" assertions="1" time="0.001621"/>
        <testsuite name="ErikWang2013\Xhprof\Tests\Unit\Lib\XhprofLibTest::parseParentChild" tests="3" assertions="6" errors="0" failures="0" skipped="0" time="0.006062">
          <testcase name="parseParentChild with data set &quot;parent and child&quot;" file="/home/wwwroot/erikwang2013/xhprof-webman/tests/Unit/Lib/XhprofLibTest.php" line="162" class="ErikWang2013\Xhprof\Tests\Unit\Lib\XhprofLibTest" classname="ErikWang2013.Xhprof.Tests.Unit.Lib.XhprofLibTest" assertions="2" time="0.002902"/>
          <testcase name="parseParentChild with data set &quot;no parent&quot;" file="/home/wwwroot/erikwang2013/xhprof-webman/tests/Unit/Lib/XhprofLibTest.php" line="162" class="ErikWang2013\Xhprof\Tests\Unit\Lib\XhprofLibTest" classname="ErikWang2013.Xhprof.Tests.Unit.Lib.XhprofLibTest" assertions="2" time="0.001628"/>
          <testcase name="parseParentChild with data set &quot;empty segment&quot;" file="/home/wwwroot/erikwang2013/xhprof-webman/tests/Unit/Lib/XhprofLibTest.php" line="162" class="ErikWang2013\Xhprof\Tests\Unit\Lib\XhprofLibTest" classname="ErikWang2013.Xhprof.Tests.Unit.Lib.XhprofLibTest" assertions="2" time="0.001532"/>
        </testsuite>
        <testcase name="buildParentChildKey" file="/home/wwwroot/erikwang2013/xhprof-webman/tests/Unit/Lib/XhprofLibTest.php" line="179" class="ErikWang2013\Xhprof\Tests\Unit\Lib\XhprofLibTest" classname="ErikWang2013.Xhprof.Tests.Unit.Lib.XhprofLibTest" assertions="3" time="0.004456"/>
        <testcase name="validRunAcceptsWallTimeData" file="/home/wwwroot/erikwang2013/xhprof-webman/tests/Unit/Lib/XhprofLibTest.php" line="187" class="ErikWang2013\Xhprof\Tests\Unit\Lib\XhprofLibTest" classname="ErikWang2013.Xhprof.Tests.Unit.Lib.XhprofLibTest" assertions="1" time="0.013608"/>
        <testcase name="validRunAcceptsSamplesData" file="/home/wwwroot/erikwang2013/xhprof-webman/tests/Unit/Lib/XhprofLibTest.php" line="194" class="ErikWang2013\Xhprof\Tests\Unit\Lib\XhprofLibTest" classname="ErikWang2013.Xhprof.Tests.Unit.Lib.XhprofLibTest" assertions="1" time="0.001513"/>
        <testcase name="validRunRejectsMissingMain" file="/home/wwwroot/erikwang2013/xhprof-webman/tests/Unit/Lib/XhprofLibTest.php" line="201" class="ErikWang2013\Xhprof\Tests\Unit\Lib\XhprofLibTest" classname="ErikWang2013.Xhprof.Tests.Unit.Lib.XhprofLibTest" assertions="2" time="0.014916"/>
        <testcase name="validRunRejectsMissingWallTime" file="/home/wwwroot/erikwang2013/xhprof-webman/tests/Unit/Lib/XhprofLibTest.php" line="211" class="ErikWang2013\Xhprof\Tests\Unit\Lib\XhprofLibTest" classname="ErikWang2013.Xhprof.Tests.Unit.Lib.XhprofLibTest" assertions="2" time="0.008805"/>
        <testcase name="validRunRejectsNegativeMetric" file="/home/wwwroot/erikwang2013/xhprof-webman/tests/Unit/Lib/XhprofLibTest.php" line="221" class="ErikWang2013\Xhprof\Tests\Unit\Lib\XhprofLibTest" classname="ErikWang2013.Xhprof.Tests.Unit.Lib.XhprofLibTest" assertions="2" time="0.001642"/>
        <testcase name="validRunRejectsMetricOverOneDay" file="/home/wwwroot/erikwang2013/xhprof-webman/tests/Unit/Lib/XhprofLibTest.php" line="229" class="ErikWang2013\Xhprof\Tests\Unit\Lib\XhprofLibTest" classname="ErikWang2013.Xhprof.Tests.Unit.Lib.XhprofLibTest" assertions="2" time="0.001625"/>
        <testcase name="trimRunKeepsOnlyMatchingFunctionsAndMain" file="/home/wwwroot/erikwang2013/xhprof-webman/tests/Unit/Lib/XhprofLibTest.php" line="237" class="ErikWang2013\Xhprof\Tests\Unit\Lib\XhprofLibTest" classname="ErikWang2013.Xhprof.Tests.Unit.Lib.XhprofLibTest" assertions="6" time="0.015092"/>
        <testcase name="normalizeMetricsDividesByRunCount" file="/home/wwwroot/erikwang2013/xhprof-webman/tests/Unit/Lib/XhprofLibTest.php" line="257" class="ErikWang2013\Xhprof\Tests\Unit\Lib\XhprofLibTest" classname="ErikWang2013.Xhprof.Tests.Unit.Lib.XhprofLibTest" assertions="2" time="0.021601"/>
        <testcase name="normalizeMetricsSkipsZeroRunCount" file="/home/wwwroot/erikwang2013/xhprof-webman/tests/Unit/Lib/XhprofLibTest.php" line="266" class="ErikWang2013\Xhprof\Tests\Unit\Lib\XhprofLibTest" classname="ErikWang2013.Xhprof.Tests.Unit.Lib.XhprofLibTest" assertions="1" time="0.001486"/>
        <testcase name="normalizeMetricsHandlesEmptyData" file="/home/wwwroot/erikwang2013/xhprof-webman/tests/Unit/Lib/XhprofLibTest.php" line="273" class="ErikWang2013\Xhprof\Tests\Unit\Lib\XhprofLibTest" classname="ErikWang2013.Xhprof.Tests.Unit.Lib.XhprofLibTest" assertions="1" time="0.001492"/>
        <testcase name="aggregateRunsRejectsEmptyRuns" file="/home/wwwroot/erikwang2013/xhprof-webman/tests/Unit/Lib/XhprofLibTest.php" line="279" class="ErikWang2013\Xhprof\Tests\Unit\Lib\XhprofLibTest" classname="ErikWang2013.Xhprof.Tests.Unit.Lib.XhprofLibTest" assertions="2" time="0.013641"/>
        <testcase name="aggregateRunsRejectsWeightCountMismatch" file="/home/wwwroot/erikwang2013/xhprof-webman/tests/Unit/Lib/XhprofLibTest.php" line="287" class="ErikWang2013\Xhprof\Tests\Unit\Lib\XhprofLibTest" classname="ErikWang2013.Xhprof.Tests.Unit.Lib.XhprofLibTest" assertions="1" time="0.001542"/>
        <testcase name="aggregateRunsWeightsAndNormalizes" file="/home/wwwroot/erikwang2013/xhprof-webman/tests/Unit/Lib/XhprofLibTest.php" line="294" class="ErikWang2013\Xhprof\Tests\Unit\Lib\XhprofLibTest" classname="ErikWang2013.Xhprof.Tests.Unit.Lib.XhprofLibTest" assertions="5" time="0.011593"/>
        <testcase name="aggregateRunsRecordsBadRuns" file="/home/wwwroot/erikwang2013/xhprof-webman/tests/Unit/Lib/XhprofLibTest.php" line="321" class="ErikWang2013\Xhprof\Tests\Unit\Lib\XhprofLibTest" classname="ErikWang2013.Xhprof.Tests.Unit.Lib.XhprofLibTest" assertions="3" time="0.001710"/>
        <testcase name="aggregateRunsWithUseScriptNameRewritesEdges" file="/home/wwwroot/erikwang2013/xhprof-webman/tests/Unit/Lib/XhprofLibTest.php" line="335" class="ErikWang2013\Xhprof\Tests\Unit\Lib\XhprofLibTest" classname="ErikWang2013.Xhprof.Tests.Unit.Lib.XhprofLibTest" assertions="3" time="0.001704"/>
        <testcase name="computeFlatInfoComputesExclusiveTimes" file="/home/wwwroot/erikwang2013/xhprof-webman/tests/Unit/Lib/XhprofLibTest.php" line="350" class="ErikWang2013\Xhprof\Tests\Unit\Lib\XhprofLibTest" classname="ErikWang2013.Xhprof.Tests.Unit.Lib.XhprofLibTest" assertions="6" time="0.030844"/>
        <testcase name="computeDiffSubtractsRun1FromRun2" file="/home/wwwroot/erikwang2013/xhprof-webman/tests/Unit/Lib/XhprofLibTest.php" line="368" class="ErikWang2013\Xhprof\Tests\Unit\Lib\XhprofLibTest" classname="ErikWang2013.Xhprof.Tests.Unit.Lib.XhprofLibTest" assertions="3" time="0.001377"/>
        <testcase name="computeInclusiveTimesSumsAcrossEdges" file="/home/wwwroot/erikwang2013/xhprof-webman/tests/Unit/Lib/XhprofLibTest.php" line="387" class="ErikWang2013\Xhprof\Tests\Unit\Lib\XhprofLibTest" classname="ErikWang2013.Xhprof.Tests.Unit.Lib.XhprofLibTest" assertions="5" time="0.038623"/>
        <testcase name="computeInclusiveTimesRejectsParentEqualsChild" file="/home/wwwroot/erikwang2013/xhprof-webman/tests/Unit/Lib/XhprofLibTest.php" line="405" class="ErikWang2013\Xhprof\Tests\Unit\Lib\XhprofLibTest" classname="ErikWang2013.Xhprof.Tests.Unit.Lib.XhprofLibTest" assertions="2" time="0.001608"/>
        <testcase name="pruneRunDropsEdgesBelowThresholdAndReparents" file="/home/wwwroot/erikwang2013/xhprof-webman/tests/Unit/Lib/XhprofLibTest.php" line="413" class="ErikWang2013\Xhprof\Tests\Unit\Lib\XhprofLibTest" classname="ErikWang2013.Xhprof.Tests.Unit.Lib.XhprofLibTest" assertions="5" time="0.032956"/>
        <testcase name="pruneRunRejectsMissingMain" file="/home/wwwroot/erikwang2013/xhprof-webman/tests/Unit/Lib/XhprofLibTest.php" line="431" class="ErikWang2013\Xhprof\Tests\Unit\Lib\XhprofLibTest" classname="ErikWang2013.Xhprof.Tests.Unit.Lib.XhprofLibTest" assertions="2" time="0.029603"/>
        <testcase name="arraySetAndUnset" file="/home/wwwroot/erikwang2013/xhprof-webman/tests/Unit/Lib/XhprofLibTest.php" line="441" class="ErikWang2013\Xhprof\Tests\Unit\Lib\XhprofLibTest" classname="ErikWang2013.Xhprof.Tests.Unit.Lib.XhprofLibTest" assertions="2" time="0.069531"/>
        <testcase name="getUintParamAcceptsDigits" file="/home/wwwroot/erikwang2013/xhprof-webman/tests/Unit/Lib/XhprofLibTest.php" line="450" class="ErikWang2013\Xhprof\Tests\Unit\Lib\XhprofLibTest" classname="ErikWang2013.Xhprof.Tests.Unit.Lib.XhprofLibTest" assertions="1" time="0.003664"/>
        <testcase name="getUintParamTrimsWhitespace" file="/home/wwwroot/erikwang2013/xhprof-webman/tests/Unit/Lib/XhprofLibTest.php" line="458" class="ErikWang2013\Xhprof\Tests\Unit\Lib\XhprofLibTest" classname="ErikWang2013.Xhprof.Tests.Unit.Lib.XhprofLibTest" assertions="1" time="0.037819"/>
        <testcase name="getUintParamRejectsNonDigits" file="/home/wwwroot/erikwang2013/xhprof-webman/tests/Unit/Lib/XhprofLibTest.php" line="466" class="ErikWang2013\Xhprof\Tests\Unit\Lib\XhprofLibTest" classname="ErikWang2013.Xhprof.Tests.Unit.Lib.XhprofLibTest" assertions="2" time="0.055733"/>
        <testcase name="getUintParamReturnsDefaultWhenMissing" file="/home/wwwroot/erikwang2013/xhprof-webman/tests/Unit/Lib/XhprofLibTest.php" line="475" class="ErikWang2013\Xhprof\Tests\Unit\Lib\XhprofLibTest" classname="ErikWang2013.Xhprof.Tests.Unit.Lib.XhprofLibTest" assertions="1" time="0.007415"/>
        <testcase name="getFloatParamCastsToFloat" file="/home/wwwroot/erikwang2013/xhprof-webman/tests/Unit/Lib/XhprofLibTest.php" line="482" class="ErikWang2013\Xhprof\Tests\Unit\Lib\XhprofLibTest" classname="ErikWang2013.Xhprof.Tests.Unit.Lib.XhprofLibTest" assertions="1" time="0.010753"/>
        <testcase name="getFloatParamReturnsDefaultWhenMissing" file="/home/wwwroot/erikwang2013/xhprof-webman/tests/Unit/Lib/XhprofLibTest.php" line="490" class="ErikWang2013\Xhprof\Tests\Unit\Lib\XhprofLibTest" classname="ErikWang2013.Xhprof.Tests.Unit.Lib.XhprofLibTest" assertions="1" time="0.011739"/>
        <testsuite name="ErikWang2013\Xhprof\Tests\Unit\Lib\XhprofLibTest::getBoolParamParsesValidValues" tests="9" assertions="9" errors="0" failures="0" skipped="0" time="0.224100">
          <testcase name="getBoolParamParsesValidValues with data set &quot;true&quot;" file="/home/wwwroot/erikwang2013/xhprof-webman/tests/Unit/Lib/XhprofLibTest.php" line="498" class="ErikWang2013\Xhprof\Tests\Unit\Lib\XhprofLibTest" classname="ErikWang2013.Xhprof.Tests.Unit.Lib.XhprofLibTest" assertions="1" time="0.001609"/>
          <testcase name="getBoolParamParsesValidValues with data set &quot;on&quot;" file="/home/wwwroot/erikwang2013/xhprof-webman/tests/Unit/Lib/XhprofLibTest.php" line="498" class="ErikWang2013\Xhprof\Tests\Unit\Lib\XhprofLibTest" classname="ErikWang2013.Xhprof.Tests.Unit.Lib.XhprofLibTest" assertions="1" time="0.073103"/>
          <testcase name="getBoolParamParsesValidValues with data set &quot;yes&quot;" file="/home/wwwroot/erikwang2013/xhprof-webman/tests/Unit/Lib/XhprofLibTest.php" line="498" class="ErikWang2013\Xhprof\Tests\Unit\Lib\XhprofLibTest" classname="ErikWang2013.Xhprof.Tests.Unit.Lib.XhprofLibTest" assertions="1" time="0.001696"/>
          <testcase name="getBoolParamParsesValidValues with data set #0" file="/home/wwwroot/erikwang2013/xhprof-webman/tests/Unit/Lib/XhprofLibTest.php" line="498" class="ErikWang2013\Xhprof\Tests\Unit\Lib\XhprofLibTest" classname="ErikWang2013.Xhprof.Tests.Unit.Lib.XhprofLibTest" assertions="1" time="0.006198"/>
          <testcase name="getBoolParamParsesValidValues with data set &quot;false&quot;" file="/home/wwwroot/erikwang2013/xhprof-webman/tests/Unit/Lib/XhprofLibTest.php" line="498" class="ErikWang2013\Xhprof\Tests\Unit\Lib\XhprofLibTest" classname="ErikWang2013.Xhprof.Tests.Unit.Lib.XhprofLibTest" assertions="1" time="0.020719"/>
          <testcase name="getBoolParamParsesValidValues with data set &quot;off&quot;" file="/home/wwwroot/erikwang2013/xhprof-webman/tests/Unit/Lib/XhprofLibTest.php" line="498" class="ErikWang2013\Xhprof\Tests\Unit\Lib\XhprofLibTest" classname="ErikWang2013.Xhprof.Tests.Unit.Lib.XhprofLibTest" assertions="1" time="0.001623"/>
          <testcase name="getBoolParamParsesValidValues with data set &quot;no&quot;" file="/home/wwwroot/erikwang2013/xhprof-webman/tests/Unit/Lib/XhprofLibTest.php" line="498" class="ErikWang2013\Xhprof\Tests\Unit\Lib\XhprofLibTest" classname="ErikWang2013.Xhprof.Tests.Unit.Lib.XhprofLibTest" assertions="1" time="0.004430"/>
          <testcase name="getBoolParamParsesValidValues with data set #1" file="/home/wwwroot/erikwang2013/xhprof-webman/tests/Unit/Lib/XhprofLibTest.php" line="498" class="ErikWang2013\Xhprof\Tests\Unit\Lib\XhprofLibTest" classname="ErikWang2013.Xhprof.Tests.Unit.Lib.XhprofLibTest" assertions="1" time="0.113168"/>
          <testcase name="getBoolParamParsesValidValues with data set &quot;uppercase&quot;" file="/home/wwwroot/erikwang2013/xhprof-webman/tests/Unit/Lib/XhprofLibTest.php" line="498" class="ErikWang2013\Xhprof\Tests\Unit\Lib\XhprofLibTest" classname="ErikWang2013.Xhprof.Tests.Unit.Lib.XhprofLibTest" assertions="1" time="0.001554"/>
        </testsuite>
        <testcase name="getBoolParamRejectsInvalidValue" file="/home/wwwroot/erikwang2013/xhprof-webman/tests/Unit/Lib/XhprofLibTest.php" line="521" class="ErikWang2013\Xhprof\Tests\Unit\Lib\XhprofLibTest" classname="ErikWang2013.Xhprof.Tests.Unit.Lib.XhprofLibTest" assertions="2" time="0.001954"/>
        <testcase name="getBoolParamReturnsDefaultWhenMissing" file="/home/wwwroot/erikwang2013/xhprof-webman/tests/Unit/Lib/XhprofLibTest.php" line="530" class="ErikWang2013\Xhprof\Tests\Unit\Lib\XhprofLibTest" classname="ErikWang2013.Xhprof.Tests.Unit.Lib.XhprofLibTest" assertions="1" time="0.004232"/>
        <testcase name="getStringParamReturnsDefaultWhenMissing" file="/home/wwwroot/erikwang2013/xhprof-webman/tests/Unit/Lib/XhprofLibTest.php" line="537" class="ErikWang2013\Xhprof\Tests\Unit\Lib\XhprofLibTest" classname="ErikWang2013.Xhprof.Tests.Unit.Lib.XhprofLibTest" assertions="1" time="0.002110"/>
        <testcase name="getStringParamReturnsValueWhenPresent" file="/home/wwwroot/erikwang2013/xhprof-webman/tests/Unit/Lib/XhprofLibTest.php" line="543" class="ErikWang2013\Xhprof\Tests\Unit\Lib\XhprofLibTest" classname="ErikWang2013.Xhprof.Tests.Unit.Lib.XhprofLibTest" assertions="1" time="0.001484"/>
        <testcase name="getMatchingFunctionsFindsSubstringCaseInsensitive" file="/home/wwwroot/erikwang2013/xhprof-webman/tests/Unit/Lib/XhprofLibTest.php" line="551" class="ErikWang2013\Xhprof\Tests\Unit\Lib\XhprofLibTest" classname="ErikWang2013.Xhprof.Tests.Unit.Lib.XhprofLibTest" assertions="2" time="0.001849"/>
        <testcase name="getMatchingFunctionsSkipsBareMainKey" file="/home/wwwroot/erikwang2013/xhprof-webman/tests/Unit/Lib/XhprofLibTest.php" line="567" class="ErikWang2013\Xhprof\Tests\Unit\Lib\XhprofLibTest" classname="ErikWang2013.Xhprof.Tests.Unit.Lib.XhprofLibTest" assertions="1" time="0.002586"/>
        <testcase name="isIgnoreMatchesConfiguredUrl" file="/home/wwwroot/erikwang2013/xhprof-webman/tests/Unit/Lib/XhprofLibTest.php" line="577" class="ErikWang2013\Xhprof\Tests\Unit\Lib\XhprofLibTest" classname="ErikWang2013.Xhprof.Tests.Unit.Lib.XhprofLibTest" assertions="1" time="0.002131"/>
        <testcase name="isIgnoreReturnsTrueWhenNoMatch" file="/home/wwwroot/erikwang2013/xhprof-webman/tests/Unit/Lib/XhprofLibTest.php" line="586" class="ErikWang2013\Xhprof\Tests\Unit\Lib\XhprofLibTest" classname="ErikWang2013.Xhprof.Tests.Unit.Lib.XhprofLibTest" assertions="1" time="0.001680"/>
        <testcase name="isIgnoreMatchesCaseInsensitive" file="/home/wwwroot/erikwang2013/xhprof-webman/tests/Unit/Lib/XhprofLibTest.php" line="595" class="ErikWang2013\Xhprof\Tests\Unit\Lib\XhprofLibTest" classname="ErikWang2013.Xhprof.Tests.Unit.Lib.XhprofLibTest" assertions="1" time="0.001717"/>
        <testcase name="isIgnoreReturnsFalseForEmptyUri" file="/home/wwwroot/erikwang2013/xhprof-webman/tests/Unit/Lib/XhprofLibTest.php" line="604" class="ErikWang2013\Xhprof\Tests\Unit\Lib\XhprofLibTest" classname="ErikWang2013.Xhprof.Tests.Unit.Lib.XhprofLibTest" assertions="1" time="0.001601"/>
        <testcase name="isIgnoreReturnsTrueWhenConfigNotArray" file="/home/wwwroot/erikwang2013/xhprof-webman/tests/Unit/Lib/XhprofLibTest.php" line="613" class="ErikWang2013\Xhprof\Tests\Unit\Lib\XhprofLibTest" classname="ErikWang2013.Xhprof.Tests.Unit.Lib.XhprofLibTest" assertions="1" time="0.001890"/>
        <testcase name="getRequestLogDecodesStoredJson" file="/home/wwwroot/erikwang2013/xhprof-webman/tests/Unit/Lib/XhprofLibTest.php" line="620" class="ErikWang2013\Xhprof\Tests\Unit\Lib\XhprofLibTest" classname="ErikWang2013.Xhprof.Tests.Unit.Lib.XhprofLibTest" assertions="2" time="0.001632"/>
        <testcase name="getRequestLogReturnsFalseWhenMissing" file="/home/wwwroot/erikwang2013/xhprof-webman/tests/Unit/Lib/XhprofLibTest.php" line="629" class="ErikWang2013\Xhprof\Tests\Unit\Lib\XhprofLibTest" classname="ErikWang2013.Xhprof.Tests.Unit.Lib.XhprofLibTest" assertions="1" time="0.001894"/>
        <testcase name="getRequestLogReturnsNullOnInvalidJson" file="/home/wwwroot/erikwang2013/xhprof-webman/tests/Unit/Lib/XhprofLibTest.php" line="635" class="ErikWang2013\Xhprof\Tests\Unit\Lib\XhprofLibTest" classname="ErikWang2013.Xhprof.Tests.Unit.Lib.XhprofLibTest" assertions="1" time="0.008046"/>
        <testcase name="xhprofErrorLogsViaLogger" file="/home/wwwroot/erikwang2013/xhprof-webman/tests/Unit/Lib/XhprofLibTest.php" line="643" class="ErikWang2013\Xhprof\Tests\Unit\Lib\XhprofLibTest" classname="ErikWang2013.Xhprof.Tests.Unit.Lib.XhprofLibTest" assertions="2" time="0.001842"/>
      </testsuite>
    </testsuite>
  </testsuite>
</testsuites>
